<?xml version="1.0" encoding="UTF-8"?>
<!-- Generated by org.testng.reporters.JUnitXMLReporter -->
<testsuite ignored="0" hostname="DESKTOP-2IFVM62" failures="3" tests="30" name="RegressionTest" time="261.991" errors="0" timestamp="2022-08-27T09:17:27 PDT">
  <testcase classname="com.obsqura.scripts.TestClass" name="verify_invalidLogin_using_dataprovider" time="5.227"/>
  <testcase classname="com.obsqura.scripts.TestClass" name="verifyLogin_with_incorrectUsername_and_incorrectpassword" time="91.157"/>
  <testcase classname="com.obsqura.scripts.TestClass" name="verifyLogin_with_no_username_and_password" time="2.165"/>
  <testcase classname="com.obsqura.scripts.TestClass" name="verifyResetitButton" time="1.837"/>
  <testcase classname="com.obsqura.scripts.TestClass" name="verifyResetPassword_WithInvalidEmailId" time="2.09"/>
  <testcase classname="com.obsqura.scripts.TestClass" name="verifyEmailId_inResetPassword" time="2.245"/>
  <testcase classname="com.obsqura.scripts.TestClass" name="verify_Login_with_correctUsername_and_password" time="2.767"/>
  <testcase classname="com.obsqura.scripts.TestClass" name="verifyDashBoardButton" time="6.411"/>
  <testcase classname="com.obsqura.scripts.TestClass" name="verifyCompanyButton" time="0.893"/>
  <testcase classname="com.obsqura.scripts.TestClass" name="verifyClientsButton" time="11.248"/>
  <testcase classname="com.obsqura.scripts.TestClass" name="verifyWorkersButton" time="1.346"/>
  <testcase classname="com.obsqura.scripts.TestClass" name="verifyDeductionButton" time="1.806"/>
  <testcase classname="com.obsqura.scripts.TestClass" name="verifyTimeSheetButton" time="1.324"/>
  <testcase classname="com.obsqura.scripts.TestClass" name="verifyPayslipButton" time="1.35"/>
  <testcase classname="com.obsqura.scripts.TestClass" name="verifyInvoiceButton" time="1.815"/>
  <testcase classname="com.obsqura.scripts.TestClass" name="verifyReportButton" time="11.427"/>
  <testcase classname="com.obsqura.scripts.TestClass" name="verifySettingsButton" time="1.18"/>
  <testcase classname="com.obsqura.scripts.TestClass" name="verifyCarolThomasButton" time="1.179"/>
  <testcase classname="com.obsqura.scripts.TestClass" name="verifyViewProfile_inCarolThomasButton" time="2.187"/>
  <testcase classname="com.obsqura.scripts.TestClass" name="verifyLogout_inCarolThomasButton" time="0.044">
    <failure type="java.lang.NullPointerException" message="Cannot invoke &amp;quot;com.obsqura.utility.PageUtility.implicitWait()&amp;quot; because &amp;quot;this.obj2&amp;quot; is null">
      <![CDATA[java.lang.NullPointerException: Cannot invoke "com.obsqura.utility.PageUtility.implicitWait()" because "this.obj2" is null
at com.obsqura.scripts.TestClass.verifyLogout_inCarolThomasButton(TestClass.java:228)
at java.base/java.util.ArrayList.forEach(ArrayList.java:1511)
at java.base/java.util.concurrent.FutureTask.run(FutureTask.java:264)
at java.base/java.util.concurrent.ThreadPoolExecutor.runWorker(ThreadPoolExecutor.java:1136)
at java.base/java.util.concurrent.ThreadPoolExecutor$Worker.run(ThreadPoolExecutor.java:635)
at java.base/java.lang.Thread.run(Thread.java:833)
... Removed 17 stack frames]]>
    </failure>
  </testcase> <!-- verifyLogout_inCarolThomasButton -->
  <testcase classname="com.obsqura.scripts.TestClass" name="verify_searchbutton_with_ValidClientNameandId" time="1.583">
    <failure type="org.openqa.selenium.NoSuchElementException" message="no such element: Unable to locate element: {&amp;quot;method&amp;quot;:&amp;quot;css selector&amp;quot;,&amp;quot;selector&amp;quot;:&amp;quot;*[name=&amp;apos;LoginForm[username]&amp;apos;]&amp;quot;}
  (Session info: chrome=104.0.5112.101)
For documentation on this error, please visit: https://selenium.dev/exceptions/#no_such_element
Build info: version: &amp;apos;4.3.0&amp;apos;, revision: &amp;apos;a4995e2c09*&amp;apos;
System info: host: &amp;apos;DESKTOP-2IFVM62&amp;apos;, ip: &amp;apos;192.168.1.5&amp;apos;, os.name: &amp;apos;Windows 10&amp;apos;, os.arch: &amp;apos;amd64&amp;apos;, os.version: &amp;apos;10.0&amp;apos;, java.version: &amp;apos;17.0.2&amp;apos;
Driver info: org.openqa.selenium.chrome.ChromeDriver
Command: [959ddb5a9f23b4c1c8aa53a03981bdd3, findElement {using=name, value=LoginForm[username]}]
Capabilities {acceptInsecureCerts: false, browserName: chrome, browserVersion: 104.0.5112.101, chrome: {chromedriverVersion: 103.0.5060.53 (a1711811edd7..., userDataDir: C:\Users\user\AppData\Local...}, goog:chromeOptions: {debuggerAddress: localhost:64943}, networkConnectionEnabled: false, pageLoadStrategy: normal, platformName: WINDOWS, proxy: Proxy(), se:cdp: ws://localhost:64943/devtoo..., se:cdpVersion: 104.0.5112.101, setWindowRect: true, strictFileInteractability: false, timeouts: {implicit: 0, pageLoad: 300000, script: 30000}, unhandledPromptBehavior: dismiss and notify, webauthn:extension:credBlob: true, webauthn:extension:largeBlob: true, webauthn:virtualAuthenticators: true}
Session ID: 959ddb5a9f23b4c1c8aa53a03981bdd3">
      <![CDATA[org.openqa.selenium.NoSuchElementException: no such element: Unable to locate element: {"method":"css selector","selector":"*[name='LoginForm[username]']"}
  (Session info: chrome=104.0.5112.101)
For documentation on this error, please visit: https://selenium.dev/exceptions/#no_such_element
Build info: version: '4.3.0', revision: 'a4995e2c09*'
System info: host: 'DESKTOP-2IFVM62', ip: '192.168.1.5', os.name: 'Windows 10', os.arch: 'amd64', os.version: '10.0', java.version: '17.0.2'
Driver info: org.openqa.selenium.chrome.ChromeDriver
Command: [959ddb5a9f23b4c1c8aa53a03981bdd3, findElement {using=name, value=LoginForm[username]}]
Capabilities {acceptInsecureCerts: false, browserName: chrome, browserVersion: 104.0.5112.101, chrome: {chromedriverVersion: 103.0.5060.53 (a1711811edd7..., userDataDir: C:\Users\user\AppData\Local...}, goog:chromeOptions: {debuggerAddress: localhost:64943}, networkConnectionEnabled: false, pageLoadStrategy: normal, platformName: WINDOWS, proxy: Proxy(), se:cdp: ws://localhost:64943/devtoo..., se:cdpVersion: 104.0.5112.101, setWindowRect: true, strictFileInteractability: false, timeouts: {implicit: 0, pageLoad: 300000, script: 30000}, unhandledPromptBehavior: dismiss and notify, webauthn:extension:credBlob: true, webauthn:extension:largeBlob: true, webauthn:virtualAuthenticators: true}
Session ID: 959ddb5a9f23b4c1c8aa53a03981bdd3
at org.openqa.selenium.remote.codec.w3c.W3CHttpResponseCodec.createException(W3CHttpResponseCodec.java:200)
at org.openqa.selenium.remote.codec.w3c.W3CHttpResponseCodec.decode(W3CHttpResponseCodec.java:133)
at org.openqa.selenium.remote.codec.w3c.W3CHttpResponseCodec.decode(W3CHttpResponseCodec.java:53)
at org.openqa.selenium.remote.HttpCommandExecutor.execute(HttpCommandExecutor.java:184)
at org.openqa.selenium.remote.service.DriverCommandExecutor.invokeExecute(DriverCommandExecutor.java:167)
at org.openqa.selenium.remote.service.DriverCommandExecutor.execute(DriverCommandExecutor.java:142)
at org.openqa.selenium.remote.RemoteWebDriver.execute(RemoteWebDriver.java:569)
at org.openqa.selenium.remote.ElementLocation$ElementFinder$2.findElement(ElementLocation.java:162)
at org.openqa.selenium.remote.ElementLocation.findElement(ElementLocation.java:60)
at org.openqa.selenium.remote.RemoteWebDriver.findElement(RemoteWebDriver.java:387)
at org.openqa.selenium.remote.RemoteWebDriver.findElement(RemoteWebDriver.java:379)
at org.openqa.selenium.support.pagefactory.DefaultElementLocator.findElement(DefaultElementLocator.java:70)
at org.openqa.selenium.support.pagefactory.internal.LocatingElementHandler.invoke(LocatingElementHandler.java:39)
at jdk.proxy2/jdk.proxy2.$Proxy18.clear(Unknown Source)
at com.obsqura.pages.LoginPage.setUsername(LoginPage.java:50)
at com.obsqura.scripts.TestClass.verify_searchbutton_with_ValidClientNameandId(TestClass.java:338)
at java.base/java.util.ArrayList.forEach(ArrayList.java:1511)
at java.base/java.util.concurrent.FutureTask.run(FutureTask.java:264)
at java.base/java.util.concurrent.ThreadPoolExecutor.runWorker(ThreadPoolExecutor.java:1136)
at java.base/java.util.concurrent.ThreadPoolExecutor$Worker.run(ThreadPoolExecutor.java:635)
at java.base/java.lang.Thread.run(Thread.java:833)
... Removed 22 stack frames]]>
    </failure>
  </testcase> <!-- verify_searchbutton_with_ValidClientNameandId -->
  <testcase classname="com.obsqura.scripts.TestClass" name="verify_search_ValidClient_UsingValidNameOnly" time="2.72"/>
  <testcase classname="com.obsqura.scripts.TestClass" name="verifySearch_ValidClient_UsingValidIDOnly" time="2.801"/>
  <testcase classname="com.obsqura.scripts.TestClass" name="verifySearchClient_Using_InValidName_and_ID" time="2.369"/>
  <testcase classname="com.obsqura.scripts.TestClass" name="verify_CreateNewClientButton" time="2.185"/>
  <testcase classname="com.obsqura.scripts.TestClass" name="verify_User_can_CreateNew_Client_with_mandatory_fields" time="10.165"/>
  <testcase classname="com.obsqura.scripts.TestClass" name="verify_user_can_search_ValidWorker" time="5.881">
    <failure type="org.openqa.selenium.StaleElementReferenceException" message="stale element reference: element is not attached to the page document
  (Session info: chrome=104.0.5112.101)
For documentation on this error, please visit: https://selenium.dev/exceptions/#stale_element_reference
Build info: version: &amp;apos;4.3.0&amp;apos;, revision: &amp;apos;a4995e2c09*&amp;apos;
System info: host: &amp;apos;DESKTOP-2IFVM62&amp;apos;, ip: &amp;apos;192.168.1.5&amp;apos;, os.name: &amp;apos;Windows 10&amp;apos;, os.arch: &amp;apos;amd64&amp;apos;, os.version: &amp;apos;10.0&amp;apos;, java.version: &amp;apos;17.0.2&amp;apos;
Driver info: org.openqa.selenium.chrome.ChromeDriver
Command: [959ddb5a9f23b4c1c8aa53a03981bdd3, getElementText {id=46dc4ea3-1669-45c3-bde7-adcb3df636f6}]
Capabilities {acceptInsecureCerts: false, browserName: chrome, browserVersion: 104.0.5112.101, chrome: {chromedriverVersion: 103.0.5060.53 (a1711811edd7..., userDataDir: C:\Users\user\AppData\Local...}, goog:chromeOptions: {debuggerAddress: localhost:64943}, networkConnectionEnabled: false, pageLoadStrategy: normal, platformName: WINDOWS, proxy: Proxy(), se:cdp: ws://localhost:64943/devtoo..., se:cdpVersion: 104.0.5112.101, setWindowRect: true, strictFileInteractability: false, timeouts: {implicit: 0, pageLoad: 300000, script: 30000}, unhandledPromptBehavior: dismiss and notify, webauthn:extension:credBlob: true, webauthn:extension:largeBlob: true, webauthn:virtualAuthenticators: true}
Element: [[ChromeDriver: chrome on WINDOWS (959ddb5a9f23b4c1c8aa53a03981bdd3)] -&amp;gt; xpath: //h1[text()=&amp;apos;Workers&amp;apos;]]
Session ID: 959ddb5a9f23b4c1c8aa53a03981bdd3">
      <![CDATA[org.openqa.selenium.StaleElementReferenceException: stale element reference: element is not attached to the page document
  (Session info: chrome=104.0.5112.101)
For documentation on this error, please visit: https://selenium.dev/exceptions/#stale_element_reference
Build info: version: '4.3.0', revision: 'a4995e2c09*'
System info: host: 'DESKTOP-2IFVM62', ip: '192.168.1.5', os.name: 'Windows 10', os.arch: 'amd64', os.version: '10.0', java.version: '17.0.2'
Driver info: org.openqa.selenium.chrome.ChromeDriver
Command: [959ddb5a9f23b4c1c8aa53a03981bdd3, getElementText {id=46dc4ea3-1669-45c3-bde7-adcb3df636f6}]
Capabilities {acceptInsecureCerts: false, browserName: chrome, browserVersion: 104.0.5112.101, chrome: {chromedriverVersion: 103.0.5060.53 (a1711811edd7..., userDataDir: C:\Users\user\AppData\Local...}, goog:chromeOptions: {debuggerAddress: localhost:64943}, networkConnectionEnabled: false, pageLoadStrategy: normal, platformName: WINDOWS, proxy: Proxy(), se:cdp: ws://localhost:64943/devtoo..., se:cdpVersion: 104.0.5112.101, setWindowRect: true, strictFileInteractability: false, timeouts: {implicit: 0, pageLoad: 300000, script: 30000}, unhandledPromptBehavior: dismiss and notify, webauthn:extension:credBlob: true, webauthn:extension:largeBlob: true, webauthn:virtualAuthenticators: true}
Element: [[ChromeDriver: chrome on WINDOWS (959ddb5a9f23b4c1c8aa53a03981bdd3)] -> xpath: //h1[text()='Workers']]
Session ID: 959ddb5a9f23b4c1c8aa53a03981bdd3
at org.openqa.selenium.remote.codec.w3c.W3CHttpResponseCodec.createException(W3CHttpResponseCodec.java:200)
at org.openqa.selenium.remote.codec.w3c.W3CHttpResponseCodec.decode(W3CHttpResponseCodec.java:133)
at org.openqa.selenium.remote.codec.w3c.W3CHttpResponseCodec.decode(W3CHttpResponseCodec.java:53)
at org.openqa.selenium.remote.HttpCommandExecutor.execute(HttpCommandExecutor.java:184)
at org.openqa.selenium.remote.service.DriverCommandExecutor.invokeExecute(DriverCommandExecutor.java:167)
at org.openqa.selenium.remote.service.DriverCommandExecutor.execute(DriverCommandExecutor.java:142)
at org.openqa.selenium.remote.RemoteWebDriver.execute(RemoteWebDriver.java:569)
at org.openqa.selenium.remote.RemoteWebElement.execute(RemoteWebElement.java:257)
at org.openqa.selenium.remote.RemoteWebElement.getText(RemoteWebElement.java:207)
at org.openqa.selenium.support.pagefactory.internal.LocatingElementHandler.invoke(LocatingElementHandler.java:52)
at jdk.proxy2/jdk.proxy2.$Proxy18.getText(Unknown Source)
at com.obsqura.pages.Home_Workers.workerText(Home_Workers.java:156)
at com.obsqura.scripts.TestClass.verify_user_can_search_ValidWorker(TestClass.java:514)
at java.base/java.util.ArrayList.forEach(ArrayList.java:1511)
at java.base/java.util.concurrent.FutureTask.run(FutureTask.java:264)
at java.base/java.util.concurrent.ThreadPoolExecutor.runWorker(ThreadPoolExecutor.java:1136)
at java.base/java.util.concurrent.ThreadPoolExecutor$Worker.run(ThreadPoolExecutor.java:635)
at java.base/java.lang.Thread.run(Thread.java:833)
... Removed 25 stack frames]]>
    </failure>
  </testcase> <!-- verify_user_can_search_ValidWorker -->
  <testcase classname="com.obsqura.scripts.TestClass" name="verify_CreateNewWorkerButton" time="7.18"/>
  <testcase classname="com.obsqura.scripts.TestClass" name="verify_user_able_to_CreateNewWorker_with_mandatoryFields" time="8.925"/>
  <testcase classname="com.obsqura.scripts.TestClass" name="verifyworkerBankDetailsButton" time="5.815"/>
</testsuite> <!-- RegressionTest -->
