<?xml version="1.0" encoding="UTF-8"?>
<!-- Generated by org.testng.reporters.JUnitXMLReporter -->
<testsuite ignored="0" hostname="DESKTOP-2IFVM62" failures="7" tests="30" name="SanityTest" time="282.768" errors="0" timestamp="2022-08-27T09:17:48 PDT">
  <testcase classname="com.obsqura.scripts.TestClass" name="verify_invalidLogin_using_dataprovider" time="33.74"/>
  <testcase classname="com.obsqura.scripts.TestClass" name="verifyLogin_with_incorrectUsername_and_incorrectpassword" time="10.495"/>
  <testcase classname="com.obsqura.scripts.TestClass" name="verifyLogin_with_no_username_and_password" time="1.304">
    <failure type="org.openqa.selenium.UnhandledAlertException" message="Dismissed user prompt dialog: To display this page, Firefox must send information that will repeat any action (such as a search or order confirmation) that was performed earlier.: 
Build info: version: &amp;apos;4.3.0&amp;apos;, revision: &amp;apos;a4995e2c09*&amp;apos;
System info: host: &amp;apos;DESKTOP-2IFVM62&amp;apos;, ip: &amp;apos;192.168.1.5&amp;apos;, os.name: &amp;apos;Windows 10&amp;apos;, os.arch: &amp;apos;amd64&amp;apos;, os.version: &amp;apos;10.0&amp;apos;, java.version: &amp;apos;17.0.2&amp;apos;
Driver info: org.openqa.selenium.firefox.FirefoxDriver
Command: [d5a13031-5665-4efe-965d-165250cf9bde, findElement {using=name, value=LoginForm[username]}]
Capabilities {acceptInsecureCerts: true, browserName: firefox, browserVersion: 104.0, moz:accessibilityChecks: false, moz:buildID: 20220818191623, moz:debuggerAddress: localhost:61397, moz:geckodriverVersion: 0.31.0, moz:headless: false, moz:platformVersion: 10.0, moz:processID: 12912, moz:profile: C:\Users\user\AppData\Local..., moz:shutdownTimeout: 60000, moz:useNonSpecCompliantPointerOrigin: false, moz:webdriverClick: true, moz:windowless: false, pageLoadStrategy: normal, platformName: WINDOWS, proxy: Proxy(), se:cdp: ws://localhost:61397/devtoo..., se:cdpVersion: 85.0, setWindowRect: true, strictFileInteractability: false, timeouts: {implicit: 0, pageLoad: 300000, script: 30000}, unhandledPromptBehavior: dismiss and notify}
Session ID: d5a13031-5665-4efe-965d-165250cf9bde">
      <![CDATA[org.openqa.selenium.UnhandledAlertException: Dismissed user prompt dialog: To display this page, Firefox must send information that will repeat any action (such as a search or order confirmation) that was performed earlier.: 
Build info: version: '4.3.0', revision: 'a4995e2c09*'
System info: host: 'DESKTOP-2IFVM62', ip: '192.168.1.5', os.name: 'Windows 10', os.arch: 'amd64', os.version: '10.0', java.version: '17.0.2'
Driver info: org.openqa.selenium.firefox.FirefoxDriver
Command: [d5a13031-5665-4efe-965d-165250cf9bde, findElement {using=name, value=LoginForm[username]}]
Capabilities {acceptInsecureCerts: true, browserName: firefox, browserVersion: 104.0, moz:accessibilityChecks: false, moz:buildID: 20220818191623, moz:debuggerAddress: localhost:61397, moz:geckodriverVersion: 0.31.0, moz:headless: false, moz:platformVersion: 10.0, moz:processID: 12912, moz:profile: C:\Users\user\AppData\Local..., moz:shutdownTimeout: 60000, moz:useNonSpecCompliantPointerOrigin: false, moz:webdriverClick: true, moz:windowless: false, pageLoadStrategy: normal, platformName: WINDOWS, proxy: Proxy(), se:cdp: ws://localhost:61397/devtoo..., se:cdpVersion: 85.0, setWindowRect: true, strictFileInteractability: false, timeouts: {implicit: 0, pageLoad: 300000, script: 30000}, unhandledPromptBehavior: dismiss and notify}
Session ID: d5a13031-5665-4efe-965d-165250cf9bde
at org.openqa.selenium.remote.codec.w3c.W3CHttpResponseCodec.decode(W3CHttpResponseCodec.java:131)
at org.openqa.selenium.remote.codec.w3c.W3CHttpResponseCodec.decode(W3CHttpResponseCodec.java:53)
at org.openqa.selenium.remote.HttpCommandExecutor.execute(HttpCommandExecutor.java:184)
at org.openqa.selenium.remote.service.DriverCommandExecutor.invokeExecute(DriverCommandExecutor.java:167)
at org.openqa.selenium.remote.service.DriverCommandExecutor.execute(DriverCommandExecutor.java:142)
at org.openqa.selenium.remote.RemoteWebDriver.execute(RemoteWebDriver.java:569)
at org.openqa.selenium.remote.ElementLocation$ElementFinder$2.findElement(ElementLocation.java:162)
at org.openqa.selenium.remote.ElementLocation.findElement(ElementLocation.java:60)
at org.openqa.selenium.remote.RemoteWebDriver.findElement(RemoteWebDriver.java:387)
at org.openqa.selenium.remote.RemoteWebDriver.findElement(RemoteWebDriver.java:379)
at org.openqa.selenium.support.pagefactory.DefaultElementLocator.findElement(DefaultElementLocator.java:70)
at org.openqa.selenium.support.pagefactory.internal.LocatingElementHandler.invoke(LocatingElementHandler.java:39)
at jdk.proxy2/jdk.proxy2.$Proxy18.clear(Unknown Source)
at com.obsqura.pages.LoginPage.setUsername(LoginPage.java:50)
at com.obsqura.scripts.TestClass.verifyLogin_with_no_username_and_password(TestClass.java:63)
at java.base/java.util.ArrayList.forEach(ArrayList.java:1511)
at java.base/java.util.concurrent.FutureTask.run(FutureTask.java:264)
at java.base/java.util.concurrent.ThreadPoolExecutor.runWorker(ThreadPoolExecutor.java:1136)
at java.base/java.util.concurrent.ThreadPoolExecutor$Worker.run(ThreadPoolExecutor.java:635)
at java.base/java.lang.Thread.run(Thread.java:833)
... Removed 17 stack frames]]>
    </failure>
  </testcase> <!-- verifyLogin_with_no_username_and_password -->
  <testcase classname="com.obsqura.scripts.TestClass" name="verifyResetitButton" time="2.114"/>
  <testcase classname="com.obsqura.scripts.TestClass" name="verifyResetPassword_WithInvalidEmailId" time="6.917"/>
  <testcase classname="com.obsqura.scripts.TestClass" name="verifyEmailId_inResetPassword" time="2.12"/>
  <testcase classname="com.obsqura.scripts.TestClass" name="verify_Login_with_correctUsername_and_password" time="6.873"/>
  <testcase classname="com.obsqura.scripts.TestClass" name="verifyDashBoardButton" time="1.03">
    <failure type="org.openqa.selenium.NoSuchElementException" message="Unable to locate element: //*[text()=&amp;apos;Dashboard&amp;apos;]
For documentation on this error, please visit: https://selenium.dev/exceptions/#no_such_element
Build info: version: &amp;apos;4.3.0&amp;apos;, revision: &amp;apos;a4995e2c09*&amp;apos;
System info: host: &amp;apos;DESKTOP-2IFVM62&amp;apos;, ip: &amp;apos;192.168.1.5&amp;apos;, os.name: &amp;apos;Windows 10&amp;apos;, os.arch: &amp;apos;amd64&amp;apos;, os.version: &amp;apos;10.0&amp;apos;, java.version: &amp;apos;17.0.2&amp;apos;
Driver info: org.openqa.selenium.firefox.FirefoxDriver
Command: [d5a13031-5665-4efe-965d-165250cf9bde, findElement {using=xpath, value=//*[text()=&amp;apos;Dashboard&amp;apos;]}]
Capabilities {acceptInsecureCerts: true, browserName: firefox, browserVersion: 104.0, moz:accessibilityChecks: false, moz:buildID: 20220818191623, moz:debuggerAddress: localhost:61397, moz:geckodriverVersion: 0.31.0, moz:headless: false, moz:platformVersion: 10.0, moz:processID: 12912, moz:profile: C:\Users\user\AppData\Local..., moz:shutdownTimeout: 60000, moz:useNonSpecCompliantPointerOrigin: false, moz:webdriverClick: true, moz:windowless: false, pageLoadStrategy: normal, platformName: WINDOWS, proxy: Proxy(), se:cdp: ws://localhost:61397/devtoo..., se:cdpVersion: 85.0, setWindowRect: true, strictFileInteractability: false, timeouts: {implicit: 0, pageLoad: 300000, script: 30000}, unhandledPromptBehavior: dismiss and notify}
Session ID: d5a13031-5665-4efe-965d-165250cf9bde">
      <![CDATA[org.openqa.selenium.NoSuchElementException: Unable to locate element: //*[text()='Dashboard']
For documentation on this error, please visit: https://selenium.dev/exceptions/#no_such_element
Build info: version: '4.3.0', revision: 'a4995e2c09*'
System info: host: 'DESKTOP-2IFVM62', ip: '192.168.1.5', os.name: 'Windows 10', os.arch: 'amd64', os.version: '10.0', java.version: '17.0.2'
Driver info: org.openqa.selenium.firefox.FirefoxDriver
Command: [d5a13031-5665-4efe-965d-165250cf9bde, findElement {using=xpath, value=//*[text()='Dashboard']}]
Capabilities {acceptInsecureCerts: true, browserName: firefox, browserVersion: 104.0, moz:accessibilityChecks: false, moz:buildID: 20220818191623, moz:debuggerAddress: localhost:61397, moz:geckodriverVersion: 0.31.0, moz:headless: false, moz:platformVersion: 10.0, moz:processID: 12912, moz:profile: C:\Users\user\AppData\Local..., moz:shutdownTimeout: 60000, moz:useNonSpecCompliantPointerOrigin: false, moz:webdriverClick: true, moz:windowless: false, pageLoadStrategy: normal, platformName: WINDOWS, proxy: Proxy(), se:cdp: ws://localhost:61397/devtoo..., se:cdpVersion: 85.0, setWindowRect: true, strictFileInteractability: false, timeouts: {implicit: 0, pageLoad: 300000, script: 30000}, unhandledPromptBehavior: dismiss and notify}
Session ID: d5a13031-5665-4efe-965d-165250cf9bde
at org.openqa.selenium.remote.codec.w3c.W3CHttpResponseCodec.createException(W3CHttpResponseCodec.java:200)
at org.openqa.selenium.remote.codec.w3c.W3CHttpResponseCodec.decode(W3CHttpResponseCodec.java:133)
at org.openqa.selenium.remote.codec.w3c.W3CHttpResponseCodec.decode(W3CHttpResponseCodec.java:53)
at org.openqa.selenium.remote.HttpCommandExecutor.execute(HttpCommandExecutor.java:184)
at org.openqa.selenium.remote.service.DriverCommandExecutor.invokeExecute(DriverCommandExecutor.java:167)
at org.openqa.selenium.remote.service.DriverCommandExecutor.execute(DriverCommandExecutor.java:142)
at org.openqa.selenium.remote.RemoteWebDriver.execute(RemoteWebDriver.java:569)
at org.openqa.selenium.remote.ElementLocation$ElementFinder$2.findElement(ElementLocation.java:162)
at org.openqa.selenium.remote.ElementLocation.findElement(ElementLocation.java:60)
at org.openqa.selenium.remote.RemoteWebDriver.findElement(RemoteWebDriver.java:387)
at org.openqa.selenium.remote.RemoteWebDriver.findElement(RemoteWebDriver.java:379)
at org.openqa.selenium.support.pagefactory.DefaultElementLocator.findElement(DefaultElementLocator.java:70)
at org.openqa.selenium.support.pagefactory.internal.LocatingElementHandler.invoke(LocatingElementHandler.java:39)
at jdk.proxy2/jdk.proxy2.$Proxy18.click(Unknown Source)
at com.obsqura.pages.HomePage.dashBoard1(HomePage.java:94)
at com.obsqura.scripts.TestClass.verifyDashBoardButton(TestClass.java:248)
at java.base/java.util.ArrayList.forEach(ArrayList.java:1511)
at java.base/java.util.concurrent.FutureTask.run(FutureTask.java:264)
at java.base/java.util.concurrent.ThreadPoolExecutor.runWorker(ThreadPoolExecutor.java:1136)
at java.base/java.util.concurrent.ThreadPoolExecutor$Worker.run(ThreadPoolExecutor.java:635)
at java.base/java.lang.Thread.run(Thread.java:833)
... Removed 22 stack frames]]>
    </failure>
  </testcase> <!-- verifyDashBoardButton -->
  <testcase classname="com.obsqura.scripts.TestClass" name="verifyCompanyButton" time="0.957"/>
  <testcase classname="com.obsqura.scripts.TestClass" name="verifyClientsButton" time="25.576"/>
  <testcase classname="com.obsqura.scripts.TestClass" name="verifyWorkersButton" time="3.731"/>
  <testcase classname="com.obsqura.scripts.TestClass" name="verifyDeductionButton" time="1.139"/>
  <testcase classname="com.obsqura.scripts.TestClass" name="verifyTimeSheetButton" time="1.244"/>
  <testcase classname="com.obsqura.scripts.TestClass" name="verifyPayslipButton" time="1.905"/>
  <testcase classname="com.obsqura.scripts.TestClass" name="verifyInvoiceButton" time="7.382"/>
  <testcase classname="com.obsqura.scripts.TestClass" name="verifyReportButton" time="2.994"/>
  <testcase classname="com.obsqura.scripts.TestClass" name="verifySettingsButton" time="1.299"/>
  <testcase classname="com.obsqura.scripts.TestClass" name="verifyCarolThomasButton" time="1.352"/>
  <testcase classname="com.obsqura.scripts.TestClass" name="verifyViewProfile_inCarolThomasButton" time="1.585"/>
  <testcase classname="com.obsqura.scripts.TestClass" name="verifyLogout_inCarolThomasButton" time="0.003">
    <failure type="java.lang.NullPointerException" message="Cannot invoke &amp;quot;com.obsqura.utility.PageUtility.implicitWait()&amp;quot; because &amp;quot;this.obj2&amp;quot; is null">
      <![CDATA[java.lang.NullPointerException: Cannot invoke "com.obsqura.utility.PageUtility.implicitWait()" because "this.obj2" is null
at com.obsqura.scripts.TestClass.verifyLogout_inCarolThomasButton(TestClass.java:228)
at java.base/java.util.ArrayList.forEach(ArrayList.java:1511)
at java.base/java.util.concurrent.FutureTask.run(FutureTask.java:264)
at java.base/java.util.concurrent.ThreadPoolExecutor.runWorker(ThreadPoolExecutor.java:1136)
at java.base/java.util.concurrent.ThreadPoolExecutor$Worker.run(ThreadPoolExecutor.java:635)
at java.base/java.lang.Thread.run(Thread.java:833)
... Removed 17 stack frames]]>
    </failure>
  </testcase> <!-- verifyLogout_inCarolThomasButton -->
  <testcase classname="com.obsqura.scripts.TestClass" name="verify_searchbutton_with_ValidClientNameandId" time="1.415">
    <failure type="org.openqa.selenium.NoSuchElementException" message="Unable to locate element: *[name=&amp;apos;LoginForm[username]&amp;apos;]
For documentation on this error, please visit: https://selenium.dev/exceptions/#no_such_element
Build info: version: &amp;apos;4.3.0&amp;apos;, revision: &amp;apos;a4995e2c09*&amp;apos;
System info: host: &amp;apos;DESKTOP-2IFVM62&amp;apos;, ip: &amp;apos;192.168.1.5&amp;apos;, os.name: &amp;apos;Windows 10&amp;apos;, os.arch: &amp;apos;amd64&amp;apos;, os.version: &amp;apos;10.0&amp;apos;, java.version: &amp;apos;17.0.2&amp;apos;
Driver info: org.openqa.selenium.firefox.FirefoxDriver
Command: [d5a13031-5665-4efe-965d-165250cf9bde, findElement {using=name, value=LoginForm[username]}]
Capabilities {acceptInsecureCerts: true, browserName: firefox, browserVersion: 104.0, moz:accessibilityChecks: false, moz:buildID: 20220818191623, moz:debuggerAddress: localhost:61397, moz:geckodriverVersion: 0.31.0, moz:headless: false, moz:platformVersion: 10.0, moz:processID: 12912, moz:profile: C:\Users\user\AppData\Local..., moz:shutdownTimeout: 60000, moz:useNonSpecCompliantPointerOrigin: false, moz:webdriverClick: true, moz:windowless: false, pageLoadStrategy: normal, platformName: WINDOWS, proxy: Proxy(), se:cdp: ws://localhost:61397/devtoo..., se:cdpVersion: 85.0, setWindowRect: true, strictFileInteractability: false, timeouts: {implicit: 0, pageLoad: 300000, script: 30000}, unhandledPromptBehavior: dismiss and notify}
Session ID: d5a13031-5665-4efe-965d-165250cf9bde">
      <![CDATA[org.openqa.selenium.NoSuchElementException: Unable to locate element: *[name='LoginForm[username]']
For documentation on this error, please visit: https://selenium.dev/exceptions/#no_such_element
Build info: version: '4.3.0', revision: 'a4995e2c09*'
System info: host: 'DESKTOP-2IFVM62', ip: '192.168.1.5', os.name: 'Windows 10', os.arch: 'amd64', os.version: '10.0', java.version: '17.0.2'
Driver info: org.openqa.selenium.firefox.FirefoxDriver
Command: [d5a13031-5665-4efe-965d-165250cf9bde, findElement {using=name, value=LoginForm[username]}]
Capabilities {acceptInsecureCerts: true, browserName: firefox, browserVersion: 104.0, moz:accessibilityChecks: false, moz:buildID: 20220818191623, moz:debuggerAddress: localhost:61397, moz:geckodriverVersion: 0.31.0, moz:headless: false, moz:platformVersion: 10.0, moz:processID: 12912, moz:profile: C:\Users\user\AppData\Local..., moz:shutdownTimeout: 60000, moz:useNonSpecCompliantPointerOrigin: false, moz:webdriverClick: true, moz:windowless: false, pageLoadStrategy: normal, platformName: WINDOWS, proxy: Proxy(), se:cdp: ws://localhost:61397/devtoo..., se:cdpVersion: 85.0, setWindowRect: true, strictFileInteractability: false, timeouts: {implicit: 0, pageLoad: 300000, script: 30000}, unhandledPromptBehavior: dismiss and notify}
Session ID: d5a13031-5665-4efe-965d-165250cf9bde
at org.openqa.selenium.remote.codec.w3c.W3CHttpResponseCodec.createException(W3CHttpResponseCodec.java:200)
at org.openqa.selenium.remote.codec.w3c.W3CHttpResponseCodec.decode(W3CHttpResponseCodec.java:133)
at org.openqa.selenium.remote.codec.w3c.W3CHttpResponseCodec.decode(W3CHttpResponseCodec.java:53)
at org.openqa.selenium.remote.HttpCommandExecutor.execute(HttpCommandExecutor.java:184)
at org.openqa.selenium.remote.service.DriverCommandExecutor.invokeExecute(DriverCommandExecutor.java:167)
at org.openqa.selenium.remote.service.DriverCommandExecutor.execute(DriverCommandExecutor.java:142)
at org.openqa.selenium.remote.RemoteWebDriver.execute(RemoteWebDriver.java:569)
at org.openqa.selenium.remote.ElementLocation$ElementFinder$2.findElement(ElementLocation.java:162)
at org.openqa.selenium.remote.ElementLocation.findElement(ElementLocation.java:60)
at org.openqa.selenium.remote.RemoteWebDriver.findElement(RemoteWebDriver.java:387)
at org.openqa.selenium.remote.RemoteWebDriver.findElement(RemoteWebDriver.java:379)
at org.openqa.selenium.support.pagefactory.DefaultElementLocator.findElement(DefaultElementLocator.java:70)
at org.openqa.selenium.support.pagefactory.internal.LocatingElementHandler.invoke(LocatingElementHandler.java:39)
at jdk.proxy2/jdk.proxy2.$Proxy18.clear(Unknown Source)
at com.obsqura.pages.LoginPage.setUsername(LoginPage.java:50)
at com.obsqura.scripts.TestClass.verify_searchbutton_with_ValidClientNameandId(TestClass.java:338)
at java.base/java.util.ArrayList.forEach(ArrayList.java:1511)
at java.base/java.util.concurrent.FutureTask.run(FutureTask.java:264)
at java.base/java.util.concurrent.ThreadPoolExecutor.runWorker(ThreadPoolExecutor.java:1136)
at java.base/java.util.concurrent.ThreadPoolExecutor$Worker.run(ThreadPoolExecutor.java:635)
at java.base/java.lang.Thread.run(Thread.java:833)
... Removed 22 stack frames]]>
    </failure>
  </testcase> <!-- verify_searchbutton_with_ValidClientNameandId -->
  <testcase classname="com.obsqura.scripts.TestClass" name="verify_search_ValidClient_UsingValidNameOnly" time="5.79"/>
  <testcase classname="com.obsqura.scripts.TestClass" name="verifySearch_ValidClient_UsingValidIDOnly" time="5.663"/>
  <testcase classname="com.obsqura.scripts.TestClass" name="verifySearchClient_Using_InValidName_and_ID" time="3.198"/>
  <testcase classname="com.obsqura.scripts.TestClass" name="verify_CreateNewClientButton" time="2.271"/>
  <testcase classname="com.obsqura.scripts.TestClass" name="verify_User_can_CreateNew_Client_with_mandatory_fields" time="14.663">
    <failure type="org.openqa.selenium.ElementClickInterceptedException" message="Element &amp;lt;button class=&amp;quot;btn btn-success&amp;quot; type=&amp;quot;submit&amp;quot;&amp;gt; is not clickable at point (283,625) because another element &amp;lt;p&amp;gt; obscures it
Build info: version: &amp;apos;4.3.0&amp;apos;, revision: &amp;apos;a4995e2c09*&amp;apos;
System info: host: &amp;apos;DESKTOP-2IFVM62&amp;apos;, ip: &amp;apos;192.168.1.5&amp;apos;, os.name: &amp;apos;Windows 10&amp;apos;, os.arch: &amp;apos;amd64&amp;apos;, os.version: &amp;apos;10.0&amp;apos;, java.version: &amp;apos;17.0.2&amp;apos;
Driver info: org.openqa.selenium.firefox.FirefoxDriver
Command: [d5a13031-5665-4efe-965d-165250cf9bde, clickElement {id=175c948c-ff00-4b24-8543-298d1522186c}]
Capabilities {acceptInsecureCerts: true, browserName: firefox, browserVersion: 104.0, moz:accessibilityChecks: false, moz:buildID: 20220818191623, moz:debuggerAddress: localhost:61397, moz:geckodriverVersion: 0.31.0, moz:headless: false, moz:platformVersion: 10.0, moz:processID: 12912, moz:profile: C:\Users\user\AppData\Local..., moz:shutdownTimeout: 60000, moz:useNonSpecCompliantPointerOrigin: false, moz:webdriverClick: true, moz:windowless: false, pageLoadStrategy: normal, platformName: WINDOWS, proxy: Proxy(), se:cdp: ws://localhost:61397/devtoo..., se:cdpVersion: 85.0, setWindowRect: true, strictFileInteractability: false, timeouts: {implicit: 0, pageLoad: 300000, script: 30000}, unhandledPromptBehavior: dismiss and notify}
Element: [[FirefoxDriver: firefox on WINDOWS (d5a13031-5665-4efe-965d-165250cf9bde)] -&amp;gt; xpath: //button[text()=&amp;apos;Save&amp;apos;]]
Session ID: d5a13031-5665-4efe-965d-165250cf9bde">
      <![CDATA[org.openqa.selenium.ElementClickInterceptedException: Element <button class="btn btn-success" type="submit"> is not clickable at point (283,625) because another element <p> obscures it
Build info: version: '4.3.0', revision: 'a4995e2c09*'
System info: host: 'DESKTOP-2IFVM62', ip: '192.168.1.5', os.name: 'Windows 10', os.arch: 'amd64', os.version: '10.0', java.version: '17.0.2'
Driver info: org.openqa.selenium.firefox.FirefoxDriver
Command: [d5a13031-5665-4efe-965d-165250cf9bde, clickElement {id=175c948c-ff00-4b24-8543-298d1522186c}]
Capabilities {acceptInsecureCerts: true, browserName: firefox, browserVersion: 104.0, moz:accessibilityChecks: false, moz:buildID: 20220818191623, moz:debuggerAddress: localhost:61397, moz:geckodriverVersion: 0.31.0, moz:headless: false, moz:platformVersion: 10.0, moz:processID: 12912, moz:profile: C:\Users\user\AppData\Local..., moz:shutdownTimeout: 60000, moz:useNonSpecCompliantPointerOrigin: false, moz:webdriverClick: true, moz:windowless: false, pageLoadStrategy: normal, platformName: WINDOWS, proxy: Proxy(), se:cdp: ws://localhost:61397/devtoo..., se:cdpVersion: 85.0, setWindowRect: true, strictFileInteractability: false, timeouts: {implicit: 0, pageLoad: 300000, script: 30000}, unhandledPromptBehavior: dismiss and notify}
Element: [[FirefoxDriver: firefox on WINDOWS (d5a13031-5665-4efe-965d-165250cf9bde)] -> xpath: //button[text()='Save']]
Session ID: d5a13031-5665-4efe-965d-165250cf9bde
at org.openqa.selenium.remote.codec.w3c.W3CHttpResponseCodec.createException(W3CHttpResponseCodec.java:200)
at org.openqa.selenium.remote.codec.w3c.W3CHttpResponseCodec.decode(W3CHttpResponseCodec.java:133)
at org.openqa.selenium.remote.codec.w3c.W3CHttpResponseCodec.decode(W3CHttpResponseCodec.java:53)
at org.openqa.selenium.remote.HttpCommandExecutor.execute(HttpCommandExecutor.java:184)
at org.openqa.selenium.remote.service.DriverCommandExecutor.invokeExecute(DriverCommandExecutor.java:167)
at org.openqa.selenium.remote.service.DriverCommandExecutor.execute(DriverCommandExecutor.java:142)
at org.openqa.selenium.remote.RemoteWebDriver.execute(RemoteWebDriver.java:569)
at org.openqa.selenium.remote.RemoteWebElement.execute(RemoteWebElement.java:257)
at org.openqa.selenium.remote.RemoteWebElement.click(RemoteWebElement.java:78)
at org.openqa.selenium.support.pagefactory.internal.LocatingElementHandler.invoke(LocatingElementHandler.java:52)
at jdk.proxy2/jdk.proxy2.$Proxy18.click(Unknown Source)
at com.obsqura.pages.Home_Clients.saveButton(Home_Clients.java:208)
at com.obsqura.scripts.TestClass.verify_User_can_CreateNew_Client_with_mandatory_fields(TestClass.java:487)
at java.base/java.util.ArrayList.forEach(ArrayList.java:1511)
at java.base/java.util.concurrent.FutureTask.run(FutureTask.java:264)
at java.base/java.util.concurrent.ThreadPoolExecutor.runWorker(ThreadPoolExecutor.java:1136)
at java.base/java.util.concurrent.ThreadPoolExecutor$Worker.run(ThreadPoolExecutor.java:635)
at java.base/java.lang.Thread.run(Thread.java:833)
... Removed 25 stack frames]]>
    </failure>
  </testcase> <!-- verify_User_can_CreateNew_Client_with_mandatory_fields -->
  <testcase classname="com.obsqura.scripts.TestClass" name="verify_user_can_search_ValidWorker" time="3.675"/>
  <testcase classname="com.obsqura.scripts.TestClass" name="verify_CreateNewWorkerButton" time="2.865"/>
  <testcase classname="com.obsqura.scripts.TestClass" name="verify_user_able_to_CreateNewWorker_with_mandatoryFields" time="4.4">
    <failure type="org.openqa.selenium.ElementClickInterceptedException" message="Element &amp;lt;button class=&amp;quot;btn btn-success&amp;quot; type=&amp;quot;submit&amp;quot;&amp;gt; is not clickable at point (282,625) because another element &amp;lt;p&amp;gt; obscures it
Build info: version: &amp;apos;4.3.0&amp;apos;, revision: &amp;apos;a4995e2c09*&amp;apos;
System info: host: &amp;apos;DESKTOP-2IFVM62&amp;apos;, ip: &amp;apos;192.168.1.5&amp;apos;, os.name: &amp;apos;Windows 10&amp;apos;, os.arch: &amp;apos;amd64&amp;apos;, os.version: &amp;apos;10.0&amp;apos;, java.version: &amp;apos;17.0.2&amp;apos;
Driver info: org.openqa.selenium.firefox.FirefoxDriver
Command: [d5a13031-5665-4efe-965d-165250cf9bde, clickElement {id=ebec350d-e811-4b48-9775-0f55f1d6c3de}]
Capabilities {acceptInsecureCerts: true, browserName: firefox, browserVersion: 104.0, moz:accessibilityChecks: false, moz:buildID: 20220818191623, moz:debuggerAddress: localhost:61397, moz:geckodriverVersion: 0.31.0, moz:headless: false, moz:platformVersion: 10.0, moz:processID: 12912, moz:profile: C:\Users\user\AppData\Local..., moz:shutdownTimeout: 60000, moz:useNonSpecCompliantPointerOrigin: false, moz:webdriverClick: true, moz:windowless: false, pageLoadStrategy: normal, platformName: WINDOWS, proxy: Proxy(), se:cdp: ws://localhost:61397/devtoo..., se:cdpVersion: 85.0, setWindowRect: true, strictFileInteractability: false, timeouts: {implicit: 0, pageLoad: 300000, script: 30000}, unhandledPromptBehavior: dismiss and notify}
Element: [[FirefoxDriver: firefox on WINDOWS (d5a13031-5665-4efe-965d-165250cf9bde)] -&amp;gt; xpath: //button[text()=&amp;apos;Next&amp;apos;]]
Session ID: d5a13031-5665-4efe-965d-165250cf9bde">
      <![CDATA[org.openqa.selenium.ElementClickInterceptedException: Element <button class="btn btn-success" type="submit"> is not clickable at point (282,625) because another element <p> obscures it
Build info: version: '4.3.0', revision: 'a4995e2c09*'
System info: host: 'DESKTOP-2IFVM62', ip: '192.168.1.5', os.name: 'Windows 10', os.arch: 'amd64', os.version: '10.0', java.version: '17.0.2'
Driver info: org.openqa.selenium.firefox.FirefoxDriver
Command: [d5a13031-5665-4efe-965d-165250cf9bde, clickElement {id=ebec350d-e811-4b48-9775-0f55f1d6c3de}]
Capabilities {acceptInsecureCerts: true, browserName: firefox, browserVersion: 104.0, moz:accessibilityChecks: false, moz:buildID: 20220818191623, moz:debuggerAddress: localhost:61397, moz:geckodriverVersion: 0.31.0, moz:headless: false, moz:platformVersion: 10.0, moz:processID: 12912, moz:profile: C:\Users\user\AppData\Local..., moz:shutdownTimeout: 60000, moz:useNonSpecCompliantPointerOrigin: false, moz:webdriverClick: true, moz:windowless: false, pageLoadStrategy: normal, platformName: WINDOWS, proxy: Proxy(), se:cdp: ws://localhost:61397/devtoo..., se:cdpVersion: 85.0, setWindowRect: true, strictFileInteractability: false, timeouts: {implicit: 0, pageLoad: 300000, script: 30000}, unhandledPromptBehavior: dismiss and notify}
Element: [[FirefoxDriver: firefox on WINDOWS (d5a13031-5665-4efe-965d-165250cf9bde)] -> xpath: //button[text()='Next']]
Session ID: d5a13031-5665-4efe-965d-165250cf9bde
at org.openqa.selenium.remote.codec.w3c.W3CHttpResponseCodec.createException(W3CHttpResponseCodec.java:200)
at org.openqa.selenium.remote.codec.w3c.W3CHttpResponseCodec.decode(W3CHttpResponseCodec.java:133)
at org.openqa.selenium.remote.codec.w3c.W3CHttpResponseCodec.decode(W3CHttpResponseCodec.java:53)
at org.openqa.selenium.remote.HttpCommandExecutor.execute(HttpCommandExecutor.java:184)
at org.openqa.selenium.remote.service.DriverCommandExecutor.invokeExecute(DriverCommandExecutor.java:167)
at org.openqa.selenium.remote.service.DriverCommandExecutor.execute(DriverCommandExecutor.java:142)
at org.openqa.selenium.remote.RemoteWebDriver.execute(RemoteWebDriver.java:569)
at org.openqa.selenium.remote.RemoteWebElement.execute(RemoteWebElement.java:257)
at org.openqa.selenium.remote.RemoteWebElement.click(RemoteWebElement.java:78)
at org.openqa.selenium.support.pagefactory.internal.LocatingElementHandler.invoke(LocatingElementHandler.java:52)
at jdk.proxy2/jdk.proxy2.$Proxy18.click(Unknown Source)
at com.obsqura.pages.Home_Workers.workerNextBtn(Home_Workers.java:206)
at com.obsqura.scripts.TestClass.verify_user_able_to_CreateNewWorker_with_mandatoryFields(TestClass.java:575)
at java.base/java.util.ArrayList.forEach(ArrayList.java:1511)
at java.base/java.util.concurrent.FutureTask.run(FutureTask.java:264)
at java.base/java.util.concurrent.ThreadPoolExecutor.runWorker(ThreadPoolExecutor.java:1136)
at java.base/java.util.concurrent.ThreadPoolExecutor$Worker.run(ThreadPoolExecutor.java:635)
at java.base/java.lang.Thread.run(Thread.java:833)
... Removed 25 stack frames]]>
    </failure>
  </testcase> <!-- verify_user_able_to_CreateNewWorker_with_mandatoryFields -->
  <testcase classname="com.obsqura.scripts.TestClass" name="verifyworkerBankDetailsButton" time="1.016">
    <failure type="org.openqa.selenium.NoSuchElementException" message="Unable to locate element: //a[text()=&amp;apos;Bank Details&amp;apos;]
For documentation on this error, please visit: https://selenium.dev/exceptions/#no_such_element
Build info: version: &amp;apos;4.3.0&amp;apos;, revision: &amp;apos;a4995e2c09*&amp;apos;
System info: host: &amp;apos;DESKTOP-2IFVM62&amp;apos;, ip: &amp;apos;192.168.1.5&amp;apos;, os.name: &amp;apos;Windows 10&amp;apos;, os.arch: &amp;apos;amd64&amp;apos;, os.version: &amp;apos;10.0&amp;apos;, java.version: &amp;apos;17.0.2&amp;apos;
Driver info: org.openqa.selenium.firefox.FirefoxDriver
Command: [d5a13031-5665-4efe-965d-165250cf9bde, findElement {using=xpath, value=//a[text()=&amp;apos;Bank Details&amp;apos;]}]
Capabilities {acceptInsecureCerts: true, browserName: firefox, browserVersion: 104.0, moz:accessibilityChecks: false, moz:buildID: 20220818191623, moz:debuggerAddress: localhost:61397, moz:geckodriverVersion: 0.31.0, moz:headless: false, moz:platformVersion: 10.0, moz:processID: 12912, moz:profile: C:\Users\user\AppData\Local..., moz:shutdownTimeout: 60000, moz:useNonSpecCompliantPointerOrigin: false, moz:webdriverClick: true, moz:windowless: false, pageLoadStrategy: normal, platformName: WINDOWS, proxy: Proxy(), se:cdp: ws://localhost:61397/devtoo..., se:cdpVersion: 85.0, setWindowRect: true, strictFileInteractability: false, timeouts: {implicit: 0, pageLoad: 300000, script: 30000}, unhandledPromptBehavior: dismiss and notify}
Session ID: d5a13031-5665-4efe-965d-165250cf9bde">
      <![CDATA[org.openqa.selenium.NoSuchElementException: Unable to locate element: //a[text()='Bank Details']
For documentation on this error, please visit: https://selenium.dev/exceptions/#no_such_element
Build info: version: '4.3.0', revision: 'a4995e2c09*'
System info: host: 'DESKTOP-2IFVM62', ip: '192.168.1.5', os.name: 'Windows 10', os.arch: 'amd64', os.version: '10.0', java.version: '17.0.2'
Driver info: org.openqa.selenium.firefox.FirefoxDriver
Command: [d5a13031-5665-4efe-965d-165250cf9bde, findElement {using=xpath, value=//a[text()='Bank Details']}]
Capabilities {acceptInsecureCerts: true, browserName: firefox, browserVersion: 104.0, moz:accessibilityChecks: false, moz:buildID: 20220818191623, moz:debuggerAddress: localhost:61397, moz:geckodriverVersion: 0.31.0, moz:headless: false, moz:platformVersion: 10.0, moz:processID: 12912, moz:profile: C:\Users\user\AppData\Local..., moz:shutdownTimeout: 60000, moz:useNonSpecCompliantPointerOrigin: false, moz:webdriverClick: true, moz:windowless: false, pageLoadStrategy: normal, platformName: WINDOWS, proxy: Proxy(), se:cdp: ws://localhost:61397/devtoo..., se:cdpVersion: 85.0, setWindowRect: true, strictFileInteractability: false, timeouts: {implicit: 0, pageLoad: 300000, script: 30000}, unhandledPromptBehavior: dismiss and notify}
Session ID: d5a13031-5665-4efe-965d-165250cf9bde
at org.openqa.selenium.remote.codec.w3c.W3CHttpResponseCodec.createException(W3CHttpResponseCodec.java:200)
at org.openqa.selenium.remote.codec.w3c.W3CHttpResponseCodec.decode(W3CHttpResponseCodec.java:133)
at org.openqa.selenium.remote.codec.w3c.W3CHttpResponseCodec.decode(W3CHttpResponseCodec.java:53)
at org.openqa.selenium.remote.HttpCommandExecutor.execute(HttpCommandExecutor.java:184)
at org.openqa.selenium.remote.service.DriverCommandExecutor.invokeExecute(DriverCommandExecutor.java:167)
at org.openqa.selenium.remote.service.DriverCommandExecutor.execute(DriverCommandExecutor.java:142)
at org.openqa.selenium.remote.RemoteWebDriver.execute(RemoteWebDriver.java:569)
at org.openqa.selenium.remote.ElementLocation$ElementFinder$2.findElement(ElementLocation.java:162)
at org.openqa.selenium.remote.ElementLocation.findElement(ElementLocation.java:60)
at org.openqa.selenium.remote.RemoteWebDriver.findElement(RemoteWebDriver.java:387)
at org.openqa.selenium.remote.RemoteWebDriver.findElement(RemoteWebDriver.java:379)
at org.openqa.selenium.support.pagefactory.DefaultElementLocator.findElement(DefaultElementLocator.java:70)
at org.openqa.selenium.support.pagefactory.internal.LocatingElementHandler.invoke(LocatingElementHandler.java:39)
at jdk.proxy2/jdk.proxy2.$Proxy18.click(Unknown Source)
at com.obsqura.pages.Home_Workers.BankDetailsBtn(Home_Workers.java:210)
at com.obsqura.scripts.TestClass.verifyworkerBankDetailsButton(TestClass.java:591)
at java.base/java.util.ArrayList.forEach(ArrayList.java:1511)
at java.base/java.util.concurrent.FutureTask.run(FutureTask.java:264)
at java.base/java.util.concurrent.ThreadPoolExecutor.runWorker(ThreadPoolExecutor.java:1136)
at java.base/java.util.concurrent.ThreadPoolExecutor$Worker.run(ThreadPoolExecutor.java:635)
at java.base/java.lang.Thread.run(Thread.java:833)
... Removed 22 stack frames]]>
    </failure>
  </testcase> <!-- verifyworkerBankDetailsButton -->
</testsuite> <!-- SanityTest -->
