<!DOCTYPE html PUBLIC "-//W3C//DTD XHTML 1.1//EN" "https://www.w3.org/TR/xhtml11/DTD/xhtml11.dtd">
<html xmlns="https://www.w3.org/1999/xhtml">
<head>
<meta http-equiv="content-type" content="text/html; charset=UTF-8"/>
<title>TestNG Report</title>
<style type="text/css">table {margin-bottom:10px;border-collapse:collapse;empty-cells:show}th,td {border:1px solid #009;padding:.25em .5em}th {vertical-align:bottom}td {vertical-align:top}table a {font-weight:bold}.stripe td {background-color: #E6EBF9}.num {text-align:right}.passedodd td {background-color: #3F3}.passedeven td {background-color: #0A0}.skippedodd td {background-color: #DDD}.skippedeven td {background-color: #CCC}.failedodd td,.attn {background-color: #F33}.failedeven td,.stripe .attn {background-color: #D00}.stacktrace {white-space:pre;font-family:monospace}.totop {font-size:85%;text-align:center;border-bottom:2px solid #000}.invisible {display:none}</style>
</head>
<body>
<table>
<tr><th>Test</th><th># Passed</th><th># Skipped</th><th># Retried</th><th># Failed</th><th>Time (ms)</th><th>Included Groups</th><th>Excluded Groups</th></tr>
<tr><th colspan="8">Suite</th></tr>
<tr><td><a href="#t0">RegressionTest</a></td><td class="num">27</td><td class="num">0</td><td class="num">0</td><td class="num attn">3</td><td class="num">261,991</td><td></td><td></td></tr>
<tr class="stripe"><td><a href="#t1">SanityTest</a></td><td class="num">23</td><td class="num">0</td><td class="num">0</td><td class="num attn">7</td><td class="num">282,768</td><td></td><td></td></tr>
<tr><th>Total</th><th class="num">50</th><th class="num">0</th><th class="num">0</th><th class="num attn">10</th><th class="num">544,759</th><th colspan="2"></th></tr>
</table>
<table id='summary'><thead><tr><th>Class</th><th>Method</th><th>Start</th><th>Time (ms)</th></tr></thead><tbody><tr><th colspan="4">Suite</th></tr></tbody><tbody id="t0"><tr><th colspan="4">RegressionTest &#8212; failed</th></tr><tr class="failedeven"><td rowspan="3">com.obsqura.scripts.TestClass</td><td><a href="#m0">verifyLogout_inCarolThomasButton</a></td><td rowspan="1">1661616996864</td><td rowspan="1">44</td></tr><tr class="failedeven"><td><a href="#m1">verify_searchbutton_with_ValidClientNameandId</a></td><td rowspan="1">1661616997131</td><td rowspan="1">1583</td></tr><tr class="failedeven"><td><a href="#m2">verify_user_can_search_ValidWorker</a></td><td rowspan="1">1661617019167</td><td rowspan="1">5881</td></tr><tr><th colspan="4">RegressionTest &#8212; passed</th></tr><tr class="passedeven"><td rowspan="27">com.obsqura.scripts.TestClass</td><td><a href="#m3">verifyCarolThomasButton</a></td><td rowspan="1">1661616993489</td><td rowspan="1">1179</td></tr><tr class="passedeven"><td><a href="#m4">verifyClientsButton</a></td><td rowspan="1">1661616961964</td><td rowspan="1">11248</td></tr><tr class="passedeven"><td><a href="#m5">verifyCompanyButton</a></td><td rowspan="1">1661616961059</td><td rowspan="1">893</td></tr><tr class="passedeven"><td><a href="#m6">verifyDashBoardButton</a></td><td rowspan="1">1661616954642</td><td rowspan="1">6411</td></tr><tr class="passedeven"><td><a href="#m7">verifyDeductionButton</a></td><td rowspan="1">1661616974565</td><td rowspan="1">1806</td></tr><tr class="passedeven"><td><a href="#m8">verifyEmailId_inResetPassword</a></td><td rowspan="1">1661616949621</td><td rowspan="1">2245</td></tr><tr class="passedeven"><td><a href="#m9">verifyInvoiceButton</a></td><td rowspan="1">1661616979056</td><td rowspan="1">1815</td></tr><tr class="passedeven"><td><a href="#m10">verifyLogin_with_incorrectUsername_and_incorrectpassword</a></td><td rowspan="1">1661616852347</td><td rowspan="1">91157</td></tr><tr class="passedeven"><td><a href="#m11">verifyLogin_with_no_username_and_password</a></td><td rowspan="1">1661616943511</td><td rowspan="1">2165</td></tr><tr class="passedeven"><td><a href="#m12">verifyPayslipButton</a></td><td rowspan="1">1661616977701</td><td rowspan="1">1350</td></tr><tr class="passedeven"><td><a href="#m13">verifyReportButton</a></td><td rowspan="1">1661616980875</td><td rowspan="1">11427</td></tr><tr class="passedeven"><td><a href="#m14">verifyResetPassword_WithInvalidEmailId</a></td><td rowspan="1">1661616947524</td><td rowspan="1">2090</td></tr><tr class="passedeven"><td><a href="#m15">verifyResetitButton</a></td><td rowspan="1">1661616945681</td><td rowspan="1">1837</td></tr><tr class="passedeven"><td><a href="#m16">verifySearchClient_Using_InValidName_and_ID</a></td><td rowspan="1">1661617004438</td><td rowspan="1">2369</td></tr><tr class="passedeven"><td><a href="#m17">verifySearch_ValidClient_UsingValidIDOnly</a></td><td rowspan="1">1661617001630</td><td rowspan="1">2801</td></tr><tr class="passedeven"><td><a href="#m18">verifySettingsButton</a></td><td rowspan="1">1661616992306</td><td rowspan="1">1180</td></tr><tr class="passedeven"><td><a href="#m19">verifyTimeSheetButton</a></td><td rowspan="1">1661616976374</td><td rowspan="1">1324</td></tr><tr class="passedeven"><td><a href="#m20">verifyViewProfile_inCarolThomasButton</a></td><td rowspan="1">1661616994671</td><td rowspan="1">2187</td></tr><tr class="passedeven"><td><a href="#m21">verifyWorkersButton</a></td><td rowspan="1">1661616973215</td><td rowspan="1">1346</td></tr><tr class="passedeven"><td><a href="#m22">verify_CreateNewClientButton</a></td><td rowspan="1">1661617006811</td><td rowspan="1">2185</td></tr><tr class="passedeven"><td><a href="#m23">verify_CreateNewWorkerButton</a></td><td rowspan="1">1661617025409</td><td rowspan="1">7180</td></tr><tr class="passedeven"><td><a href="#m24">verify_Login_with_correctUsername_and_password</a></td><td rowspan="1">1661616951870</td><td rowspan="1">2767</td></tr><tr class="passedeven"><td><a href="#m25">verify_User_can_CreateNew_Client_with_mandatory_fields</a></td><td rowspan="1">1661617008999</td><td rowspan="1">10165</td></tr><tr class="passedeven"><td><a href="#m26">verify_invalidLogin_using_dataprovider</a></td><td rowspan="1">1661616847099</td><td rowspan="1">5227</td></tr><tr class="passedeven"><td><a href="#m27">verify_search_ValidClient_UsingValidNameOnly</a></td><td rowspan="1">1661616998907</td><td rowspan="1">2720</td></tr><tr class="passedeven"><td><a href="#m28">verify_user_able_to_CreateNewWorker_with_mandatoryFields</a></td><td rowspan="1">1661617032598</td><td rowspan="1">8925</td></tr><tr class="passedeven"><td><a href="#m29">verifyworkerBankDetailsButton</a></td><td rowspan="1">1661617041526</td><td rowspan="1">5815</td></tr></tbody>
<tbody id="t1"><tr><th colspan="4">SanityTest &#8212; failed</th></tr><tr class="failedeven"><td rowspan="7">com.obsqura.scripts.TestClass</td><td><a href="#m30">verifyDashBoardButton</a></td><td rowspan="1">1661616968508</td><td rowspan="1">1030</td></tr><tr class="failedeven"><td><a href="#m31">verifyLogin_with_no_username_and_password</a></td><td rowspan="1">1661616948919</td><td rowspan="1">1304</td></tr><tr class="failedeven"><td><a href="#m32">verifyLogout_inCarolThomasButton</a></td><td rowspan="1">1661617019074</td><td rowspan="1">3</td></tr><tr class="failedeven"><td><a href="#m33">verify_User_can_CreateNew_Client_with_mandatory_fields</a></td><td rowspan="1">1661617039884</td><td rowspan="1">14663</td></tr><tr class="failedeven"><td><a href="#m34">verify_searchbutton_with_ValidClientNameandId</a></td><td rowspan="1">1661617020953</td><td rowspan="1">1415</td></tr><tr class="failedeven"><td><a href="#m35">verify_user_able_to_CreateNewWorker_with_mandatoryFields</a></td><td rowspan="1">1661617062482</td><td rowspan="1">4400</td></tr><tr class="failedeven"><td><a href="#m36">verifyworkerBankDetailsButton</a></td><td rowspan="1">1661617066994</td><td rowspan="1">1016</td></tr><tr><th colspan="4">SanityTest &#8212; passed</th></tr><tr class="passedeven"><td rowspan="23">com.obsqura.scripts.TestClass</td><td><a href="#m37">verifyCarolThomasButton</a></td><td rowspan="1">1661617016129</td><td rowspan="1">1352</td></tr><tr class="passedeven"><td><a href="#m38">verifyClientsButton</a></td><td rowspan="1">1661616970825</td><td rowspan="1">25576</td></tr><tr class="passedeven"><td><a href="#m39">verifyCompanyButton</a></td><td rowspan="1">1661616969861</td><td rowspan="1">957</td></tr><tr class="passedeven"><td><a href="#m40">verifyDeductionButton</a></td><td rowspan="1">1661617000142</td><td rowspan="1">1139</td></tr><tr class="passedeven"><td><a href="#m41">verifyEmailId_inResetPassword</a></td><td rowspan="1">1661616959504</td><td rowspan="1">2120</td></tr><tr class="passedeven"><td><a href="#m42">verifyInvoiceButton</a></td><td rowspan="1">1661617004440</td><td rowspan="1">7382</td></tr><tr class="passedeven"><td><a href="#m43">verifyLogin_with_incorrectUsername_and_incorrectpassword</a></td><td rowspan="1">1661616938413</td><td rowspan="1">10495</td></tr><tr class="passedeven"><td><a href="#m44">verifyPayslipButton</a></td><td rowspan="1">1661617002532</td><td rowspan="1">1905</td></tr><tr class="passedeven"><td><a href="#m45">verifyReportButton</a></td><td rowspan="1">1661617011829</td><td rowspan="1">2994</td></tr><tr class="passedeven"><td><a href="#m46">verifyResetPassword_WithInvalidEmailId</a></td><td rowspan="1">1661616952579</td><td rowspan="1">6917</td></tr><tr class="passedeven"><td><a href="#m47">verifyResetitButton</a></td><td rowspan="1">1661616950461</td><td rowspan="1">2114</td></tr><tr class="passedeven"><td><a href="#m48">verifySearchClient_Using_InValidName_and_ID</a></td><td rowspan="1">1661617034402</td><td rowspan="1">3198</td></tr><tr class="passedeven"><td><a href="#m49">verifySearch_ValidClient_UsingValidIDOnly</a></td><td rowspan="1">1661617028734</td><td rowspan="1">5663</td></tr><tr class="passedeven"><td><a href="#m50">verifySettingsButton</a></td><td rowspan="1">1661617014826</td><td rowspan="1">1299</td></tr><tr class="passedeven"><td><a href="#m51">verifyTimeSheetButton</a></td><td rowspan="1">1661617001285</td><td rowspan="1">1244</td></tr><tr class="passedeven"><td><a href="#m52">verifyViewProfile_inCarolThomasButton</a></td><td rowspan="1">1661617017485</td><td rowspan="1">1585</td></tr><tr class="passedeven"><td><a href="#m53">verifyWorkersButton</a></td><td rowspan="1">1661616996408</td><td rowspan="1">3731</td></tr><tr class="passedeven"><td><a href="#m54">verify_CreateNewClientButton</a></td><td rowspan="1">1661617037610</td><td rowspan="1">2271</td></tr><tr class="passedeven"><td><a href="#m55">verify_CreateNewWorkerButton</a></td><td rowspan="1">1661617059614</td><td rowspan="1">2865</td></tr><tr class="passedeven"><td><a href="#m56">verify_Login_with_correctUsername_and_password</a></td><td rowspan="1">1661616961628</td><td rowspan="1">6873</td></tr><tr class="passedeven"><td><a href="#m57">verify_invalidLogin_using_dataprovider</a></td><td rowspan="1">1661616904650</td><td rowspan="1">33740</td></tr><tr class="passedeven"><td><a href="#m58">verify_search_ValidClient_UsingValidNameOnly</a></td><td rowspan="1">1661617022933</td><td rowspan="1">5790</td></tr><tr class="passedeven"><td><a href="#m59">verify_user_can_search_ValidWorker</a></td><td rowspan="1">1661617055937</td><td rowspan="1">3675</td></tr></tbody>
</table>
<h2>RegressionTest</h2><h3 id="m0">com.obsqura.scripts.TestClass#verifyLogout_inCarolThomasButton</h3><table class="result"><tr><th>Exception</th></tr><tr><td><div class="stacktrace">java.lang.NullPointerException: Cannot invoke &quot;com.obsqura.utility.PageUtility.implicitWait()&quot; because &quot;this.obj2&quot; is null
	at com.obsqura.scripts.TestClass.verifyLogout_inCarolThomasButton(TestClass.java:228)
	at java.base/java.util.ArrayList.forEach(ArrayList.java:1511)
	at java.base/java.util.concurrent.FutureTask.run(FutureTask.java:264)
	at java.base/java.util.concurrent.ThreadPoolExecutor.runWorker(ThreadPoolExecutor.java:1136)
	at java.base/java.util.concurrent.ThreadPoolExecutor$Worker.run(ThreadPoolExecutor.java:635)
	at java.base/java.lang.Thread.run(Thread.java:833)
... Removed 17 stack frames</div></td></tr></table><p class="totop"><a href="#summary">back to summary</a></p>
<h3 id="m1">com.obsqura.scripts.TestClass#verify_searchbutton_with_ValidClientNameandId</h3><table class="result"><tr><th>Exception</th></tr><tr><td><div class="stacktrace">org.openqa.selenium.NoSuchElementException: no such element: Unable to locate element: {&quot;method&quot;:&quot;css selector&quot;,&quot;selector&quot;:&quot;*[name=&apos;LoginForm[username]&apos;]&quot;}
  (Session info: chrome=104.0.5112.101)
For documentation on this error, please visit: https://selenium.dev/exceptions/#no_such_element
Build info: version: &apos;4.3.0&apos;, revision: &apos;a4995e2c09*&apos;
System info: host: &apos;DESKTOP-2IFVM62&apos;, ip: &apos;192.168.1.5&apos;, os.name: &apos;Windows 10&apos;, os.arch: &apos;amd64&apos;, os.version: &apos;10.0&apos;, java.version: &apos;17.0.2&apos;
Driver info: org.openqa.selenium.chrome.ChromeDriver
Command: [959ddb5a9f23b4c1c8aa53a03981bdd3, findElement {using=name, value=LoginForm[username]}]
Capabilities {acceptInsecureCerts: false, browserName: chrome, browserVersion: 104.0.5112.101, chrome: {chromedriverVersion: 103.0.5060.53 (a1711811edd7..., userDataDir: C:\Users\user\AppData\Local...}, goog:chromeOptions: {debuggerAddress: localhost:64943}, networkConnectionEnabled: false, pageLoadStrategy: normal, platformName: WINDOWS, proxy: Proxy(), se:cdp: ws://localhost:64943/devtoo..., se:cdpVersion: 104.0.5112.101, setWindowRect: true, strictFileInteractability: false, timeouts: {implicit: 0, pageLoad: 300000, script: 30000}, unhandledPromptBehavior: dismiss and notify, webauthn:extension:credBlob: true, webauthn:extension:largeBlob: true, webauthn:virtualAuthenticators: true}
Session ID: 959ddb5a9f23b4c1c8aa53a03981bdd3
	at org.openqa.selenium.remote.codec.w3c.W3CHttpResponseCodec.createException(W3CHttpResponseCodec.java:200)
	at org.openqa.selenium.remote.codec.w3c.W3CHttpResponseCodec.decode(W3CHttpResponseCodec.java:133)
	at org.openqa.selenium.remote.codec.w3c.W3CHttpResponseCodec.decode(W3CHttpResponseCodec.java:53)
	at org.openqa.selenium.remote.HttpCommandExecutor.execute(HttpCommandExecutor.java:184)
	at org.openqa.selenium.remote.service.DriverCommandExecutor.invokeExecute(DriverCommandExecutor.java:167)
	at org.openqa.selenium.remote.service.DriverCommandExecutor.execute(DriverCommandExecutor.java:142)
	at org.openqa.selenium.remote.RemoteWebDriver.execute(RemoteWebDriver.java:569)
	at org.openqa.selenium.remote.ElementLocation$ElementFinder$2.findElement(ElementLocation.java:162)
	at org.openqa.selenium.remote.ElementLocation.findElement(ElementLocation.java:60)
	at org.openqa.selenium.remote.RemoteWebDriver.findElement(RemoteWebDriver.java:387)
	at org.openqa.selenium.remote.RemoteWebDriver.findElement(RemoteWebDriver.java:379)
	at org.openqa.selenium.support.pagefactory.DefaultElementLocator.findElement(DefaultElementLocator.java:70)
	at org.openqa.selenium.support.pagefactory.internal.LocatingElementHandler.invoke(LocatingElementHandler.java:39)
	at jdk.proxy2/jdk.proxy2.$Proxy18.clear(Unknown Source)
	at com.obsqura.pages.LoginPage.setUsername(LoginPage.java:50)
	at com.obsqura.scripts.TestClass.verify_searchbutton_with_ValidClientNameandId(TestClass.java:338)
	at java.base/java.util.ArrayList.forEach(ArrayList.java:1511)
	at java.base/java.util.concurrent.FutureTask.run(FutureTask.java:264)
	at java.base/java.util.concurrent.ThreadPoolExecutor.runWorker(ThreadPoolExecutor.java:1136)
	at java.base/java.util.concurrent.ThreadPoolExecutor$Worker.run(ThreadPoolExecutor.java:635)
	at java.base/java.lang.Thread.run(Thread.java:833)
... Removed 22 stack frames</div></td></tr></table><p class="totop"><a href="#summary">back to summary</a></p>
<h3 id="m2">com.obsqura.scripts.TestClass#verify_user_can_search_ValidWorker</h3><table class="result"><tr><th>Exception</th></tr><tr><td><div class="stacktrace">org.openqa.selenium.StaleElementReferenceException: stale element reference: element is not attached to the page document
  (Session info: chrome=104.0.5112.101)
For documentation on this error, please visit: https://selenium.dev/exceptions/#stale_element_reference
Build info: version: &apos;4.3.0&apos;, revision: &apos;a4995e2c09*&apos;
System info: host: &apos;DESKTOP-2IFVM62&apos;, ip: &apos;192.168.1.5&apos;, os.name: &apos;Windows 10&apos;, os.arch: &apos;amd64&apos;, os.version: &apos;10.0&apos;, java.version: &apos;17.0.2&apos;
Driver info: org.openqa.selenium.chrome.ChromeDriver
Command: [959ddb5a9f23b4c1c8aa53a03981bdd3, getElementText {id=46dc4ea3-1669-45c3-bde7-adcb3df636f6}]
Capabilities {acceptInsecureCerts: false, browserName: chrome, browserVersion: 104.0.5112.101, chrome: {chromedriverVersion: 103.0.5060.53 (a1711811edd7..., userDataDir: C:\Users\user\AppData\Local...}, goog:chromeOptions: {debuggerAddress: localhost:64943}, networkConnectionEnabled: false, pageLoadStrategy: normal, platformName: WINDOWS, proxy: Proxy(), se:cdp: ws://localhost:64943/devtoo..., se:cdpVersion: 104.0.5112.101, setWindowRect: true, strictFileInteractability: false, timeouts: {implicit: 0, pageLoad: 300000, script: 30000}, unhandledPromptBehavior: dismiss and notify, webauthn:extension:credBlob: true, webauthn:extension:largeBlob: true, webauthn:virtualAuthenticators: true}
Element: [[ChromeDriver: chrome on WINDOWS (959ddb5a9f23b4c1c8aa53a03981bdd3)] -&gt; xpath: //h1[text()=&apos;Workers&apos;]]
Session ID: 959ddb5a9f23b4c1c8aa53a03981bdd3
	at org.openqa.selenium.remote.codec.w3c.W3CHttpResponseCodec.createException(W3CHttpResponseCodec.java:200)
	at org.openqa.selenium.remote.codec.w3c.W3CHttpResponseCodec.decode(W3CHttpResponseCodec.java:133)
	at org.openqa.selenium.remote.codec.w3c.W3CHttpResponseCodec.decode(W3CHttpResponseCodec.java:53)
	at org.openqa.selenium.remote.HttpCommandExecutor.execute(HttpCommandExecutor.java:184)
	at org.openqa.selenium.remote.service.DriverCommandExecutor.invokeExecute(DriverCommandExecutor.java:167)
	at org.openqa.selenium.remote.service.DriverCommandExecutor.execute(DriverCommandExecutor.java:142)
	at org.openqa.selenium.remote.RemoteWebDriver.execute(RemoteWebDriver.java:569)
	at org.openqa.selenium.remote.RemoteWebElement.execute(RemoteWebElement.java:257)
	at org.openqa.selenium.remote.RemoteWebElement.getText(RemoteWebElement.java:207)
	at org.openqa.selenium.support.pagefactory.internal.LocatingElementHandler.invoke(LocatingElementHandler.java:52)
	at jdk.proxy2/jdk.proxy2.$Proxy18.getText(Unknown Source)
	at com.obsqura.pages.Home_Workers.workerText(Home_Workers.java:156)
	at com.obsqura.scripts.TestClass.verify_user_can_search_ValidWorker(TestClass.java:514)
	at java.base/java.util.ArrayList.forEach(ArrayList.java:1511)
	at java.base/java.util.concurrent.FutureTask.run(FutureTask.java:264)
	at java.base/java.util.concurrent.ThreadPoolExecutor.runWorker(ThreadPoolExecutor.java:1136)
	at java.base/java.util.concurrent.ThreadPoolExecutor$Worker.run(ThreadPoolExecutor.java:635)
	at java.base/java.lang.Thread.run(Thread.java:833)
... Removed 25 stack frames</div></td></tr></table><p class="totop"><a href="#summary">back to summary</a></p>
<h3 id="m3">com.obsqura.scripts.TestClass#verifyCarolThomasButton</h3><table class="result"><tr><th class="invisible"/></tr></table><p class="totop"><a href="#summary">back to summary</a></p>
<h3 id="m4">com.obsqura.scripts.TestClass#verifyClientsButton</h3><table class="result"><tr><th class="invisible"/></tr></table><p class="totop"><a href="#summary">back to summary</a></p>
<h3 id="m5">com.obsqura.scripts.TestClass#verifyCompanyButton</h3><table class="result"><tr><th class="invisible"/></tr></table><p class="totop"><a href="#summary">back to summary</a></p>
<h3 id="m6">com.obsqura.scripts.TestClass#verifyDashBoardButton</h3><table class="result"><tr><th class="invisible"/></tr></table><p class="totop"><a href="#summary">back to summary</a></p>
<h3 id="m7">com.obsqura.scripts.TestClass#verifyDeductionButton</h3><table class="result"><tr><th class="invisible"/></tr></table><p class="totop"><a href="#summary">back to summary</a></p>
<h3 id="m8">com.obsqura.scripts.TestClass#verifyEmailId_inResetPassword</h3><table class="result"><tr><th class="invisible"/></tr></table><p class="totop"><a href="#summary">back to summary</a></p>
<h3 id="m9">com.obsqura.scripts.TestClass#verifyInvoiceButton</h3><table class="result"><tr><th class="invisible"/></tr></table><p class="totop"><a href="#summary">back to summary</a></p>
<h3 id="m10">com.obsqura.scripts.TestClass#verifyLogin_with_incorrectUsername_and_incorrectpassword</h3><table class="result"><tr><th class="invisible"/></tr></table><p class="totop"><a href="#summary">back to summary</a></p>
<h3 id="m11">com.obsqura.scripts.TestClass#verifyLogin_with_no_username_and_password</h3><table class="result"><tr><th class="invisible"/></tr></table><p class="totop"><a href="#summary">back to summary</a></p>
<h3 id="m12">com.obsqura.scripts.TestClass#verifyPayslipButton</h3><table class="result"><tr><th class="invisible"/></tr></table><p class="totop"><a href="#summary">back to summary</a></p>
<h3 id="m13">com.obsqura.scripts.TestClass#verifyReportButton</h3><table class="result"><tr><th class="invisible"/></tr></table><p class="totop"><a href="#summary">back to summary</a></p>
<h3 id="m14">com.obsqura.scripts.TestClass#verifyResetPassword_WithInvalidEmailId</h3><table class="result"><tr><th class="invisible"/></tr></table><p class="totop"><a href="#summary">back to summary</a></p>
<h3 id="m15">com.obsqura.scripts.TestClass#verifyResetitButton</h3><table class="result"><tr><th class="invisible"/></tr></table><p class="totop"><a href="#summary">back to summary</a></p>
<h3 id="m16">com.obsqura.scripts.TestClass#verifySearchClient_Using_InValidName_and_ID</h3><table class="result"><tr><th class="invisible"/></tr></table><p class="totop"><a href="#summary">back to summary</a></p>
<h3 id="m17">com.obsqura.scripts.TestClass#verifySearch_ValidClient_UsingValidIDOnly</h3><table class="result"><tr><th class="invisible"/></tr></table><p class="totop"><a href="#summary">back to summary</a></p>
<h3 id="m18">com.obsqura.scripts.TestClass#verifySettingsButton</h3><table class="result"><tr><th class="invisible"/></tr></table><p class="totop"><a href="#summary">back to summary</a></p>
<h3 id="m19">com.obsqura.scripts.TestClass#verifyTimeSheetButton</h3><table class="result"><tr><th class="invisible"/></tr></table><p class="totop"><a href="#summary">back to summary</a></p>
<h3 id="m20">com.obsqura.scripts.TestClass#verifyViewProfile_inCarolThomasButton</h3><table class="result"><tr><th class="invisible"/></tr></table><p class="totop"><a href="#summary">back to summary</a></p>
<h3 id="m21">com.obsqura.scripts.TestClass#verifyWorkersButton</h3><table class="result"><tr><th class="invisible"/></tr></table><p class="totop"><a href="#summary">back to summary</a></p>
<h3 id="m22">com.obsqura.scripts.TestClass#verify_CreateNewClientButton</h3><table class="result"><tr><th class="invisible"/></tr></table><p class="totop"><a href="#summary">back to summary</a></p>
<h3 id="m23">com.obsqura.scripts.TestClass#verify_CreateNewWorkerButton</h3><table class="result"><tr><th class="invisible"/></tr></table><p class="totop"><a href="#summary">back to summary</a></p>
<h3 id="m24">com.obsqura.scripts.TestClass#verify_Login_with_correctUsername_and_password</h3><table class="result"><tr><th class="invisible"/></tr></table><p class="totop"><a href="#summary">back to summary</a></p>
<h3 id="m25">com.obsqura.scripts.TestClass#verify_User_can_CreateNew_Client_with_mandatory_fields</h3><table class="result"><tr><th class="invisible"/></tr></table><p class="totop"><a href="#summary">back to summary</a></p>
<h3 id="m26">com.obsqura.scripts.TestClass#verify_invalidLogin_using_dataprovider</h3><table class="result"><tr class="param"><th>Parameter #1</th></tr><tr class="param stripe"><td>1q2w3e4r</td></tr></table><p class="totop"><a href="#summary">back to summary</a></p>
<h3 id="m27">com.obsqura.scripts.TestClass#verify_search_ValidClient_UsingValidNameOnly</h3><table class="result"><tr><th class="invisible"/></tr></table><p class="totop"><a href="#summary">back to summary</a></p>
<h3 id="m28">com.obsqura.scripts.TestClass#verify_user_able_to_CreateNewWorker_with_mandatoryFields</h3><table class="result"><tr><th class="invisible"/></tr></table><p class="totop"><a href="#summary">back to summary</a></p>
<h3 id="m29">com.obsqura.scripts.TestClass#verifyworkerBankDetailsButton</h3><table class="result"><tr><th class="invisible"/></tr></table><p class="totop"><a href="#summary">back to summary</a></p>
<h2>SanityTest</h2><h3 id="m30">com.obsqura.scripts.TestClass#verifyDashBoardButton</h3><table class="result"><tr><th>Exception</th></tr><tr><td><div class="stacktrace">org.openqa.selenium.NoSuchElementException: Unable to locate element: //*[text()=&apos;Dashboard&apos;]
For documentation on this error, please visit: https://selenium.dev/exceptions/#no_such_element
Build info: version: &apos;4.3.0&apos;, revision: &apos;a4995e2c09*&apos;
System info: host: &apos;DESKTOP-2IFVM62&apos;, ip: &apos;192.168.1.5&apos;, os.name: &apos;Windows 10&apos;, os.arch: &apos;amd64&apos;, os.version: &apos;10.0&apos;, java.version: &apos;17.0.2&apos;
Driver info: org.openqa.selenium.firefox.FirefoxDriver
Command: [d5a13031-5665-4efe-965d-165250cf9bde, findElement {using=xpath, value=//*[text()=&apos;Dashboard&apos;]}]
Capabilities {acceptInsecureCerts: true, browserName: firefox, browserVersion: 104.0, moz:accessibilityChecks: false, moz:buildID: 20220818191623, moz:debuggerAddress: localhost:61397, moz:geckodriverVersion: 0.31.0, moz:headless: false, moz:platformVersion: 10.0, moz:processID: 12912, moz:profile: C:\Users\user\AppData\Local..., moz:shutdownTimeout: 60000, moz:useNonSpecCompliantPointerOrigin: false, moz:webdriverClick: true, moz:windowless: false, pageLoadStrategy: normal, platformName: WINDOWS, proxy: Proxy(), se:cdp: ws://localhost:61397/devtoo..., se:cdpVersion: 85.0, setWindowRect: true, strictFileInteractability: false, timeouts: {implicit: 0, pageLoad: 300000, script: 30000}, unhandledPromptBehavior: dismiss and notify}
Session ID: d5a13031-5665-4efe-965d-165250cf9bde
	at org.openqa.selenium.remote.codec.w3c.W3CHttpResponseCodec.createException(W3CHttpResponseCodec.java:200)
	at org.openqa.selenium.remote.codec.w3c.W3CHttpResponseCodec.decode(W3CHttpResponseCodec.java:133)
	at org.openqa.selenium.remote.codec.w3c.W3CHttpResponseCodec.decode(W3CHttpResponseCodec.java:53)
	at org.openqa.selenium.remote.HttpCommandExecutor.execute(HttpCommandExecutor.java:184)
	at org.openqa.selenium.remote.service.DriverCommandExecutor.invokeExecute(DriverCommandExecutor.java:167)
	at org.openqa.selenium.remote.service.DriverCommandExecutor.execute(DriverCommandExecutor.java:142)
	at org.openqa.selenium.remote.RemoteWebDriver.execute(RemoteWebDriver.java:569)
	at org.openqa.selenium.remote.ElementLocation$ElementFinder$2.findElement(ElementLocation.java:162)
	at org.openqa.selenium.remote.ElementLocation.findElement(ElementLocation.java:60)
	at org.openqa.selenium.remote.RemoteWebDriver.findElement(RemoteWebDriver.java:387)
	at org.openqa.selenium.remote.RemoteWebDriver.findElement(RemoteWebDriver.java:379)
	at org.openqa.selenium.support.pagefactory.DefaultElementLocator.findElement(DefaultElementLocator.java:70)
	at org.openqa.selenium.support.pagefactory.internal.LocatingElementHandler.invoke(LocatingElementHandler.java:39)
	at jdk.proxy2/jdk.proxy2.$Proxy18.click(Unknown Source)
	at com.obsqura.pages.HomePage.dashBoard1(HomePage.java:94)
	at com.obsqura.scripts.TestClass.verifyDashBoardButton(TestClass.java:248)
	at java.base/java.util.ArrayList.forEach(ArrayList.java:1511)
	at java.base/java.util.concurrent.FutureTask.run(FutureTask.java:264)
	at java.base/java.util.concurrent.ThreadPoolExecutor.runWorker(ThreadPoolExecutor.java:1136)
	at java.base/java.util.concurrent.ThreadPoolExecutor$Worker.run(ThreadPoolExecutor.java:635)
	at java.base/java.lang.Thread.run(Thread.java:833)
... Removed 22 stack frames</div></td></tr></table><p class="totop"><a href="#summary">back to summary</a></p>
<h3 id="m31">com.obsqura.scripts.TestClass#verifyLogin_with_no_username_and_password</h3><table class="result"><tr><th>Exception</th></tr><tr><td><div class="stacktrace">org.openqa.selenium.UnhandledAlertException: Dismissed user prompt dialog: To display this page, Firefox must send information that will repeat any action (such as a search or order confirmation) that was performed earlier.: 
Build info: version: &apos;4.3.0&apos;, revision: &apos;a4995e2c09*&apos;
System info: host: &apos;DESKTOP-2IFVM62&apos;, ip: &apos;192.168.1.5&apos;, os.name: &apos;Windows 10&apos;, os.arch: &apos;amd64&apos;, os.version: &apos;10.0&apos;, java.version: &apos;17.0.2&apos;
Driver info: org.openqa.selenium.firefox.FirefoxDriver
Command: [d5a13031-5665-4efe-965d-165250cf9bde, findElement {using=name, value=LoginForm[username]}]
Capabilities {acceptInsecureCerts: true, browserName: firefox, browserVersion: 104.0, moz:accessibilityChecks: false, moz:buildID: 20220818191623, moz:debuggerAddress: localhost:61397, moz:geckodriverVersion: 0.31.0, moz:headless: false, moz:platformVersion: 10.0, moz:processID: 12912, moz:profile: C:\Users\user\AppData\Local..., moz:shutdownTimeout: 60000, moz:useNonSpecCompliantPointerOrigin: false, moz:webdriverClick: true, moz:windowless: false, pageLoadStrategy: normal, platformName: WINDOWS, proxy: Proxy(), se:cdp: ws://localhost:61397/devtoo..., se:cdpVersion: 85.0, setWindowRect: true, strictFileInteractability: false, timeouts: {implicit: 0, pageLoad: 300000, script: 30000}, unhandledPromptBehavior: dismiss and notify}
Session ID: d5a13031-5665-4efe-965d-165250cf9bde
	at org.openqa.selenium.remote.codec.w3c.W3CHttpResponseCodec.decode(W3CHttpResponseCodec.java:131)
	at org.openqa.selenium.remote.codec.w3c.W3CHttpResponseCodec.decode(W3CHttpResponseCodec.java:53)
	at org.openqa.selenium.remote.HttpCommandExecutor.execute(HttpCommandExecutor.java:184)
	at org.openqa.selenium.remote.service.DriverCommandExecutor.invokeExecute(DriverCommandExecutor.java:167)
	at org.openqa.selenium.remote.service.DriverCommandExecutor.execute(DriverCommandExecutor.java:142)
	at org.openqa.selenium.remote.RemoteWebDriver.execute(RemoteWebDriver.java:569)
	at org.openqa.selenium.remote.ElementLocation$ElementFinder$2.findElement(ElementLocation.java:162)
	at org.openqa.selenium.remote.ElementLocation.findElement(ElementLocation.java:60)
	at org.openqa.selenium.remote.RemoteWebDriver.findElement(RemoteWebDriver.java:387)
	at org.openqa.selenium.remote.RemoteWebDriver.findElement(RemoteWebDriver.java:379)
	at org.openqa.selenium.support.pagefactory.DefaultElementLocator.findElement(DefaultElementLocator.java:70)
	at org.openqa.selenium.support.pagefactory.internal.LocatingElementHandler.invoke(LocatingElementHandler.java:39)
	at jdk.proxy2/jdk.proxy2.$Proxy18.clear(Unknown Source)
	at com.obsqura.pages.LoginPage.setUsername(LoginPage.java:50)
	at com.obsqura.scripts.TestClass.verifyLogin_with_no_username_and_password(TestClass.java:63)
	at java.base/java.util.ArrayList.forEach(ArrayList.java:1511)
	at java.base/java.util.concurrent.FutureTask.run(FutureTask.java:264)
	at java.base/java.util.concurrent.ThreadPoolExecutor.runWorker(ThreadPoolExecutor.java:1136)
	at java.base/java.util.concurrent.ThreadPoolExecutor$Worker.run(ThreadPoolExecutor.java:635)
	at java.base/java.lang.Thread.run(Thread.java:833)
... Removed 17 stack frames</div></td></tr></table><p class="totop"><a href="#summary">back to summary</a></p>
<h3 id="m32">com.obsqura.scripts.TestClass#verifyLogout_inCarolThomasButton</h3><table class="result"><tr><th>Exception</th></tr><tr><td><div class="stacktrace">java.lang.NullPointerException: Cannot invoke &quot;com.obsqura.utility.PageUtility.implicitWait()&quot; because &quot;this.obj2&quot; is null
	at com.obsqura.scripts.TestClass.verifyLogout_inCarolThomasButton(TestClass.java:228)
	at java.base/java.util.ArrayList.forEach(ArrayList.java:1511)
	at java.base/java.util.concurrent.FutureTask.run(FutureTask.java:264)
	at java.base/java.util.concurrent.ThreadPoolExecutor.runWorker(ThreadPoolExecutor.java:1136)
	at java.base/java.util.concurrent.ThreadPoolExecutor$Worker.run(ThreadPoolExecutor.java:635)
	at java.base/java.lang.Thread.run(Thread.java:833)
... Removed 17 stack frames</div></td></tr></table><p class="totop"><a href="#summary">back to summary</a></p>
<h3 id="m33">com.obsqura.scripts.TestClass#verify_User_can_CreateNew_Client_with_mandatory_fields</h3><table class="result"><tr><th>Exception</th></tr><tr><td><div class="stacktrace">org.openqa.selenium.ElementClickInterceptedException: Element &lt;button class=&quot;btn btn-success&quot; type=&quot;submit&quot;&gt; is not clickable at point (283,625) because another element &lt;p&gt; obscures it
Build info: version: &apos;4.3.0&apos;, revision: &apos;a4995e2c09*&apos;
System info: host: &apos;DESKTOP-2IFVM62&apos;, ip: &apos;192.168.1.5&apos;, os.name: &apos;Windows 10&apos;, os.arch: &apos;amd64&apos;, os.version: &apos;10.0&apos;, java.version: &apos;17.0.2&apos;
Driver info: org.openqa.selenium.firefox.FirefoxDriver
Command: [d5a13031-5665-4efe-965d-165250cf9bde, clickElement {id=175c948c-ff00-4b24-8543-298d1522186c}]
Capabilities {acceptInsecureCerts: true, browserName: firefox, browserVersion: 104.0, moz:accessibilityChecks: false, moz:buildID: 20220818191623, moz:debuggerAddress: localhost:61397, moz:geckodriverVersion: 0.31.0, moz:headless: false, moz:platformVersion: 10.0, moz:processID: 12912, moz:profile: C:\Users\user\AppData\Local..., moz:shutdownTimeout: 60000, moz:useNonSpecCompliantPointerOrigin: false, moz:webdriverClick: true, moz:windowless: false, pageLoadStrategy: normal, platformName: WINDOWS, proxy: Proxy(), se:cdp: ws://localhost:61397/devtoo..., se:cdpVersion: 85.0, setWindowRect: true, strictFileInteractability: false, timeouts: {implicit: 0, pageLoad: 300000, script: 30000}, unhandledPromptBehavior: dismiss and notify}
Element: [[FirefoxDriver: firefox on WINDOWS (d5a13031-5665-4efe-965d-165250cf9bde)] -&gt; xpath: //button[text()=&apos;Save&apos;]]
Session ID: d5a13031-5665-4efe-965d-165250cf9bde
	at org.openqa.selenium.remote.codec.w3c.W3CHttpResponseCodec.createException(W3CHttpResponseCodec.java:200)
	at org.openqa.selenium.remote.codec.w3c.W3CHttpResponseCodec.decode(W3CHttpResponseCodec.java:133)
	at org.openqa.selenium.remote.codec.w3c.W3CHttpResponseCodec.decode(W3CHttpResponseCodec.java:53)
	at org.openqa.selenium.remote.HttpCommandExecutor.execute(HttpCommandExecutor.java:184)
	at org.openqa.selenium.remote.service.DriverCommandExecutor.invokeExecute(DriverCommandExecutor.java:167)
	at org.openqa.selenium.remote.service.DriverCommandExecutor.execute(DriverCommandExecutor.java:142)
	at org.openqa.selenium.remote.RemoteWebDriver.execute(RemoteWebDriver.java:569)
	at org.openqa.selenium.remote.RemoteWebElement.execute(RemoteWebElement.java:257)
	at org.openqa.selenium.remote.RemoteWebElement.click(RemoteWebElement.java:78)
	at org.openqa.selenium.support.pagefactory.internal.LocatingElementHandler.invoke(LocatingElementHandler.java:52)
	at jdk.proxy2/jdk.proxy2.$Proxy18.click(Unknown Source)
	at com.obsqura.pages.Home_Clients.saveButton(Home_Clients.java:208)
	at com.obsqura.scripts.TestClass.verify_User_can_CreateNew_Client_with_mandatory_fields(TestClass.java:487)
	at java.base/java.util.ArrayList.forEach(ArrayList.java:1511)
	at java.base/java.util.concurrent.FutureTask.run(FutureTask.java:264)
	at java.base/java.util.concurrent.ThreadPoolExecutor.runWorker(ThreadPoolExecutor.java:1136)
	at java.base/java.util.concurrent.ThreadPoolExecutor$Worker.run(ThreadPoolExecutor.java:635)
	at java.base/java.lang.Thread.run(Thread.java:833)
... Removed 25 stack frames</div></td></tr></table><p class="totop"><a href="#summary">back to summary</a></p>
<h3 id="m34">com.obsqura.scripts.TestClass#verify_searchbutton_with_ValidClientNameandId</h3><table class="result"><tr><th>Exception</th></tr><tr><td><div class="stacktrace">org.openqa.selenium.NoSuchElementException: Unable to locate element: *[name=&apos;LoginForm[username]&apos;]
For documentation on this error, please visit: https://selenium.dev/exceptions/#no_such_element
Build info: version: &apos;4.3.0&apos;, revision: &apos;a4995e2c09*&apos;
System info: host: &apos;DESKTOP-2IFVM62&apos;, ip: &apos;192.168.1.5&apos;, os.name: &apos;Windows 10&apos;, os.arch: &apos;amd64&apos;, os.version: &apos;10.0&apos;, java.version: &apos;17.0.2&apos;
Driver info: org.openqa.selenium.firefox.FirefoxDriver
Command: [d5a13031-5665-4efe-965d-165250cf9bde, findElement {using=name, value=LoginForm[username]}]
Capabilities {acceptInsecureCerts: true, browserName: firefox, browserVersion: 104.0, moz:accessibilityChecks: false, moz:buildID: 20220818191623, moz:debuggerAddress: localhost:61397, moz:geckodriverVersion: 0.31.0, moz:headless: false, moz:platformVersion: 10.0, moz:processID: 12912, moz:profile: C:\Users\user\AppData\Local..., moz:shutdownTimeout: 60000, moz:useNonSpecCompliantPointerOrigin: false, moz:webdriverClick: true, moz:windowless: false, pageLoadStrategy: normal, platformName: WINDOWS, proxy: Proxy(), se:cdp: ws://localhost:61397/devtoo..., se:cdpVersion: 85.0, setWindowRect: true, strictFileInteractability: false, timeouts: {implicit: 0, pageLoad: 300000, script: 30000}, unhandledPromptBehavior: dismiss and notify}
Session ID: d5a13031-5665-4efe-965d-165250cf9bde
	at org.openqa.selenium.remote.codec.w3c.W3CHttpResponseCodec.createException(W3CHttpResponseCodec.java:200)
	at org.openqa.selenium.remote.codec.w3c.W3CHttpResponseCodec.decode(W3CHttpResponseCodec.java:133)
	at org.openqa.selenium.remote.codec.w3c.W3CHttpResponseCodec.decode(W3CHttpResponseCodec.java:53)
	at org.openqa.selenium.remote.HttpCommandExecutor.execute(HttpCommandExecutor.java:184)
	at org.openqa.selenium.remote.service.DriverCommandExecutor.invokeExecute(DriverCommandExecutor.java:167)
	at org.openqa.selenium.remote.service.DriverCommandExecutor.execute(DriverCommandExecutor.java:142)
	at org.openqa.selenium.remote.RemoteWebDriver.execute(RemoteWebDriver.java:569)
	at org.openqa.selenium.remote.ElementLocation$ElementFinder$2.findElement(ElementLocation.java:162)
	at org.openqa.selenium.remote.ElementLocation.findElement(ElementLocation.java:60)
	at org.openqa.selenium.remote.RemoteWebDriver.findElement(RemoteWebDriver.java:387)
	at org.openqa.selenium.remote.RemoteWebDriver.findElement(RemoteWebDriver.java:379)
	at org.openqa.selenium.support.pagefactory.DefaultElementLocator.findElement(DefaultElementLocator.java:70)
	at org.openqa.selenium.support.pagefactory.internal.LocatingElementHandler.invoke(LocatingElementHandler.java:39)
	at jdk.proxy2/jdk.proxy2.$Proxy18.clear(Unknown Source)
	at com.obsqura.pages.LoginPage.setUsername(LoginPage.java:50)
	at com.obsqura.scripts.TestClass.verify_searchbutton_with_ValidClientNameandId(TestClass.java:338)
	at java.base/java.util.ArrayList.forEach(ArrayList.java:1511)
	at java.base/java.util.concurrent.FutureTask.run(FutureTask.java:264)
	at java.base/java.util.concurrent.ThreadPoolExecutor.runWorker(ThreadPoolExecutor.java:1136)
	at java.base/java.util.concurrent.ThreadPoolExecutor$Worker.run(ThreadPoolExecutor.java:635)
	at java.base/java.lang.Thread.run(Thread.java:833)
... Removed 22 stack frames</div></td></tr></table><p class="totop"><a href="#summary">back to summary</a></p>
<h3 id="m35">com.obsqura.scripts.TestClass#verify_user_able_to_CreateNewWorker_with_mandatoryFields</h3><table class="result"><tr><th>Exception</th></tr><tr><td><div class="stacktrace">org.openqa.selenium.ElementClickInterceptedException: Element &lt;button class=&quot;btn btn-success&quot; type=&quot;submit&quot;&gt; is not clickable at point (282,625) because another element &lt;p&gt; obscures it
Build info: version: &apos;4.3.0&apos;, revision: &apos;a4995e2c09*&apos;
System info: host: &apos;DESKTOP-2IFVM62&apos;, ip: &apos;192.168.1.5&apos;, os.name: &apos;Windows 10&apos;, os.arch: &apos;amd64&apos;, os.version: &apos;10.0&apos;, java.version: &apos;17.0.2&apos;
Driver info: org.openqa.selenium.firefox.FirefoxDriver
Command: [d5a13031-5665-4efe-965d-165250cf9bde, clickElement {id=ebec350d-e811-4b48-9775-0f55f1d6c3de}]
Capabilities {acceptInsecureCerts: true, browserName: firefox, browserVersion: 104.0, moz:accessibilityChecks: false, moz:buildID: 20220818191623, moz:debuggerAddress: localhost:61397, moz:geckodriverVersion: 0.31.0, moz:headless: false, moz:platformVersion: 10.0, moz:processID: 12912, moz:profile: C:\Users\user\AppData\Local..., moz:shutdownTimeout: 60000, moz:useNonSpecCompliantPointerOrigin: false, moz:webdriverClick: true, moz:windowless: false, pageLoadStrategy: normal, platformName: WINDOWS, proxy: Proxy(), se:cdp: ws://localhost:61397/devtoo..., se:cdpVersion: 85.0, setWindowRect: true, strictFileInteractability: false, timeouts: {implicit: 0, pageLoad: 300000, script: 30000}, unhandledPromptBehavior: dismiss and notify}
Element: [[FirefoxDriver: firefox on WINDOWS (d5a13031-5665-4efe-965d-165250cf9bde)] -&gt; xpath: //button[text()=&apos;Next&apos;]]
Session ID: d5a13031-5665-4efe-965d-165250cf9bde
	at org.openqa.selenium.remote.codec.w3c.W3CHttpResponseCodec.createException(W3CHttpResponseCodec.java:200)
	at org.openqa.selenium.remote.codec.w3c.W3CHttpResponseCodec.decode(W3CHttpResponseCodec.java:133)
	at org.openqa.selenium.remote.codec.w3c.W3CHttpResponseCodec.decode(W3CHttpResponseCodec.java:53)
	at org.openqa.selenium.remote.HttpCommandExecutor.execute(HttpCommandExecutor.java:184)
	at org.openqa.selenium.remote.service.DriverCommandExecutor.invokeExecute(DriverCommandExecutor.java:167)
	at org.openqa.selenium.remote.service.DriverCommandExecutor.execute(DriverCommandExecutor.java:142)
	at org.openqa.selenium.remote.RemoteWebDriver.execute(RemoteWebDriver.java:569)
	at org.openqa.selenium.remote.RemoteWebElement.execute(RemoteWebElement.java:257)
	at org.openqa.selenium.remote.RemoteWebElement.click(RemoteWebElement.java:78)
	at org.openqa.selenium.support.pagefactory.internal.LocatingElementHandler.invoke(LocatingElementHandler.java:52)
	at jdk.proxy2/jdk.proxy2.$Proxy18.click(Unknown Source)
	at com.obsqura.pages.Home_Workers.workerNextBtn(Home_Workers.java:206)
	at com.obsqura.scripts.TestClass.verify_user_able_to_CreateNewWorker_with_mandatoryFields(TestClass.java:575)
	at java.base/java.util.ArrayList.forEach(ArrayList.java:1511)
	at java.base/java.util.concurrent.FutureTask.run(FutureTask.java:264)
	at java.base/java.util.concurrent.ThreadPoolExecutor.runWorker(ThreadPoolExecutor.java:1136)
	at java.base/java.util.concurrent.ThreadPoolExecutor$Worker.run(ThreadPoolExecutor.java:635)
	at java.base/java.lang.Thread.run(Thread.java:833)
... Removed 25 stack frames</div></td></tr></table><p class="totop"><a href="#summary">back to summary</a></p>
<h3 id="m36">com.obsqura.scripts.TestClass#verifyworkerBankDetailsButton</h3><table class="result"><tr><th>Exception</th></tr><tr><td><div class="stacktrace">org.openqa.selenium.NoSuchElementException: Unable to locate element: //a[text()=&apos;Bank Details&apos;]
For documentation on this error, please visit: https://selenium.dev/exceptions/#no_such_element
Build info: version: &apos;4.3.0&apos;, revision: &apos;a4995e2c09*&apos;
System info: host: &apos;DESKTOP-2IFVM62&apos;, ip: &apos;192.168.1.5&apos;, os.name: &apos;Windows 10&apos;, os.arch: &apos;amd64&apos;, os.version: &apos;10.0&apos;, java.version: &apos;17.0.2&apos;
Driver info: org.openqa.selenium.firefox.FirefoxDriver
Command: [d5a13031-5665-4efe-965d-165250cf9bde, findElement {using=xpath, value=//a[text()=&apos;Bank Details&apos;]}]
Capabilities {acceptInsecureCerts: true, browserName: firefox, browserVersion: 104.0, moz:accessibilityChecks: false, moz:buildID: 20220818191623, moz:debuggerAddress: localhost:61397, moz:geckodriverVersion: 0.31.0, moz:headless: false, moz:platformVersion: 10.0, moz:processID: 12912, moz:profile: C:\Users\user\AppData\Local..., moz:shutdownTimeout: 60000, moz:useNonSpecCompliantPointerOrigin: false, moz:webdriverClick: true, moz:windowless: false, pageLoadStrategy: normal, platformName: WINDOWS, proxy: Proxy(), se:cdp: ws://localhost:61397/devtoo..., se:cdpVersion: 85.0, setWindowRect: true, strictFileInteractability: false, timeouts: {implicit: 0, pageLoad: 300000, script: 30000}, unhandledPromptBehavior: dismiss and notify}
Session ID: d5a13031-5665-4efe-965d-165250cf9bde
	at org.openqa.selenium.remote.codec.w3c.W3CHttpResponseCodec.createException(W3CHttpResponseCodec.java:200)
	at org.openqa.selenium.remote.codec.w3c.W3CHttpResponseCodec.decode(W3CHttpResponseCodec.java:133)
	at org.openqa.selenium.remote.codec.w3c.W3CHttpResponseCodec.decode(W3CHttpResponseCodec.java:53)
	at org.openqa.selenium.remote.HttpCommandExecutor.execute(HttpCommandExecutor.java:184)
	at org.openqa.selenium.remote.service.DriverCommandExecutor.invokeExecute(DriverCommandExecutor.java:167)
	at org.openqa.selenium.remote.service.DriverCommandExecutor.execute(DriverCommandExecutor.java:142)
	at org.openqa.selenium.remote.RemoteWebDriver.execute(RemoteWebDriver.java:569)
	at org.openqa.selenium.remote.ElementLocation$ElementFinder$2.findElement(ElementLocation.java:162)
	at org.openqa.selenium.remote.ElementLocation.findElement(ElementLocation.java:60)
	at org.openqa.selenium.remote.RemoteWebDriver.findElement(RemoteWebDriver.java:387)
	at org.openqa.selenium.remote.RemoteWebDriver.findElement(RemoteWebDriver.java:379)
	at org.openqa.selenium.support.pagefactory.DefaultElementLocator.findElement(DefaultElementLocator.java:70)
	at org.openqa.selenium.support.pagefactory.internal.LocatingElementHandler.invoke(LocatingElementHandler.java:39)
	at jdk.proxy2/jdk.proxy2.$Proxy18.click(Unknown Source)
	at com.obsqura.pages.Home_Workers.BankDetailsBtn(Home_Workers.java:210)
	at com.obsqura.scripts.TestClass.verifyworkerBankDetailsButton(TestClass.java:591)
	at java.base/java.util.ArrayList.forEach(ArrayList.java:1511)
	at java.base/java.util.concurrent.FutureTask.run(FutureTask.java:264)
	at java.base/java.util.concurrent.ThreadPoolExecutor.runWorker(ThreadPoolExecutor.java:1136)
	at java.base/java.util.concurrent.ThreadPoolExecutor$Worker.run(ThreadPoolExecutor.java:635)
	at java.base/java.lang.Thread.run(Thread.java:833)
... Removed 22 stack frames</div></td></tr></table><p class="totop"><a href="#summary">back to summary</a></p>
<h3 id="m37">com.obsqura.scripts.TestClass#verifyCarolThomasButton</h3><table class="result"><tr><th class="invisible"/></tr></table><p class="totop"><a href="#summary">back to summary</a></p>
<h3 id="m38">com.obsqura.scripts.TestClass#verifyClientsButton</h3><table class="result"><tr><th class="invisible"/></tr></table><p class="totop"><a href="#summary">back to summary</a></p>
<h3 id="m39">com.obsqura.scripts.TestClass#verifyCompanyButton</h3><table class="result"><tr><th class="invisible"/></tr></table><p class="totop"><a href="#summary">back to summary</a></p>
<h3 id="m40">com.obsqura.scripts.TestClass#verifyDeductionButton</h3><table class="result"><tr><th class="invisible"/></tr></table><p class="totop"><a href="#summary">back to summary</a></p>
<h3 id="m41">com.obsqura.scripts.TestClass#verifyEmailId_inResetPassword</h3><table class="result"><tr><th class="invisible"/></tr></table><p class="totop"><a href="#summary">back to summary</a></p>
<h3 id="m42">com.obsqura.scripts.TestClass#verifyInvoiceButton</h3><table class="result"><tr><th class="invisible"/></tr></table><p class="totop"><a href="#summary">back to summary</a></p>
<h3 id="m43">com.obsqura.scripts.TestClass#verifyLogin_with_incorrectUsername_and_incorrectpassword</h3><table class="result"><tr><th class="invisible"/></tr></table><p class="totop"><a href="#summary">back to summary</a></p>
<h3 id="m44">com.obsqura.scripts.TestClass#verifyPayslipButton</h3><table class="result"><tr><th class="invisible"/></tr></table><p class="totop"><a href="#summary">back to summary</a></p>
<h3 id="m45">com.obsqura.scripts.TestClass#verifyReportButton</h3><table class="result"><tr><th class="invisible"/></tr></table><p class="totop"><a href="#summary">back to summary</a></p>
<h3 id="m46">com.obsqura.scripts.TestClass#verifyResetPassword_WithInvalidEmailId</h3><table class="result"><tr><th class="invisible"/></tr></table><p class="totop"><a href="#summary">back to summary</a></p>
<h3 id="m47">com.obsqura.scripts.TestClass#verifyResetitButton</h3><table class="result"><tr><th class="invisible"/></tr></table><p class="totop"><a href="#summary">back to summary</a></p>
<h3 id="m48">com.obsqura.scripts.TestClass#verifySearchClient_Using_InValidName_and_ID</h3><table class="result"><tr><th class="invisible"/></tr></table><p class="totop"><a href="#summary">back to summary</a></p>
<h3 id="m49">com.obsqura.scripts.TestClass#verifySearch_ValidClient_UsingValidIDOnly</h3><table class="result"><tr><th class="invisible"/></tr></table><p class="totop"><a href="#summary">back to summary</a></p>
<h3 id="m50">com.obsqura.scripts.TestClass#verifySettingsButton</h3><table class="result"><tr><th class="invisible"/></tr></table><p class="totop"><a href="#summary">back to summary</a></p>
<h3 id="m51">com.obsqura.scripts.TestClass#verifyTimeSheetButton</h3><table class="result"><tr><th class="invisible"/></tr></table><p class="totop"><a href="#summary">back to summary</a></p>
<h3 id="m52">com.obsqura.scripts.TestClass#verifyViewProfile_inCarolThomasButton</h3><table class="result"><tr><th class="invisible"/></tr></table><p class="totop"><a href="#summary">back to summary</a></p>
<h3 id="m53">com.obsqura.scripts.TestClass#verifyWorkersButton</h3><table class="result"><tr><th class="invisible"/></tr></table><p class="totop"><a href="#summary">back to summary</a></p>
<h3 id="m54">com.obsqura.scripts.TestClass#verify_CreateNewClientButton</h3><table class="result"><tr><th class="invisible"/></tr></table><p class="totop"><a href="#summary">back to summary</a></p>
<h3 id="m55">com.obsqura.scripts.TestClass#verify_CreateNewWorkerButton</h3><table class="result"><tr><th class="invisible"/></tr></table><p class="totop"><a href="#summary">back to summary</a></p>
<h3 id="m56">com.obsqura.scripts.TestClass#verify_Login_with_correctUsername_and_password</h3><table class="result"><tr><th class="invisible"/></tr></table><p class="totop"><a href="#summary">back to summary</a></p>
<h3 id="m57">com.obsqura.scripts.TestClass#verify_invalidLogin_using_dataprovider</h3><table class="result"><tr class="param"><th>Parameter #1</th></tr><tr class="param stripe"><td>1q2w3e4r</td></tr></table><p class="totop"><a href="#summary">back to summary</a></p>
<h3 id="m58">com.obsqura.scripts.TestClass#verify_search_ValidClient_UsingValidNameOnly</h3><table class="result"><tr><th class="invisible"/></tr></table><p class="totop"><a href="#summary">back to summary</a></p>
<h3 id="m59">com.obsqura.scripts.TestClass#verify_user_can_search_ValidWorker</h3><table class="result"><tr><th class="invisible"/></tr></table><p class="totop"><a href="#summary">back to summary</a></p>
</body>
</html>
