<?xml version="1.0" encoding="UTF-8"?>
<testng-results ignored="0" total="60" passed="50" failed="10" skipped="0">
  <reporter-output>
  </reporter-output>
  <suite started-at="2022-08-27T09:13:05 PDT" name="Suite" finished-at="2022-08-27T09:17:48 PDT" duration-ms="282777">
    <groups>
    </groups>
    <test started-at="2022-08-27T09:13:05 PDT" name="RegressionTest" finished-at="2022-08-27T09:17:27 PDT" duration-ms="261991">
      <class name="com.obsqura.scripts.TestClass">
        <test-method is-config="true" signature="setUp(java.lang.String)[pri:0, instance:com.obsqura.scripts.TestClass@7b4c50bc]" started-at="2022-08-27T09:13:05 PDT" name="setUp" finished-at="2022-08-27T09:14:06 PDT" duration-ms="61508" status="PASS">
          <params>
            <param index="0">
              <value>
                <![CDATA[chrome]]>
              </value>
            </param>
          </params>
          <reporter-output>
          </reporter-output>
        </test-method> <!-- setUp -->
        <test-method signature="verify_invalidLogin_using_dataprovider(java.lang.String)[pri:0, instance:com.obsqura.scripts.TestClass@7b4c50bc]" started-at="2022-08-27T09:14:07 PDT" name="verify_invalidLogin_using_dataprovider" data-provider="dataProvider1" finished-at="2022-08-27T09:14:12 PDT" duration-ms="5227" status="PASS">
          <params>
            <param index="0">
              <value>
                <![CDATA[1q2w3e4r]]>
              </value>
            </param>
          </params>
          <reporter-output>
          </reporter-output>
        </test-method> <!-- verify_invalidLogin_using_dataprovider -->
        <test-method is-config="true" signature="tearDown(org.testng.ITestResult)[pri:0, instance:com.obsqura.scripts.TestClass@7b4c50bc]" started-at="2022-08-27T09:14:12 PDT" name="tearDown" finished-at="2022-08-27T09:14:12 PDT" duration-ms="3" status="PASS">
          <params>
            <param index="0">
              <value>
                <![CDATA[[TestResult name=verify_invalidLogin_using_dataprovider status=SUCCESS method=TestClass.verify_invalidLogin_using_dataprovider(java.lang.String)[pri:0, instance:com.obsqura.scripts.TestClass@7b4c50bc] output={null}]]]>
              </value>
            </param>
          </params>
          <reporter-output>
          </reporter-output>
        </test-method> <!-- tearDown -->
        <test-method signature="verifyLogin_with_incorrectUsername_and_incorrectpassword()[pri:1, instance:com.obsqura.scripts.TestClass@7b4c50bc]" started-at="2022-08-27T09:14:12 PDT" name="verifyLogin_with_incorrectUsername_and_incorrectpassword" finished-at="2022-08-27T09:15:43 PDT" duration-ms="91157" status="PASS">
          <reporter-output>
          </reporter-output>
        </test-method> <!-- verifyLogin_with_incorrectUsername_and_incorrectpassword -->
        <test-method is-config="true" signature="tearDown(org.testng.ITestResult)[pri:0, instance:com.obsqura.scripts.TestClass@7b4c50bc]" started-at="2022-08-27T09:15:43 PDT" name="tearDown" finished-at="2022-08-27T09:15:43 PDT" duration-ms="1" status="PASS">
          <params>
            <param index="0">
              <value>
                <![CDATA[[TestResult name=verifyLogin_with_incorrectUsername_and_incorrectpassword status=SUCCESS method=TestClass.verifyLogin_with_incorrectUsername_and_incorrectpassword()[pri:1, instance:com.obsqura.scripts.TestClass@7b4c50bc] output={null}]]]>
              </value>
            </param>
          </params>
          <reporter-output>
          </reporter-output>
        </test-method> <!-- tearDown -->
        <test-method signature="verifyLogin_with_no_username_and_password()[pri:2, instance:com.obsqura.scripts.TestClass@7b4c50bc]" started-at="2022-08-27T09:15:43 PDT" name="verifyLogin_with_no_username_and_password" finished-at="2022-08-27T09:15:45 PDT" duration-ms="2165" status="PASS">
          <reporter-output>
          </reporter-output>
        </test-method> <!-- verifyLogin_with_no_username_and_password -->
        <test-method is-config="true" signature="tearDown(org.testng.ITestResult)[pri:0, instance:com.obsqura.scripts.TestClass@7b4c50bc]" started-at="2022-08-27T09:15:45 PDT" name="tearDown" finished-at="2022-08-27T09:15:45 PDT" duration-ms="0" status="PASS">
          <params>
            <param index="0">
              <value>
                <![CDATA[[TestResult name=verifyLogin_with_no_username_and_password status=SUCCESS method=TestClass.verifyLogin_with_no_username_and_password()[pri:2, instance:com.obsqura.scripts.TestClass@7b4c50bc] output={null}]]]>
              </value>
            </param>
          </params>
          <reporter-output>
          </reporter-output>
        </test-method> <!-- tearDown -->
        <test-method signature="verifyResetitButton()[pri:3, instance:com.obsqura.scripts.TestClass@7b4c50bc]" started-at="2022-08-27T09:15:45 PDT" name="verifyResetitButton" finished-at="2022-08-27T09:15:47 PDT" duration-ms="1837" status="PASS">
          <reporter-output>
          </reporter-output>
        </test-method> <!-- verifyResetitButton -->
        <test-method is-config="true" signature="tearDown(org.testng.ITestResult)[pri:0, instance:com.obsqura.scripts.TestClass@7b4c50bc]" started-at="2022-08-27T09:15:47 PDT" name="tearDown" finished-at="2022-08-27T09:15:47 PDT" duration-ms="1" status="PASS">
          <params>
            <param index="0">
              <value>
                <![CDATA[[TestResult name=verifyResetitButton status=SUCCESS method=TestClass.verifyResetitButton()[pri:3, instance:com.obsqura.scripts.TestClass@7b4c50bc] output={null}]]]>
              </value>
            </param>
          </params>
          <reporter-output>
          </reporter-output>
        </test-method> <!-- tearDown -->
        <test-method signature="verifyResetPassword_WithInvalidEmailId()[pri:4, instance:com.obsqura.scripts.TestClass@7b4c50bc]" started-at="2022-08-27T09:15:47 PDT" name="verifyResetPassword_WithInvalidEmailId" finished-at="2022-08-27T09:15:49 PDT" duration-ms="2090" status="PASS">
          <reporter-output>
          </reporter-output>
        </test-method> <!-- verifyResetPassword_WithInvalidEmailId -->
        <test-method is-config="true" signature="tearDown(org.testng.ITestResult)[pri:0, instance:com.obsqura.scripts.TestClass@7b4c50bc]" started-at="2022-08-27T09:15:49 PDT" name="tearDown" finished-at="2022-08-27T09:15:49 PDT" duration-ms="2" status="PASS">
          <params>
            <param index="0">
              <value>
                <![CDATA[[TestResult name=verifyResetPassword_WithInvalidEmailId status=SUCCESS method=TestClass.verifyResetPassword_WithInvalidEmailId()[pri:4, instance:com.obsqura.scripts.TestClass@7b4c50bc] output={null}]]]>
              </value>
            </param>
          </params>
          <reporter-output>
          </reporter-output>
        </test-method> <!-- tearDown -->
        <test-method signature="verifyEmailId_inResetPassword()[pri:5, instance:com.obsqura.scripts.TestClass@7b4c50bc]" started-at="2022-08-27T09:15:49 PDT" name="verifyEmailId_inResetPassword" finished-at="2022-08-27T09:15:51 PDT" duration-ms="2245" status="PASS">
          <reporter-output>
          </reporter-output>
        </test-method> <!-- verifyEmailId_inResetPassword -->
        <test-method is-config="true" signature="tearDown(org.testng.ITestResult)[pri:0, instance:com.obsqura.scripts.TestClass@7b4c50bc]" started-at="2022-08-27T09:15:51 PDT" name="tearDown" finished-at="2022-08-27T09:15:51 PDT" duration-ms="1" status="PASS">
          <params>
            <param index="0">
              <value>
                <![CDATA[[TestResult name=verifyEmailId_inResetPassword status=SUCCESS method=TestClass.verifyEmailId_inResetPassword()[pri:5, instance:com.obsqura.scripts.TestClass@7b4c50bc] output={null}]]]>
              </value>
            </param>
          </params>
          <reporter-output>
          </reporter-output>
        </test-method> <!-- tearDown -->
        <test-method signature="verify_Login_with_correctUsername_and_password()[pri:6, instance:com.obsqura.scripts.TestClass@7b4c50bc]" started-at="2022-08-27T09:15:51 PDT" name="verify_Login_with_correctUsername_and_password" finished-at="2022-08-27T09:15:54 PDT" duration-ms="2767" status="PASS">
          <reporter-output>
          </reporter-output>
        </test-method> <!-- verify_Login_with_correctUsername_and_password -->
        <test-method is-config="true" signature="tearDown(org.testng.ITestResult)[pri:0, instance:com.obsqura.scripts.TestClass@7b4c50bc]" started-at="2022-08-27T09:15:54 PDT" name="tearDown" finished-at="2022-08-27T09:15:54 PDT" duration-ms="1" status="PASS">
          <params>
            <param index="0">
              <value>
                <![CDATA[[TestResult name=verify_Login_with_correctUsername_and_password status=SUCCESS method=TestClass.verify_Login_with_correctUsername_and_password()[pri:6, instance:com.obsqura.scripts.TestClass@7b4c50bc] output={null}]]]>
              </value>
            </param>
          </params>
          <reporter-output>
          </reporter-output>
        </test-method> <!-- tearDown -->
        <test-method signature="verifyDashBoardButton()[pri:7, instance:com.obsqura.scripts.TestClass@7b4c50bc]" started-at="2022-08-27T09:15:54 PDT" name="verifyDashBoardButton" finished-at="2022-08-27T09:16:01 PDT" duration-ms="6411" status="PASS">
          <reporter-output>
          </reporter-output>
        </test-method> <!-- verifyDashBoardButton -->
        <test-method is-config="true" signature="tearDown(org.testng.ITestResult)[pri:0, instance:com.obsqura.scripts.TestClass@7b4c50bc]" started-at="2022-08-27T09:16:01 PDT" name="tearDown" finished-at="2022-08-27T09:16:01 PDT" duration-ms="0" status="PASS">
          <params>
            <param index="0">
              <value>
                <![CDATA[[TestResult name=verifyDashBoardButton status=SUCCESS method=TestClass.verifyDashBoardButton()[pri:7, instance:com.obsqura.scripts.TestClass@7b4c50bc] output={null}]]]>
              </value>
            </param>
          </params>
          <reporter-output>
          </reporter-output>
        </test-method> <!-- tearDown -->
        <test-method signature="verifyCompanyButton()[pri:8, instance:com.obsqura.scripts.TestClass@7b4c50bc]" started-at="2022-08-27T09:16:01 PDT" name="verifyCompanyButton" finished-at="2022-08-27T09:16:01 PDT" duration-ms="893" status="PASS">
          <reporter-output>
          </reporter-output>
        </test-method> <!-- verifyCompanyButton -->
        <test-method is-config="true" signature="tearDown(org.testng.ITestResult)[pri:0, instance:com.obsqura.scripts.TestClass@7b4c50bc]" started-at="2022-08-27T09:16:01 PDT" name="tearDown" finished-at="2022-08-27T09:16:01 PDT" duration-ms="4" status="PASS">
          <params>
            <param index="0">
              <value>
                <![CDATA[[TestResult name=verifyCompanyButton status=SUCCESS method=TestClass.verifyCompanyButton()[pri:8, instance:com.obsqura.scripts.TestClass@7b4c50bc] output={null}]]]>
              </value>
            </param>
          </params>
          <reporter-output>
          </reporter-output>
        </test-method> <!-- tearDown -->
        <test-method signature="verifyClientsButton()[pri:9, instance:com.obsqura.scripts.TestClass@7b4c50bc]" started-at="2022-08-27T09:16:01 PDT" name="verifyClientsButton" finished-at="2022-08-27T09:16:13 PDT" duration-ms="11248" status="PASS">
          <reporter-output>
          </reporter-output>
        </test-method> <!-- verifyClientsButton -->
        <test-method is-config="true" signature="tearDown(org.testng.ITestResult)[pri:0, instance:com.obsqura.scripts.TestClass@7b4c50bc]" started-at="2022-08-27T09:16:13 PDT" name="tearDown" finished-at="2022-08-27T09:16:13 PDT" duration-ms="1" status="PASS">
          <params>
            <param index="0">
              <value>
                <![CDATA[[TestResult name=verifyClientsButton status=SUCCESS method=TestClass.verifyClientsButton()[pri:9, instance:com.obsqura.scripts.TestClass@7b4c50bc] output={null}]]]>
              </value>
            </param>
          </params>
          <reporter-output>
          </reporter-output>
        </test-method> <!-- tearDown -->
        <test-method signature="verifyWorkersButton()[pri:10, instance:com.obsqura.scripts.TestClass@7b4c50bc]" started-at="2022-08-27T09:16:13 PDT" name="verifyWorkersButton" finished-at="2022-08-27T09:16:14 PDT" duration-ms="1346" status="PASS">
          <reporter-output>
          </reporter-output>
        </test-method> <!-- verifyWorkersButton -->
        <test-method is-config="true" signature="tearDown(org.testng.ITestResult)[pri:0, instance:com.obsqura.scripts.TestClass@7b4c50bc]" started-at="2022-08-27T09:16:14 PDT" name="tearDown" finished-at="2022-08-27T09:16:14 PDT" duration-ms="1" status="PASS">
          <params>
            <param index="0">
              <value>
                <![CDATA[[TestResult name=verifyWorkersButton status=SUCCESS method=TestClass.verifyWorkersButton()[pri:10, instance:com.obsqura.scripts.TestClass@7b4c50bc] output={null}]]]>
              </value>
            </param>
          </params>
          <reporter-output>
          </reporter-output>
        </test-method> <!-- tearDown -->
        <test-method signature="verifyDeductionButton()[pri:11, instance:com.obsqura.scripts.TestClass@7b4c50bc]" started-at="2022-08-27T09:16:14 PDT" name="verifyDeductionButton" finished-at="2022-08-27T09:16:16 PDT" duration-ms="1806" status="PASS">
          <reporter-output>
          </reporter-output>
        </test-method> <!-- verifyDeductionButton -->
        <test-method is-config="true" signature="tearDown(org.testng.ITestResult)[pri:0, instance:com.obsqura.scripts.TestClass@7b4c50bc]" started-at="2022-08-27T09:16:16 PDT" name="tearDown" finished-at="2022-08-27T09:16:16 PDT" duration-ms="1" status="PASS">
          <params>
            <param index="0">
              <value>
                <![CDATA[[TestResult name=verifyDeductionButton status=SUCCESS method=TestClass.verifyDeductionButton()[pri:11, instance:com.obsqura.scripts.TestClass@7b4c50bc] output={null}]]]>
              </value>
            </param>
          </params>
          <reporter-output>
          </reporter-output>
        </test-method> <!-- tearDown -->
        <test-method signature="verifyTimeSheetButton()[pri:12, instance:com.obsqura.scripts.TestClass@7b4c50bc]" started-at="2022-08-27T09:16:16 PDT" name="verifyTimeSheetButton" finished-at="2022-08-27T09:16:17 PDT" duration-ms="1324" status="PASS">
          <reporter-output>
          </reporter-output>
        </test-method> <!-- verifyTimeSheetButton -->
        <test-method is-config="true" signature="tearDown(org.testng.ITestResult)[pri:0, instance:com.obsqura.scripts.TestClass@7b4c50bc]" started-at="2022-08-27T09:16:17 PDT" name="tearDown" finished-at="2022-08-27T09:16:17 PDT" duration-ms="1" status="PASS">
          <params>
            <param index="0">
              <value>
                <![CDATA[[TestResult name=verifyTimeSheetButton status=SUCCESS method=TestClass.verifyTimeSheetButton()[pri:12, instance:com.obsqura.scripts.TestClass@7b4c50bc] output={null}]]]>
              </value>
            </param>
          </params>
          <reporter-output>
          </reporter-output>
        </test-method> <!-- tearDown -->
        <test-method signature="verifyPayslipButton()[pri:13, instance:com.obsqura.scripts.TestClass@7b4c50bc]" started-at="2022-08-27T09:16:17 PDT" name="verifyPayslipButton" finished-at="2022-08-27T09:16:19 PDT" duration-ms="1350" status="PASS">
          <reporter-output>
          </reporter-output>
        </test-method> <!-- verifyPayslipButton -->
        <test-method is-config="true" signature="tearDown(org.testng.ITestResult)[pri:0, instance:com.obsqura.scripts.TestClass@7b4c50bc]" started-at="2022-08-27T09:16:19 PDT" name="tearDown" finished-at="2022-08-27T09:16:19 PDT" duration-ms="1" status="PASS">
          <params>
            <param index="0">
              <value>
                <![CDATA[[TestResult name=verifyPayslipButton status=SUCCESS method=TestClass.verifyPayslipButton()[pri:13, instance:com.obsqura.scripts.TestClass@7b4c50bc] output={null}]]]>
              </value>
            </param>
          </params>
          <reporter-output>
          </reporter-output>
        </test-method> <!-- tearDown -->
        <test-method signature="verifyInvoiceButton()[pri:14, instance:com.obsqura.scripts.TestClass@7b4c50bc]" started-at="2022-08-27T09:16:19 PDT" name="verifyInvoiceButton" finished-at="2022-08-27T09:16:20 PDT" duration-ms="1815" status="PASS">
          <reporter-output>
          </reporter-output>
        </test-method> <!-- verifyInvoiceButton -->
        <test-method is-config="true" signature="tearDown(org.testng.ITestResult)[pri:0, instance:com.obsqura.scripts.TestClass@7b4c50bc]" started-at="2022-08-27T09:16:20 PDT" name="tearDown" finished-at="2022-08-27T09:16:20 PDT" duration-ms="0" status="PASS">
          <params>
            <param index="0">
              <value>
                <![CDATA[[TestResult name=verifyInvoiceButton status=SUCCESS method=TestClass.verifyInvoiceButton()[pri:14, instance:com.obsqura.scripts.TestClass@7b4c50bc] output={null}]]]>
              </value>
            </param>
          </params>
          <reporter-output>
          </reporter-output>
        </test-method> <!-- tearDown -->
        <test-method signature="verifyReportButton()[pri:15, instance:com.obsqura.scripts.TestClass@7b4c50bc]" started-at="2022-08-27T09:16:20 PDT" name="verifyReportButton" finished-at="2022-08-27T09:16:32 PDT" duration-ms="11427" status="PASS">
          <reporter-output>
          </reporter-output>
        </test-method> <!-- verifyReportButton -->
        <test-method is-config="true" signature="tearDown(org.testng.ITestResult)[pri:0, instance:com.obsqura.scripts.TestClass@7b4c50bc]" started-at="2022-08-27T09:16:32 PDT" name="tearDown" finished-at="2022-08-27T09:16:32 PDT" duration-ms="2" status="PASS">
          <params>
            <param index="0">
              <value>
                <![CDATA[[TestResult name=verifyReportButton status=SUCCESS method=TestClass.verifyReportButton()[pri:15, instance:com.obsqura.scripts.TestClass@7b4c50bc] output={null}]]]>
              </value>
            </param>
          </params>
          <reporter-output>
          </reporter-output>
        </test-method> <!-- tearDown -->
        <test-method signature="verifySettingsButton()[pri:16, instance:com.obsqura.scripts.TestClass@7b4c50bc]" started-at="2022-08-27T09:16:32 PDT" name="verifySettingsButton" finished-at="2022-08-27T09:16:33 PDT" duration-ms="1180" status="PASS">
          <reporter-output>
          </reporter-output>
        </test-method> <!-- verifySettingsButton -->
        <test-method is-config="true" signature="tearDown(org.testng.ITestResult)[pri:0, instance:com.obsqura.scripts.TestClass@7b4c50bc]" started-at="2022-08-27T09:16:33 PDT" name="tearDown" finished-at="2022-08-27T09:16:33 PDT" duration-ms="0" status="PASS">
          <params>
            <param index="0">
              <value>
                <![CDATA[[TestResult name=verifySettingsButton status=SUCCESS method=TestClass.verifySettingsButton()[pri:16, instance:com.obsqura.scripts.TestClass@7b4c50bc] output={null}]]]>
              </value>
            </param>
          </params>
          <reporter-output>
          </reporter-output>
        </test-method> <!-- tearDown -->
        <test-method signature="verifyCarolThomasButton()[pri:17, instance:com.obsqura.scripts.TestClass@7b4c50bc]" started-at="2022-08-27T09:16:33 PDT" name="verifyCarolThomasButton" finished-at="2022-08-27T09:16:34 PDT" duration-ms="1179" status="PASS">
          <reporter-output>
          </reporter-output>
        </test-method> <!-- verifyCarolThomasButton -->
        <test-method is-config="true" signature="tearDown(org.testng.ITestResult)[pri:0, instance:com.obsqura.scripts.TestClass@7b4c50bc]" started-at="2022-08-27T09:16:34 PDT" name="tearDown" finished-at="2022-08-27T09:16:34 PDT" duration-ms="1" status="PASS">
          <params>
            <param index="0">
              <value>
                <![CDATA[[TestResult name=verifyCarolThomasButton status=SUCCESS method=TestClass.verifyCarolThomasButton()[pri:17, instance:com.obsqura.scripts.TestClass@7b4c50bc] output={null}]]]>
              </value>
            </param>
          </params>
          <reporter-output>
          </reporter-output>
        </test-method> <!-- tearDown -->
        <test-method signature="verifyViewProfile_inCarolThomasButton()[pri:18, instance:com.obsqura.scripts.TestClass@7b4c50bc]" started-at="2022-08-27T09:16:34 PDT" name="verifyViewProfile_inCarolThomasButton" finished-at="2022-08-27T09:16:36 PDT" duration-ms="2187" status="PASS">
          <reporter-output>
          </reporter-output>
        </test-method> <!-- verifyViewProfile_inCarolThomasButton -->
        <test-method is-config="true" signature="tearDown(org.testng.ITestResult)[pri:0, instance:com.obsqura.scripts.TestClass@7b4c50bc]" started-at="2022-08-27T09:16:36 PDT" name="tearDown" finished-at="2022-08-27T09:16:36 PDT" duration-ms="1" status="PASS">
          <params>
            <param index="0">
              <value>
                <![CDATA[[TestResult name=verifyViewProfile_inCarolThomasButton status=SUCCESS method=TestClass.verifyViewProfile_inCarolThomasButton()[pri:18, instance:com.obsqura.scripts.TestClass@7b4c50bc] output={null}]]]>
              </value>
            </param>
          </params>
          <reporter-output>
          </reporter-output>
        </test-method> <!-- tearDown -->
        <test-method signature="verifyLogout_inCarolThomasButton()[pri:19, instance:com.obsqura.scripts.TestClass@7b4c50bc]" started-at="2022-08-27T09:16:36 PDT" name="verifyLogout_inCarolThomasButton" finished-at="2022-08-27T09:16:36 PDT" duration-ms="44" status="FAIL">
          <exception class="java.lang.NullPointerException">
            <message>
              <![CDATA[Cannot invoke "com.obsqura.utility.PageUtility.implicitWait()" because "this.obj2" is null]]>
            </message>
            <full-stacktrace>
              <![CDATA[java.lang.NullPointerException: Cannot invoke "com.obsqura.utility.PageUtility.implicitWait()" because "this.obj2" is null
at com.obsqura.scripts.TestClass.verifyLogout_inCarolThomasButton(TestClass.java:228)
at java.base/jdk.internal.reflect.NativeMethodAccessorImpl.invoke0(Native Method)
at java.base/jdk.internal.reflect.NativeMethodAccessorImpl.invoke(NativeMethodAccessorImpl.java:77)
at java.base/jdk.internal.reflect.DelegatingMethodAccessorImpl.invoke(DelegatingMethodAccessorImpl.java:43)
at java.base/java.lang.reflect.Method.invoke(Method.java:568)
at org.testng.internal.invokers.MethodInvocationHelper.invokeMethod(MethodInvocationHelper.java:139)
at org.testng.internal.invokers.TestInvoker.invokeMethod(TestInvoker.java:677)
at org.testng.internal.invokers.TestInvoker.invokeTestMethod(TestInvoker.java:221)
at org.testng.internal.invokers.MethodRunner.runInSequence(MethodRunner.java:50)
at org.testng.internal.invokers.TestInvoker$MethodInvocationAgent.invoke(TestInvoker.java:962)
at org.testng.internal.invokers.TestInvoker.invokeTestMethods(TestInvoker.java:194)
at org.testng.internal.invokers.TestMethodWorker.invokeTestMethods(TestMethodWorker.java:148)
at org.testng.internal.invokers.TestMethodWorker.run(TestMethodWorker.java:128)
at java.base/java.util.ArrayList.forEach(ArrayList.java:1511)
at org.testng.TestRunner.privateRun(TestRunner.java:806)
at org.testng.TestRunner.run(TestRunner.java:601)
at org.testng.SuiteRunner.runTest(SuiteRunner.java:433)
at org.testng.SuiteRunner$SuiteWorker.run(SuiteRunner.java:471)
at org.testng.internal.thread.ThreadUtil.lambda$execute$0(ThreadUtil.java:58)
at java.base/java.util.concurrent.FutureTask.run(FutureTask.java:264)
at java.base/java.util.concurrent.ThreadPoolExecutor.runWorker(ThreadPoolExecutor.java:1136)
at java.base/java.util.concurrent.ThreadPoolExecutor$Worker.run(ThreadPoolExecutor.java:635)
at java.base/java.lang.Thread.run(Thread.java:833)
]]>
            </full-stacktrace>
          </exception> <!-- java.lang.NullPointerException -->
          <reporter-output>
          </reporter-output>
        </test-method> <!-- verifyLogout_inCarolThomasButton -->
        <test-method is-config="true" signature="tearDown(org.testng.ITestResult)[pri:0, instance:com.obsqura.scripts.TestClass@7b4c50bc]" started-at="2022-08-27T09:16:36 PDT" name="tearDown" finished-at="2022-08-27T09:16:37 PDT" duration-ms="196" status="PASS">
          <params>
            <param index="0">
              <value>
                <![CDATA[[TestResult name=verifyLogout_inCarolThomasButton status=FAILURE method=TestClass.verifyLogout_inCarolThomasButton()[pri:19, instance:com.obsqura.scripts.TestClass@7b4c50bc] output={null}]]]>
              </value>
            </param>
          </params>
          <reporter-output>
          </reporter-output>
        </test-method> <!-- tearDown -->
        <test-method signature="verify_searchbutton_with_ValidClientNameandId()[pri:20, instance:com.obsqura.scripts.TestClass@7b4c50bc]" started-at="2022-08-27T09:16:37 PDT" name="verify_searchbutton_with_ValidClientNameandId" finished-at="2022-08-27T09:16:38 PDT" duration-ms="1583" status="FAIL">
          <exception class="org.openqa.selenium.NoSuchElementException">
            <message>
              <![CDATA[no such element: Unable to locate element: {"method":"css selector","selector":"*[name='LoginForm[username]']"}
  (Session info: chrome=104.0.5112.101)
For documentation on this error, please visit: https://selenium.dev/exceptions/#no_such_element
Build info: version: '4.3.0', revision: 'a4995e2c09*'
System info: host: 'DESKTOP-2IFVM62', ip: '192.168.1.5', os.name: 'Windows 10', os.arch: 'amd64', os.version: '10.0', java.version: '17.0.2'
Driver info: org.openqa.selenium.chrome.ChromeDriver
Command: [959ddb5a9f23b4c1c8aa53a03981bdd3, findElement {using=name, value=LoginForm[username]}]
Capabilities {acceptInsecureCerts: false, browserName: chrome, browserVersion: 104.0.5112.101, chrome: {chromedriverVersion: 103.0.5060.53 (a1711811edd7..., userDataDir: C:\Users\user\AppData\Local...}, goog:chromeOptions: {debuggerAddress: localhost:64943}, networkConnectionEnabled: false, pageLoadStrategy: normal, platformName: WINDOWS, proxy: Proxy(), se:cdp: ws://localhost:64943/devtoo..., se:cdpVersion: 104.0.5112.101, setWindowRect: true, strictFileInteractability: false, timeouts: {implicit: 0, pageLoad: 300000, script: 30000}, unhandledPromptBehavior: dismiss and notify, webauthn:extension:credBlob: true, webauthn:extension:largeBlob: true, webauthn:virtualAuthenticators: true}
Session ID: 959ddb5a9f23b4c1c8aa53a03981bdd3]]>
            </message>
            <full-stacktrace>
              <![CDATA[org.openqa.selenium.NoSuchElementException: no such element: Unable to locate element: {"method":"css selector","selector":"*[name='LoginForm[username]']"}
  (Session info: chrome=104.0.5112.101)
For documentation on this error, please visit: https://selenium.dev/exceptions/#no_such_element
Build info: version: '4.3.0', revision: 'a4995e2c09*'
System info: host: 'DESKTOP-2IFVM62', ip: '192.168.1.5', os.name: 'Windows 10', os.arch: 'amd64', os.version: '10.0', java.version: '17.0.2'
Driver info: org.openqa.selenium.chrome.ChromeDriver
Command: [959ddb5a9f23b4c1c8aa53a03981bdd3, findElement {using=name, value=LoginForm[username]}]
Capabilities {acceptInsecureCerts: false, browserName: chrome, browserVersion: 104.0.5112.101, chrome: {chromedriverVersion: 103.0.5060.53 (a1711811edd7..., userDataDir: C:\Users\user\AppData\Local...}, goog:chromeOptions: {debuggerAddress: localhost:64943}, networkConnectionEnabled: false, pageLoadStrategy: normal, platformName: WINDOWS, proxy: Proxy(), se:cdp: ws://localhost:64943/devtoo..., se:cdpVersion: 104.0.5112.101, setWindowRect: true, strictFileInteractability: false, timeouts: {implicit: 0, pageLoad: 300000, script: 30000}, unhandledPromptBehavior: dismiss and notify, webauthn:extension:credBlob: true, webauthn:extension:largeBlob: true, webauthn:virtualAuthenticators: true}
Session ID: 959ddb5a9f23b4c1c8aa53a03981bdd3
at java.base/jdk.internal.reflect.NativeConstructorAccessorImpl.newInstance0(Native Method)
at java.base/jdk.internal.reflect.NativeConstructorAccessorImpl.newInstance(NativeConstructorAccessorImpl.java:77)
at java.base/jdk.internal.reflect.DelegatingConstructorAccessorImpl.newInstance(DelegatingConstructorAccessorImpl.java:45)
at java.base/java.lang.reflect.Constructor.newInstanceWithCaller(Constructor.java:499)
at java.base/java.lang.reflect.Constructor.newInstance(Constructor.java:480)
at org.openqa.selenium.remote.codec.w3c.W3CHttpResponseCodec.createException(W3CHttpResponseCodec.java:200)
at org.openqa.selenium.remote.codec.w3c.W3CHttpResponseCodec.decode(W3CHttpResponseCodec.java:133)
at org.openqa.selenium.remote.codec.w3c.W3CHttpResponseCodec.decode(W3CHttpResponseCodec.java:53)
at org.openqa.selenium.remote.HttpCommandExecutor.execute(HttpCommandExecutor.java:184)
at org.openqa.selenium.remote.service.DriverCommandExecutor.invokeExecute(DriverCommandExecutor.java:167)
at org.openqa.selenium.remote.service.DriverCommandExecutor.execute(DriverCommandExecutor.java:142)
at org.openqa.selenium.remote.RemoteWebDriver.execute(RemoteWebDriver.java:569)
at org.openqa.selenium.remote.ElementLocation$ElementFinder$2.findElement(ElementLocation.java:162)
at org.openqa.selenium.remote.ElementLocation.findElement(ElementLocation.java:60)
at org.openqa.selenium.remote.RemoteWebDriver.findElement(RemoteWebDriver.java:387)
at org.openqa.selenium.remote.RemoteWebDriver.findElement(RemoteWebDriver.java:379)
at org.openqa.selenium.support.pagefactory.DefaultElementLocator.findElement(DefaultElementLocator.java:70)
at org.openqa.selenium.support.pagefactory.internal.LocatingElementHandler.invoke(LocatingElementHandler.java:39)
at jdk.proxy2/jdk.proxy2.$Proxy18.clear(Unknown Source)
at com.obsqura.pages.LoginPage.setUsername(LoginPage.java:50)
at com.obsqura.scripts.TestClass.verify_searchbutton_with_ValidClientNameandId(TestClass.java:338)
at java.base/jdk.internal.reflect.NativeMethodAccessorImpl.invoke0(Native Method)
at java.base/jdk.internal.reflect.NativeMethodAccessorImpl.invoke(NativeMethodAccessorImpl.java:77)
at java.base/jdk.internal.reflect.DelegatingMethodAccessorImpl.invoke(DelegatingMethodAccessorImpl.java:43)
at java.base/java.lang.reflect.Method.invoke(Method.java:568)
at org.testng.internal.invokers.MethodInvocationHelper.invokeMethod(MethodInvocationHelper.java:139)
at org.testng.internal.invokers.TestInvoker.invokeMethod(TestInvoker.java:677)
at org.testng.internal.invokers.TestInvoker.invokeTestMethod(TestInvoker.java:221)
at org.testng.internal.invokers.MethodRunner.runInSequence(MethodRunner.java:50)
at org.testng.internal.invokers.TestInvoker$MethodInvocationAgent.invoke(TestInvoker.java:962)
at org.testng.internal.invokers.TestInvoker.invokeTestMethods(TestInvoker.java:194)
at org.testng.internal.invokers.TestMethodWorker.invokeTestMethods(TestMethodWorker.java:148)
at org.testng.internal.invokers.TestMethodWorker.run(TestMethodWorker.java:128)
at java.base/java.util.ArrayList.forEach(ArrayList.java:1511)
at org.testng.TestRunner.privateRun(TestRunner.java:806)
at org.testng.TestRunner.run(TestRunner.java:601)
at org.testng.SuiteRunner.runTest(SuiteRunner.java:433)
at org.testng.SuiteRunner$SuiteWorker.run(SuiteRunner.java:471)
at org.testng.internal.thread.ThreadUtil.lambda$execute$0(ThreadUtil.java:58)
at java.base/java.util.concurrent.FutureTask.run(FutureTask.java:264)
at java.base/java.util.concurrent.ThreadPoolExecutor.runWorker(ThreadPoolExecutor.java:1136)
at java.base/java.util.concurrent.ThreadPoolExecutor$Worker.run(ThreadPoolExecutor.java:635)
at java.base/java.lang.Thread.run(Thread.java:833)
]]>
            </full-stacktrace>
          </exception> <!-- org.openqa.selenium.NoSuchElementException -->
          <reporter-output>
          </reporter-output>
        </test-method> <!-- verify_searchbutton_with_ValidClientNameandId -->
        <test-method is-config="true" signature="tearDown(org.testng.ITestResult)[pri:0, instance:com.obsqura.scripts.TestClass@7b4c50bc]" started-at="2022-08-27T09:16:38 PDT" name="tearDown" finished-at="2022-08-27T09:16:38 PDT" duration-ms="189" status="PASS">
          <params>
            <param index="0">
              <value>
                <![CDATA[[TestResult name=verify_searchbutton_with_ValidClientNameandId status=FAILURE method=TestClass.verify_searchbutton_with_ValidClientNameandId()[pri:20, instance:com.obsqura.scripts.TestClass@7b4c50bc] output={null}]]]>
              </value>
            </param>
          </params>
          <reporter-output>
          </reporter-output>
        </test-method> <!-- tearDown -->
        <test-method signature="verify_search_ValidClient_UsingValidNameOnly()[pri:21, instance:com.obsqura.scripts.TestClass@7b4c50bc]" started-at="2022-08-27T09:16:38 PDT" name="verify_search_ValidClient_UsingValidNameOnly" finished-at="2022-08-27T09:16:41 PDT" duration-ms="2720" status="PASS">
          <reporter-output>
          </reporter-output>
        </test-method> <!-- verify_search_ValidClient_UsingValidNameOnly -->
        <test-method is-config="true" signature="tearDown(org.testng.ITestResult)[pri:0, instance:com.obsqura.scripts.TestClass@7b4c50bc]" started-at="2022-08-27T09:16:41 PDT" name="tearDown" finished-at="2022-08-27T09:16:41 PDT" duration-ms="1" status="PASS">
          <params>
            <param index="0">
              <value>
                <![CDATA[[TestResult name=verify_search_ValidClient_UsingValidNameOnly status=SUCCESS method=TestClass.verify_search_ValidClient_UsingValidNameOnly()[pri:21, instance:com.obsqura.scripts.TestClass@7b4c50bc] output={null}]]]>
              </value>
            </param>
          </params>
          <reporter-output>
          </reporter-output>
        </test-method> <!-- tearDown -->
        <test-method signature="verifySearch_ValidClient_UsingValidIDOnly()[pri:22, instance:com.obsqura.scripts.TestClass@7b4c50bc]" started-at="2022-08-27T09:16:41 PDT" name="verifySearch_ValidClient_UsingValidIDOnly" finished-at="2022-08-27T09:16:44 PDT" duration-ms="2801" status="PASS">
          <reporter-output>
          </reporter-output>
        </test-method> <!-- verifySearch_ValidClient_UsingValidIDOnly -->
        <test-method is-config="true" signature="tearDown(org.testng.ITestResult)[pri:0, instance:com.obsqura.scripts.TestClass@7b4c50bc]" started-at="2022-08-27T09:16:44 PDT" name="tearDown" finished-at="2022-08-27T09:16:44 PDT" duration-ms="1" status="PASS">
          <params>
            <param index="0">
              <value>
                <![CDATA[[TestResult name=verifySearch_ValidClient_UsingValidIDOnly status=SUCCESS method=TestClass.verifySearch_ValidClient_UsingValidIDOnly()[pri:22, instance:com.obsqura.scripts.TestClass@7b4c50bc] output={null}]]]>
              </value>
            </param>
          </params>
          <reporter-output>
          </reporter-output>
        </test-method> <!-- tearDown -->
        <test-method signature="verifySearchClient_Using_InValidName_and_ID()[pri:23, instance:com.obsqura.scripts.TestClass@7b4c50bc]" started-at="2022-08-27T09:16:44 PDT" name="verifySearchClient_Using_InValidName_and_ID" finished-at="2022-08-27T09:16:46 PDT" duration-ms="2369" status="PASS">
          <reporter-output>
          </reporter-output>
        </test-method> <!-- verifySearchClient_Using_InValidName_and_ID -->
        <test-method is-config="true" signature="tearDown(org.testng.ITestResult)[pri:0, instance:com.obsqura.scripts.TestClass@7b4c50bc]" started-at="2022-08-27T09:16:46 PDT" name="tearDown" finished-at="2022-08-27T09:16:46 PDT" duration-ms="1" status="PASS">
          <params>
            <param index="0">
              <value>
                <![CDATA[[TestResult name=verifySearchClient_Using_InValidName_and_ID status=SUCCESS method=TestClass.verifySearchClient_Using_InValidName_and_ID()[pri:23, instance:com.obsqura.scripts.TestClass@7b4c50bc] output={null}]]]>
              </value>
            </param>
          </params>
          <reporter-output>
          </reporter-output>
        </test-method> <!-- tearDown -->
        <test-method signature="verify_CreateNewClientButton()[pri:24, instance:com.obsqura.scripts.TestClass@7b4c50bc]" started-at="2022-08-27T09:16:46 PDT" name="verify_CreateNewClientButton" finished-at="2022-08-27T09:16:48 PDT" duration-ms="2185" status="PASS">
          <reporter-output>
          </reporter-output>
        </test-method> <!-- verify_CreateNewClientButton -->
        <test-method is-config="true" signature="tearDown(org.testng.ITestResult)[pri:0, instance:com.obsqura.scripts.TestClass@7b4c50bc]" started-at="2022-08-27T09:16:48 PDT" name="tearDown" finished-at="2022-08-27T09:16:48 PDT" duration-ms="1" status="PASS">
          <params>
            <param index="0">
              <value>
                <![CDATA[[TestResult name=verify_CreateNewClientButton status=SUCCESS method=TestClass.verify_CreateNewClientButton()[pri:24, instance:com.obsqura.scripts.TestClass@7b4c50bc] output={null}]]]>
              </value>
            </param>
          </params>
          <reporter-output>
          </reporter-output>
        </test-method> <!-- tearDown -->
        <test-method signature="verify_User_can_CreateNew_Client_with_mandatory_fields()[pri:25, instance:com.obsqura.scripts.TestClass@7b4c50bc]" started-at="2022-08-27T09:16:48 PDT" name="verify_User_can_CreateNew_Client_with_mandatory_fields" finished-at="2022-08-27T09:16:59 PDT" duration-ms="10165" status="PASS">
          <reporter-output>
          </reporter-output>
        </test-method> <!-- verify_User_can_CreateNew_Client_with_mandatory_fields -->
        <test-method is-config="true" signature="tearDown(org.testng.ITestResult)[pri:0, instance:com.obsqura.scripts.TestClass@7b4c50bc]" started-at="2022-08-27T09:16:59 PDT" name="tearDown" finished-at="2022-08-27T09:16:59 PDT" duration-ms="1" status="PASS">
          <params>
            <param index="0">
              <value>
                <![CDATA[[TestResult name=verify_User_can_CreateNew_Client_with_mandatory_fields status=SUCCESS method=TestClass.verify_User_can_CreateNew_Client_with_mandatory_fields()[pri:25, instance:com.obsqura.scripts.TestClass@7b4c50bc] output={null}]]]>
              </value>
            </param>
          </params>
          <reporter-output>
          </reporter-output>
        </test-method> <!-- tearDown -->
        <test-method signature="verify_user_can_search_ValidWorker()[pri:26, instance:com.obsqura.scripts.TestClass@7b4c50bc]" started-at="2022-08-27T09:16:59 PDT" name="verify_user_can_search_ValidWorker" finished-at="2022-08-27T09:17:05 PDT" duration-ms="5881" status="FAIL">
          <exception class="org.openqa.selenium.StaleElementReferenceException">
            <message>
              <![CDATA[stale element reference: element is not attached to the page document
  (Session info: chrome=104.0.5112.101)
For documentation on this error, please visit: https://selenium.dev/exceptions/#stale_element_reference
Build info: version: '4.3.0', revision: 'a4995e2c09*'
System info: host: 'DESKTOP-2IFVM62', ip: '192.168.1.5', os.name: 'Windows 10', os.arch: 'amd64', os.version: '10.0', java.version: '17.0.2'
Driver info: org.openqa.selenium.chrome.ChromeDriver
Command: [959ddb5a9f23b4c1c8aa53a03981bdd3, getElementText {id=46dc4ea3-1669-45c3-bde7-adcb3df636f6}]
Capabilities {acceptInsecureCerts: false, browserName: chrome, browserVersion: 104.0.5112.101, chrome: {chromedriverVersion: 103.0.5060.53 (a1711811edd7..., userDataDir: C:\Users\user\AppData\Local...}, goog:chromeOptions: {debuggerAddress: localhost:64943}, networkConnectionEnabled: false, pageLoadStrategy: normal, platformName: WINDOWS, proxy: Proxy(), se:cdp: ws://localhost:64943/devtoo..., se:cdpVersion: 104.0.5112.101, setWindowRect: true, strictFileInteractability: false, timeouts: {implicit: 0, pageLoad: 300000, script: 30000}, unhandledPromptBehavior: dismiss and notify, webauthn:extension:credBlob: true, webauthn:extension:largeBlob: true, webauthn:virtualAuthenticators: true}
Element: [[ChromeDriver: chrome on WINDOWS (959ddb5a9f23b4c1c8aa53a03981bdd3)] -> xpath: //h1[text()='Workers']]
Session ID: 959ddb5a9f23b4c1c8aa53a03981bdd3]]>
            </message>
            <full-stacktrace>
              <![CDATA[org.openqa.selenium.StaleElementReferenceException: stale element reference: element is not attached to the page document
  (Session info: chrome=104.0.5112.101)
For documentation on this error, please visit: https://selenium.dev/exceptions/#stale_element_reference
Build info: version: '4.3.0', revision: 'a4995e2c09*'
System info: host: 'DESKTOP-2IFVM62', ip: '192.168.1.5', os.name: 'Windows 10', os.arch: 'amd64', os.version: '10.0', java.version: '17.0.2'
Driver info: org.openqa.selenium.chrome.ChromeDriver
Command: [959ddb5a9f23b4c1c8aa53a03981bdd3, getElementText {id=46dc4ea3-1669-45c3-bde7-adcb3df636f6}]
Capabilities {acceptInsecureCerts: false, browserName: chrome, browserVersion: 104.0.5112.101, chrome: {chromedriverVersion: 103.0.5060.53 (a1711811edd7..., userDataDir: C:\Users\user\AppData\Local...}, goog:chromeOptions: {debuggerAddress: localhost:64943}, networkConnectionEnabled: false, pageLoadStrategy: normal, platformName: WINDOWS, proxy: Proxy(), se:cdp: ws://localhost:64943/devtoo..., se:cdpVersion: 104.0.5112.101, setWindowRect: true, strictFileInteractability: false, timeouts: {implicit: 0, pageLoad: 300000, script: 30000}, unhandledPromptBehavior: dismiss and notify, webauthn:extension:credBlob: true, webauthn:extension:largeBlob: true, webauthn:virtualAuthenticators: true}
Element: [[ChromeDriver: chrome on WINDOWS (959ddb5a9f23b4c1c8aa53a03981bdd3)] -> xpath: //h1[text()='Workers']]
Session ID: 959ddb5a9f23b4c1c8aa53a03981bdd3
at java.base/jdk.internal.reflect.NativeConstructorAccessorImpl.newInstance0(Native Method)
at java.base/jdk.internal.reflect.NativeConstructorAccessorImpl.newInstance(NativeConstructorAccessorImpl.java:77)
at java.base/jdk.internal.reflect.DelegatingConstructorAccessorImpl.newInstance(DelegatingConstructorAccessorImpl.java:45)
at java.base/java.lang.reflect.Constructor.newInstanceWithCaller(Constructor.java:499)
at java.base/java.lang.reflect.Constructor.newInstance(Constructor.java:480)
at org.openqa.selenium.remote.codec.w3c.W3CHttpResponseCodec.createException(W3CHttpResponseCodec.java:200)
at org.openqa.selenium.remote.codec.w3c.W3CHttpResponseCodec.decode(W3CHttpResponseCodec.java:133)
at org.openqa.selenium.remote.codec.w3c.W3CHttpResponseCodec.decode(W3CHttpResponseCodec.java:53)
at org.openqa.selenium.remote.HttpCommandExecutor.execute(HttpCommandExecutor.java:184)
at org.openqa.selenium.remote.service.DriverCommandExecutor.invokeExecute(DriverCommandExecutor.java:167)
at org.openqa.selenium.remote.service.DriverCommandExecutor.execute(DriverCommandExecutor.java:142)
at org.openqa.selenium.remote.RemoteWebDriver.execute(RemoteWebDriver.java:569)
at org.openqa.selenium.remote.RemoteWebElement.execute(RemoteWebElement.java:257)
at org.openqa.selenium.remote.RemoteWebElement.getText(RemoteWebElement.java:207)
at jdk.internal.reflect.GeneratedMethodAccessor4.invoke(Unknown Source)
at java.base/jdk.internal.reflect.DelegatingMethodAccessorImpl.invoke(DelegatingMethodAccessorImpl.java:43)
at java.base/java.lang.reflect.Method.invoke(Method.java:568)
at org.openqa.selenium.support.pagefactory.internal.LocatingElementHandler.invoke(LocatingElementHandler.java:52)
at jdk.proxy2/jdk.proxy2.$Proxy18.getText(Unknown Source)
at com.obsqura.pages.Home_Workers.workerText(Home_Workers.java:156)
at com.obsqura.scripts.TestClass.verify_user_can_search_ValidWorker(TestClass.java:514)
at java.base/jdk.internal.reflect.NativeMethodAccessorImpl.invoke0(Native Method)
at java.base/jdk.internal.reflect.NativeMethodAccessorImpl.invoke(NativeMethodAccessorImpl.java:77)
at java.base/jdk.internal.reflect.DelegatingMethodAccessorImpl.invoke(DelegatingMethodAccessorImpl.java:43)
at java.base/java.lang.reflect.Method.invoke(Method.java:568)
at org.testng.internal.invokers.MethodInvocationHelper.invokeMethod(MethodInvocationHelper.java:139)
at org.testng.internal.invokers.TestInvoker.invokeMethod(TestInvoker.java:677)
at org.testng.internal.invokers.TestInvoker.invokeTestMethod(TestInvoker.java:221)
at org.testng.internal.invokers.MethodRunner.runInSequence(MethodRunner.java:50)
at org.testng.internal.invokers.TestInvoker$MethodInvocationAgent.invoke(TestInvoker.java:962)
at org.testng.internal.invokers.TestInvoker.invokeTestMethods(TestInvoker.java:194)
at org.testng.internal.invokers.TestMethodWorker.invokeTestMethods(TestMethodWorker.java:148)
at org.testng.internal.invokers.TestMethodWorker.run(TestMethodWorker.java:128)
at java.base/java.util.ArrayList.forEach(ArrayList.java:1511)
at org.testng.TestRunner.privateRun(TestRunner.java:806)
at org.testng.TestRunner.run(TestRunner.java:601)
at org.testng.SuiteRunner.runTest(SuiteRunner.java:433)
at org.testng.SuiteRunner$SuiteWorker.run(SuiteRunner.java:471)
at org.testng.internal.thread.ThreadUtil.lambda$execute$0(ThreadUtil.java:58)
at java.base/java.util.concurrent.FutureTask.run(FutureTask.java:264)
at java.base/java.util.concurrent.ThreadPoolExecutor.runWorker(ThreadPoolExecutor.java:1136)
at java.base/java.util.concurrent.ThreadPoolExecutor$Worker.run(ThreadPoolExecutor.java:635)
at java.base/java.lang.Thread.run(Thread.java:833)
]]>
            </full-stacktrace>
          </exception> <!-- org.openqa.selenium.StaleElementReferenceException -->
          <reporter-output>
          </reporter-output>
        </test-method> <!-- verify_user_can_search_ValidWorker -->
        <test-method is-config="true" signature="tearDown(org.testng.ITestResult)[pri:0, instance:com.obsqura.scripts.TestClass@7b4c50bc]" started-at="2022-08-27T09:17:05 PDT" name="tearDown" finished-at="2022-08-27T09:17:05 PDT" duration-ms="356" status="PASS">
          <params>
            <param index="0">
              <value>
                <![CDATA[[TestResult name=verify_user_can_search_ValidWorker status=FAILURE method=TestClass.verify_user_can_search_ValidWorker()[pri:26, instance:com.obsqura.scripts.TestClass@7b4c50bc] output={null}]]]>
              </value>
            </param>
          </params>
          <reporter-output>
          </reporter-output>
        </test-method> <!-- tearDown -->
        <test-method signature="verify_CreateNewWorkerButton()[pri:27, instance:com.obsqura.scripts.TestClass@7b4c50bc]" started-at="2022-08-27T09:17:05 PDT" name="verify_CreateNewWorkerButton" finished-at="2022-08-27T09:17:12 PDT" duration-ms="7180" status="PASS">
          <reporter-output>
          </reporter-output>
        </test-method> <!-- verify_CreateNewWorkerButton -->
        <test-method is-config="true" signature="tearDown(org.testng.ITestResult)[pri:0, instance:com.obsqura.scripts.TestClass@7b4c50bc]" started-at="2022-08-27T09:17:12 PDT" name="tearDown" finished-at="2022-08-27T09:17:12 PDT" duration-ms="4" status="PASS">
          <params>
            <param index="0">
              <value>
                <![CDATA[[TestResult name=verify_CreateNewWorkerButton status=SUCCESS method=TestClass.verify_CreateNewWorkerButton()[pri:27, instance:com.obsqura.scripts.TestClass@7b4c50bc] output={null}]]]>
              </value>
            </param>
          </params>
          <reporter-output>
          </reporter-output>
        </test-method> <!-- tearDown -->
        <test-method signature="verify_user_able_to_CreateNewWorker_with_mandatoryFields()[pri:28, instance:com.obsqura.scripts.TestClass@7b4c50bc]" started-at="2022-08-27T09:17:12 PDT" name="verify_user_able_to_CreateNewWorker_with_mandatoryFields" finished-at="2022-08-27T09:17:21 PDT" duration-ms="8925" status="PASS">
          <reporter-output>
          </reporter-output>
        </test-method> <!-- verify_user_able_to_CreateNewWorker_with_mandatoryFields -->
        <test-method is-config="true" signature="tearDown(org.testng.ITestResult)[pri:0, instance:com.obsqura.scripts.TestClass@7b4c50bc]" started-at="2022-08-27T09:17:21 PDT" name="tearDown" finished-at="2022-08-27T09:17:21 PDT" duration-ms="1" status="PASS">
          <params>
            <param index="0">
              <value>
                <![CDATA[[TestResult name=verify_user_able_to_CreateNewWorker_with_mandatoryFields status=SUCCESS method=TestClass.verify_user_able_to_CreateNewWorker_with_mandatoryFields()[pri:28, instance:com.obsqura.scripts.TestClass@7b4c50bc] output={null}]]]>
              </value>
            </param>
          </params>
          <reporter-output>
          </reporter-output>
        </test-method> <!-- tearDown -->
        <test-method signature="verifyworkerBankDetailsButton()[pri:29, instance:com.obsqura.scripts.TestClass@7b4c50bc]" started-at="2022-08-27T09:17:21 PDT" name="verifyworkerBankDetailsButton" finished-at="2022-08-27T09:17:27 PDT" duration-ms="5815" status="PASS">
          <reporter-output>
          </reporter-output>
        </test-method> <!-- verifyworkerBankDetailsButton -->
        <test-method is-config="true" signature="tearDown(org.testng.ITestResult)[pri:0, instance:com.obsqura.scripts.TestClass@7b4c50bc]" started-at="2022-08-27T09:17:27 PDT" name="tearDown" finished-at="2022-08-27T09:17:27 PDT" duration-ms="0" status="PASS">
          <params>
            <param index="0">
              <value>
                <![CDATA[[TestResult name=verifyworkerBankDetailsButton status=SUCCESS method=TestClass.verifyworkerBankDetailsButton()[pri:29, instance:com.obsqura.scripts.TestClass@7b4c50bc] output={null}]]]>
              </value>
            </param>
          </params>
          <reporter-output>
          </reporter-output>
        </test-method> <!-- tearDown -->
      </class> <!-- com.obsqura.scripts.TestClass -->
    </test> <!-- RegressionTest -->
    <test started-at="2022-08-27T09:13:05 PDT" name="SanityTest" finished-at="2022-08-27T09:17:48 PDT" duration-ms="282768">
      <class name="com.obsqura.scripts.TestClass">
        <test-method is-config="true" signature="setUp(java.lang.String)[pri:0, instance:com.obsqura.scripts.TestClass@508dec2b]" started-at="2022-08-27T09:13:05 PDT" name="setUp" finished-at="2022-08-27T09:15:04 PDT" duration-ms="119250" status="PASS">
          <params>
            <param index="0">
              <value>
                <![CDATA[firefox]]>
              </value>
            </param>
          </params>
          <reporter-output>
          </reporter-output>
        </test-method> <!-- setUp -->
        <test-method signature="verify_invalidLogin_using_dataprovider(java.lang.String)[pri:0, instance:com.obsqura.scripts.TestClass@508dec2b]" started-at="2022-08-27T09:15:04 PDT" name="verify_invalidLogin_using_dataprovider" data-provider="dataProvider1" finished-at="2022-08-27T09:15:38 PDT" duration-ms="33740" status="PASS">
          <params>
            <param index="0">
              <value>
                <![CDATA[1q2w3e4r]]>
              </value>
            </param>
          </params>
          <reporter-output>
          </reporter-output>
        </test-method> <!-- verify_invalidLogin_using_dataprovider -->
        <test-method is-config="true" signature="tearDown(org.testng.ITestResult)[pri:0, instance:com.obsqura.scripts.TestClass@508dec2b]" started-at="2022-08-27T09:15:38 PDT" name="tearDown" finished-at="2022-08-27T09:15:38 PDT" duration-ms="2" status="PASS">
          <params>
            <param index="0">
              <value>
                <![CDATA[[TestResult name=verify_invalidLogin_using_dataprovider status=SUCCESS method=TestClass.verify_invalidLogin_using_dataprovider(java.lang.String)[pri:0, instance:com.obsqura.scripts.TestClass@508dec2b] output={null}]]]>
              </value>
            </param>
          </params>
          <reporter-output>
          </reporter-output>
        </test-method> <!-- tearDown -->
        <test-method signature="verifyLogin_with_incorrectUsername_and_incorrectpassword()[pri:1, instance:com.obsqura.scripts.TestClass@508dec2b]" started-at="2022-08-27T09:15:38 PDT" name="verifyLogin_with_incorrectUsername_and_incorrectpassword" finished-at="2022-08-27T09:15:48 PDT" duration-ms="10495" status="PASS">
          <reporter-output>
          </reporter-output>
        </test-method> <!-- verifyLogin_with_incorrectUsername_and_incorrectpassword -->
        <test-method is-config="true" signature="tearDown(org.testng.ITestResult)[pri:0, instance:com.obsqura.scripts.TestClass@508dec2b]" started-at="2022-08-27T09:15:48 PDT" name="tearDown" finished-at="2022-08-27T09:15:48 PDT" duration-ms="1" status="PASS">
          <params>
            <param index="0">
              <value>
                <![CDATA[[TestResult name=verifyLogin_with_incorrectUsername_and_incorrectpassword status=SUCCESS method=TestClass.verifyLogin_with_incorrectUsername_and_incorrectpassword()[pri:1, instance:com.obsqura.scripts.TestClass@508dec2b] output={null}]]]>
              </value>
            </param>
          </params>
          <reporter-output>
          </reporter-output>
        </test-method> <!-- tearDown -->
        <test-method signature="verifyLogin_with_no_username_and_password()[pri:2, instance:com.obsqura.scripts.TestClass@508dec2b]" started-at="2022-08-27T09:15:48 PDT" name="verifyLogin_with_no_username_and_password" finished-at="2022-08-27T09:15:50 PDT" duration-ms="1304" status="FAIL">
          <exception class="org.openqa.selenium.UnhandledAlertException">
            <message>
              <![CDATA[Dismissed user prompt dialog: To display this page, Firefox must send information that will repeat any action (such as a search or order confirmation) that was performed earlier.: 
Build info: version: '4.3.0', revision: 'a4995e2c09*'
System info: host: 'DESKTOP-2IFVM62', ip: '192.168.1.5', os.name: 'Windows 10', os.arch: 'amd64', os.version: '10.0', java.version: '17.0.2'
Driver info: org.openqa.selenium.firefox.FirefoxDriver
Command: [d5a13031-5665-4efe-965d-165250cf9bde, findElement {using=name, value=LoginForm[username]}]
Capabilities {acceptInsecureCerts: true, browserName: firefox, browserVersion: 104.0, moz:accessibilityChecks: false, moz:buildID: 20220818191623, moz:debuggerAddress: localhost:61397, moz:geckodriverVersion: 0.31.0, moz:headless: false, moz:platformVersion: 10.0, moz:processID: 12912, moz:profile: C:\Users\user\AppData\Local..., moz:shutdownTimeout: 60000, moz:useNonSpecCompliantPointerOrigin: false, moz:webdriverClick: true, moz:windowless: false, pageLoadStrategy: normal, platformName: WINDOWS, proxy: Proxy(), se:cdp: ws://localhost:61397/devtoo..., se:cdpVersion: 85.0, setWindowRect: true, strictFileInteractability: false, timeouts: {implicit: 0, pageLoad: 300000, script: 30000}, unhandledPromptBehavior: dismiss and notify}
Session ID: d5a13031-5665-4efe-965d-165250cf9bde]]>
            </message>
            <full-stacktrace>
              <![CDATA[org.openqa.selenium.UnhandledAlertException: Dismissed user prompt dialog: To display this page, Firefox must send information that will repeat any action (such as a search or order confirmation) that was performed earlier.: 
Build info: version: '4.3.0', revision: 'a4995e2c09*'
System info: host: 'DESKTOP-2IFVM62', ip: '192.168.1.5', os.name: 'Windows 10', os.arch: 'amd64', os.version: '10.0', java.version: '17.0.2'
Driver info: org.openqa.selenium.firefox.FirefoxDriver
Command: [d5a13031-5665-4efe-965d-165250cf9bde, findElement {using=name, value=LoginForm[username]}]
Capabilities {acceptInsecureCerts: true, browserName: firefox, browserVersion: 104.0, moz:accessibilityChecks: false, moz:buildID: 20220818191623, moz:debuggerAddress: localhost:61397, moz:geckodriverVersion: 0.31.0, moz:headless: false, moz:platformVersion: 10.0, moz:processID: 12912, moz:profile: C:\Users\user\AppData\Local..., moz:shutdownTimeout: 60000, moz:useNonSpecCompliantPointerOrigin: false, moz:webdriverClick: true, moz:windowless: false, pageLoadStrategy: normal, platformName: WINDOWS, proxy: Proxy(), se:cdp: ws://localhost:61397/devtoo..., se:cdpVersion: 85.0, setWindowRect: true, strictFileInteractability: false, timeouts: {implicit: 0, pageLoad: 300000, script: 30000}, unhandledPromptBehavior: dismiss and notify}
Session ID: d5a13031-5665-4efe-965d-165250cf9bde
at org.openqa.selenium.remote.codec.w3c.W3CHttpResponseCodec.decode(W3CHttpResponseCodec.java:131)
at org.openqa.selenium.remote.codec.w3c.W3CHttpResponseCodec.decode(W3CHttpResponseCodec.java:53)
at org.openqa.selenium.remote.HttpCommandExecutor.execute(HttpCommandExecutor.java:184)
at org.openqa.selenium.remote.service.DriverCommandExecutor.invokeExecute(DriverCommandExecutor.java:167)
at org.openqa.selenium.remote.service.DriverCommandExecutor.execute(DriverCommandExecutor.java:142)
at org.openqa.selenium.remote.RemoteWebDriver.execute(RemoteWebDriver.java:569)
at org.openqa.selenium.remote.ElementLocation$ElementFinder$2.findElement(ElementLocation.java:162)
at org.openqa.selenium.remote.ElementLocation.findElement(ElementLocation.java:60)
at org.openqa.selenium.remote.RemoteWebDriver.findElement(RemoteWebDriver.java:387)
at org.openqa.selenium.remote.RemoteWebDriver.findElement(RemoteWebDriver.java:379)
at org.openqa.selenium.support.pagefactory.DefaultElementLocator.findElement(DefaultElementLocator.java:70)
at org.openqa.selenium.support.pagefactory.internal.LocatingElementHandler.invoke(LocatingElementHandler.java:39)
at jdk.proxy2/jdk.proxy2.$Proxy18.clear(Unknown Source)
at com.obsqura.pages.LoginPage.setUsername(LoginPage.java:50)
at com.obsqura.scripts.TestClass.verifyLogin_with_no_username_and_password(TestClass.java:63)
at java.base/jdk.internal.reflect.NativeMethodAccessorImpl.invoke0(Native Method)
at java.base/jdk.internal.reflect.NativeMethodAccessorImpl.invoke(NativeMethodAccessorImpl.java:77)
at java.base/jdk.internal.reflect.DelegatingMethodAccessorImpl.invoke(DelegatingMethodAccessorImpl.java:43)
at java.base/java.lang.reflect.Method.invoke(Method.java:568)
at org.testng.internal.invokers.MethodInvocationHelper.invokeMethod(MethodInvocationHelper.java:139)
at org.testng.internal.invokers.TestInvoker.invokeMethod(TestInvoker.java:677)
at org.testng.internal.invokers.TestInvoker.invokeTestMethod(TestInvoker.java:221)
at org.testng.internal.invokers.MethodRunner.runInSequence(MethodRunner.java:50)
at org.testng.internal.invokers.TestInvoker$MethodInvocationAgent.invoke(TestInvoker.java:962)
at org.testng.internal.invokers.TestInvoker.invokeTestMethods(TestInvoker.java:194)
at org.testng.internal.invokers.TestMethodWorker.invokeTestMethods(TestMethodWorker.java:148)
at org.testng.internal.invokers.TestMethodWorker.run(TestMethodWorker.java:128)
at java.base/java.util.ArrayList.forEach(ArrayList.java:1511)
at org.testng.TestRunner.privateRun(TestRunner.java:806)
at org.testng.TestRunner.run(TestRunner.java:601)
at org.testng.SuiteRunner.runTest(SuiteRunner.java:433)
at org.testng.SuiteRunner$SuiteWorker.run(SuiteRunner.java:471)
at org.testng.internal.thread.ThreadUtil.lambda$execute$0(ThreadUtil.java:58)
at java.base/java.util.concurrent.FutureTask.run(FutureTask.java:264)
at java.base/java.util.concurrent.ThreadPoolExecutor.runWorker(ThreadPoolExecutor.java:1136)
at java.base/java.util.concurrent.ThreadPoolExecutor$Worker.run(ThreadPoolExecutor.java:635)
at java.base/java.lang.Thread.run(Thread.java:833)
]]>
            </full-stacktrace>
          </exception> <!-- org.openqa.selenium.UnhandledAlertException -->
          <reporter-output>
          </reporter-output>
        </test-method> <!-- verifyLogin_with_no_username_and_password -->
        <test-method is-config="true" signature="tearDown(org.testng.ITestResult)[pri:0, instance:com.obsqura.scripts.TestClass@508dec2b]" started-at="2022-08-27T09:15:50 PDT" name="tearDown" finished-at="2022-08-27T09:15:50 PDT" duration-ms="93" status="PASS">
          <params>
            <param index="0">
              <value>
                <![CDATA[[TestResult name=verifyLogin_with_no_username_and_password status=FAILURE method=TestClass.verifyLogin_with_no_username_and_password()[pri:2, instance:com.obsqura.scripts.TestClass@508dec2b] output={null}]]]>
              </value>
            </param>
          </params>
          <reporter-output>
          </reporter-output>
        </test-method> <!-- tearDown -->
        <test-method signature="verifyResetitButton()[pri:3, instance:com.obsqura.scripts.TestClass@508dec2b]" started-at="2022-08-27T09:15:50 PDT" name="verifyResetitButton" finished-at="2022-08-27T09:15:52 PDT" duration-ms="2114" status="PASS">
          <reporter-output>
          </reporter-output>
        </test-method> <!-- verifyResetitButton -->
        <test-method is-config="true" signature="tearDown(org.testng.ITestResult)[pri:0, instance:com.obsqura.scripts.TestClass@508dec2b]" started-at="2022-08-27T09:15:52 PDT" name="tearDown" finished-at="2022-08-27T09:15:52 PDT" duration-ms="1" status="PASS">
          <params>
            <param index="0">
              <value>
                <![CDATA[[TestResult name=verifyResetitButton status=SUCCESS method=TestClass.verifyResetitButton()[pri:3, instance:com.obsqura.scripts.TestClass@508dec2b] output={null}]]]>
              </value>
            </param>
          </params>
          <reporter-output>
          </reporter-output>
        </test-method> <!-- tearDown -->
        <test-method signature="verifyResetPassword_WithInvalidEmailId()[pri:4, instance:com.obsqura.scripts.TestClass@508dec2b]" started-at="2022-08-27T09:15:52 PDT" name="verifyResetPassword_WithInvalidEmailId" finished-at="2022-08-27T09:15:59 PDT" duration-ms="6917" status="PASS">
          <reporter-output>
          </reporter-output>
        </test-method> <!-- verifyResetPassword_WithInvalidEmailId -->
        <test-method is-config="true" signature="tearDown(org.testng.ITestResult)[pri:0, instance:com.obsqura.scripts.TestClass@508dec2b]" started-at="2022-08-27T09:15:59 PDT" name="tearDown" finished-at="2022-08-27T09:15:59 PDT" duration-ms="1" status="PASS">
          <params>
            <param index="0">
              <value>
                <![CDATA[[TestResult name=verifyResetPassword_WithInvalidEmailId status=SUCCESS method=TestClass.verifyResetPassword_WithInvalidEmailId()[pri:4, instance:com.obsqura.scripts.TestClass@508dec2b] output={null}]]]>
              </value>
            </param>
          </params>
          <reporter-output>
          </reporter-output>
        </test-method> <!-- tearDown -->
        <test-method signature="verifyEmailId_inResetPassword()[pri:5, instance:com.obsqura.scripts.TestClass@508dec2b]" started-at="2022-08-27T09:15:59 PDT" name="verifyEmailId_inResetPassword" finished-at="2022-08-27T09:16:01 PDT" duration-ms="2120" status="PASS">
          <reporter-output>
          </reporter-output>
        </test-method> <!-- verifyEmailId_inResetPassword -->
        <test-method is-config="true" signature="tearDown(org.testng.ITestResult)[pri:0, instance:com.obsqura.scripts.TestClass@508dec2b]" started-at="2022-08-27T09:16:01 PDT" name="tearDown" finished-at="2022-08-27T09:16:01 PDT" duration-ms="1" status="PASS">
          <params>
            <param index="0">
              <value>
                <![CDATA[[TestResult name=verifyEmailId_inResetPassword status=SUCCESS method=TestClass.verifyEmailId_inResetPassword()[pri:5, instance:com.obsqura.scripts.TestClass@508dec2b] output={null}]]]>
              </value>
            </param>
          </params>
          <reporter-output>
          </reporter-output>
        </test-method> <!-- tearDown -->
        <test-method signature="verify_Login_with_correctUsername_and_password()[pri:6, instance:com.obsqura.scripts.TestClass@508dec2b]" started-at="2022-08-27T09:16:01 PDT" name="verify_Login_with_correctUsername_and_password" finished-at="2022-08-27T09:16:08 PDT" duration-ms="6873" status="PASS">
          <reporter-output>
          </reporter-output>
        </test-method> <!-- verify_Login_with_correctUsername_and_password -->
        <test-method is-config="true" signature="tearDown(org.testng.ITestResult)[pri:0, instance:com.obsqura.scripts.TestClass@508dec2b]" started-at="2022-08-27T09:16:08 PDT" name="tearDown" finished-at="2022-08-27T09:16:08 PDT" duration-ms="5" status="PASS">
          <params>
            <param index="0">
              <value>
                <![CDATA[[TestResult name=verify_Login_with_correctUsername_and_password status=SUCCESS method=TestClass.verify_Login_with_correctUsername_and_password()[pri:6, instance:com.obsqura.scripts.TestClass@508dec2b] output={null}]]]>
              </value>
            </param>
          </params>
          <reporter-output>
          </reporter-output>
        </test-method> <!-- tearDown -->
        <test-method signature="verifyDashBoardButton()[pri:7, instance:com.obsqura.scripts.TestClass@508dec2b]" started-at="2022-08-27T09:16:08 PDT" name="verifyDashBoardButton" finished-at="2022-08-27T09:16:09 PDT" duration-ms="1030" status="FAIL">
          <exception class="org.openqa.selenium.NoSuchElementException">
            <message>
              <![CDATA[Unable to locate element: //*[text()='Dashboard']
For documentation on this error, please visit: https://selenium.dev/exceptions/#no_such_element
Build info: version: '4.3.0', revision: 'a4995e2c09*'
System info: host: 'DESKTOP-2IFVM62', ip: '192.168.1.5', os.name: 'Windows 10', os.arch: 'amd64', os.version: '10.0', java.version: '17.0.2'
Driver info: org.openqa.selenium.firefox.FirefoxDriver
Command: [d5a13031-5665-4efe-965d-165250cf9bde, findElement {using=xpath, value=//*[text()='Dashboard']}]
Capabilities {acceptInsecureCerts: true, browserName: firefox, browserVersion: 104.0, moz:accessibilityChecks: false, moz:buildID: 20220818191623, moz:debuggerAddress: localhost:61397, moz:geckodriverVersion: 0.31.0, moz:headless: false, moz:platformVersion: 10.0, moz:processID: 12912, moz:profile: C:\Users\user\AppData\Local..., moz:shutdownTimeout: 60000, moz:useNonSpecCompliantPointerOrigin: false, moz:webdriverClick: true, moz:windowless: false, pageLoadStrategy: normal, platformName: WINDOWS, proxy: Proxy(), se:cdp: ws://localhost:61397/devtoo..., se:cdpVersion: 85.0, setWindowRect: true, strictFileInteractability: false, timeouts: {implicit: 0, pageLoad: 300000, script: 30000}, unhandledPromptBehavior: dismiss and notify}
Session ID: d5a13031-5665-4efe-965d-165250cf9bde]]>
            </message>
            <full-stacktrace>
              <![CDATA[org.openqa.selenium.NoSuchElementException: Unable to locate element: //*[text()='Dashboard']
For documentation on this error, please visit: https://selenium.dev/exceptions/#no_such_element
Build info: version: '4.3.0', revision: 'a4995e2c09*'
System info: host: 'DESKTOP-2IFVM62', ip: '192.168.1.5', os.name: 'Windows 10', os.arch: 'amd64', os.version: '10.0', java.version: '17.0.2'
Driver info: org.openqa.selenium.firefox.FirefoxDriver
Command: [d5a13031-5665-4efe-965d-165250cf9bde, findElement {using=xpath, value=//*[text()='Dashboard']}]
Capabilities {acceptInsecureCerts: true, browserName: firefox, browserVersion: 104.0, moz:accessibilityChecks: false, moz:buildID: 20220818191623, moz:debuggerAddress: localhost:61397, moz:geckodriverVersion: 0.31.0, moz:headless: false, moz:platformVersion: 10.0, moz:processID: 12912, moz:profile: C:\Users\user\AppData\Local..., moz:shutdownTimeout: 60000, moz:useNonSpecCompliantPointerOrigin: false, moz:webdriverClick: true, moz:windowless: false, pageLoadStrategy: normal, platformName: WINDOWS, proxy: Proxy(), se:cdp: ws://localhost:61397/devtoo..., se:cdpVersion: 85.0, setWindowRect: true, strictFileInteractability: false, timeouts: {implicit: 0, pageLoad: 300000, script: 30000}, unhandledPromptBehavior: dismiss and notify}
Session ID: d5a13031-5665-4efe-965d-165250cf9bde
at java.base/jdk.internal.reflect.NativeConstructorAccessorImpl.newInstance0(Native Method)
at java.base/jdk.internal.reflect.NativeConstructorAccessorImpl.newInstance(NativeConstructorAccessorImpl.java:77)
at java.base/jdk.internal.reflect.DelegatingConstructorAccessorImpl.newInstance(DelegatingConstructorAccessorImpl.java:45)
at java.base/java.lang.reflect.Constructor.newInstanceWithCaller(Constructor.java:499)
at java.base/java.lang.reflect.Constructor.newInstance(Constructor.java:480)
at org.openqa.selenium.remote.codec.w3c.W3CHttpResponseCodec.createException(W3CHttpResponseCodec.java:200)
at org.openqa.selenium.remote.codec.w3c.W3CHttpResponseCodec.decode(W3CHttpResponseCodec.java:133)
at org.openqa.selenium.remote.codec.w3c.W3CHttpResponseCodec.decode(W3CHttpResponseCodec.java:53)
at org.openqa.selenium.remote.HttpCommandExecutor.execute(HttpCommandExecutor.java:184)
at org.openqa.selenium.remote.service.DriverCommandExecutor.invokeExecute(DriverCommandExecutor.java:167)
at org.openqa.selenium.remote.service.DriverCommandExecutor.execute(DriverCommandExecutor.java:142)
at org.openqa.selenium.remote.RemoteWebDriver.execute(RemoteWebDriver.java:569)
at org.openqa.selenium.remote.ElementLocation$ElementFinder$2.findElement(ElementLocation.java:162)
at org.openqa.selenium.remote.ElementLocation.findElement(ElementLocation.java:60)
at org.openqa.selenium.remote.RemoteWebDriver.findElement(RemoteWebDriver.java:387)
at org.openqa.selenium.remote.RemoteWebDriver.findElement(RemoteWebDriver.java:379)
at org.openqa.selenium.support.pagefactory.DefaultElementLocator.findElement(DefaultElementLocator.java:70)
at org.openqa.selenium.support.pagefactory.internal.LocatingElementHandler.invoke(LocatingElementHandler.java:39)
at jdk.proxy2/jdk.proxy2.$Proxy18.click(Unknown Source)
at com.obsqura.pages.HomePage.dashBoard1(HomePage.java:94)
at com.obsqura.scripts.TestClass.verifyDashBoardButton(TestClass.java:248)
at java.base/jdk.internal.reflect.NativeMethodAccessorImpl.invoke0(Native Method)
at java.base/jdk.internal.reflect.NativeMethodAccessorImpl.invoke(NativeMethodAccessorImpl.java:77)
at java.base/jdk.internal.reflect.DelegatingMethodAccessorImpl.invoke(DelegatingMethodAccessorImpl.java:43)
at java.base/java.lang.reflect.Method.invoke(Method.java:568)
at org.testng.internal.invokers.MethodInvocationHelper.invokeMethod(MethodInvocationHelper.java:139)
at org.testng.internal.invokers.TestInvoker.invokeMethod(TestInvoker.java:677)
at org.testng.internal.invokers.TestInvoker.invokeTestMethod(TestInvoker.java:221)
at org.testng.internal.invokers.MethodRunner.runInSequence(MethodRunner.java:50)
at org.testng.internal.invokers.TestInvoker$MethodInvocationAgent.invoke(TestInvoker.java:962)
at org.testng.internal.invokers.TestInvoker.invokeTestMethods(TestInvoker.java:194)
at org.testng.internal.invokers.TestMethodWorker.invokeTestMethods(TestMethodWorker.java:148)
at org.testng.internal.invokers.TestMethodWorker.run(TestMethodWorker.java:128)
at java.base/java.util.ArrayList.forEach(ArrayList.java:1511)
at org.testng.TestRunner.privateRun(TestRunner.java:806)
at org.testng.TestRunner.run(TestRunner.java:601)
at org.testng.SuiteRunner.runTest(SuiteRunner.java:433)
at org.testng.SuiteRunner$SuiteWorker.run(SuiteRunner.java:471)
at org.testng.internal.thread.ThreadUtil.lambda$execute$0(ThreadUtil.java:58)
at java.base/java.util.concurrent.FutureTask.run(FutureTask.java:264)
at java.base/java.util.concurrent.ThreadPoolExecutor.runWorker(ThreadPoolExecutor.java:1136)
at java.base/java.util.concurrent.ThreadPoolExecutor$Worker.run(ThreadPoolExecutor.java:635)
at java.base/java.lang.Thread.run(Thread.java:833)
]]>
            </full-stacktrace>
          </exception> <!-- org.openqa.selenium.NoSuchElementException -->
          <reporter-output>
          </reporter-output>
        </test-method> <!-- verifyDashBoardButton -->
        <test-method is-config="true" signature="tearDown(org.testng.ITestResult)[pri:0, instance:com.obsqura.scripts.TestClass@508dec2b]" started-at="2022-08-27T09:16:09 PDT" name="tearDown" finished-at="2022-08-27T09:16:09 PDT" duration-ms="319" status="PASS">
          <params>
            <param index="0">
              <value>
                <![CDATA[[TestResult name=verifyDashBoardButton status=FAILURE method=TestClass.verifyDashBoardButton()[pri:7, instance:com.obsqura.scripts.TestClass@508dec2b] output={null}]]]>
              </value>
            </param>
          </params>
          <reporter-output>
          </reporter-output>
        </test-method> <!-- tearDown -->
        <test-method signature="verifyCompanyButton()[pri:8, instance:com.obsqura.scripts.TestClass@508dec2b]" started-at="2022-08-27T09:16:09 PDT" name="verifyCompanyButton" finished-at="2022-08-27T09:16:10 PDT" duration-ms="957" status="PASS">
          <reporter-output>
          </reporter-output>
        </test-method> <!-- verifyCompanyButton -->
        <test-method is-config="true" signature="tearDown(org.testng.ITestResult)[pri:0, instance:com.obsqura.scripts.TestClass@508dec2b]" started-at="2022-08-27T09:16:10 PDT" name="tearDown" finished-at="2022-08-27T09:16:10 PDT" duration-ms="2" status="PASS">
          <params>
            <param index="0">
              <value>
                <![CDATA[[TestResult name=verifyCompanyButton status=SUCCESS method=TestClass.verifyCompanyButton()[pri:8, instance:com.obsqura.scripts.TestClass@508dec2b] output={null}]]]>
              </value>
            </param>
          </params>
          <reporter-output>
          </reporter-output>
        </test-method> <!-- tearDown -->
        <test-method signature="verifyClientsButton()[pri:9, instance:com.obsqura.scripts.TestClass@508dec2b]" started-at="2022-08-27T09:16:10 PDT" name="verifyClientsButton" finished-at="2022-08-27T09:16:36 PDT" duration-ms="25576" status="PASS">
          <reporter-output>
          </reporter-output>
        </test-method> <!-- verifyClientsButton -->
        <test-method is-config="true" signature="tearDown(org.testng.ITestResult)[pri:0, instance:com.obsqura.scripts.TestClass@508dec2b]" started-at="2022-08-27T09:16:36 PDT" name="tearDown" finished-at="2022-08-27T09:16:36 PDT" duration-ms="4" status="PASS">
          <params>
            <param index="0">
              <value>
                <![CDATA[[TestResult name=verifyClientsButton status=SUCCESS method=TestClass.verifyClientsButton()[pri:9, instance:com.obsqura.scripts.TestClass@508dec2b] output={null}]]]>
              </value>
            </param>
          </params>
          <reporter-output>
          </reporter-output>
        </test-method> <!-- tearDown -->
        <test-method signature="verifyWorkersButton()[pri:10, instance:com.obsqura.scripts.TestClass@508dec2b]" started-at="2022-08-27T09:16:36 PDT" name="verifyWorkersButton" finished-at="2022-08-27T09:16:40 PDT" duration-ms="3731" status="PASS">
          <reporter-output>
          </reporter-output>
        </test-method> <!-- verifyWorkersButton -->
        <test-method is-config="true" signature="tearDown(org.testng.ITestResult)[pri:0, instance:com.obsqura.scripts.TestClass@508dec2b]" started-at="2022-08-27T09:16:40 PDT" name="tearDown" finished-at="2022-08-27T09:16:40 PDT" duration-ms="1" status="PASS">
          <params>
            <param index="0">
              <value>
                <![CDATA[[TestResult name=verifyWorkersButton status=SUCCESS method=TestClass.verifyWorkersButton()[pri:10, instance:com.obsqura.scripts.TestClass@508dec2b] output={null}]]]>
              </value>
            </param>
          </params>
          <reporter-output>
          </reporter-output>
        </test-method> <!-- tearDown -->
        <test-method signature="verifyDeductionButton()[pri:11, instance:com.obsqura.scripts.TestClass@508dec2b]" started-at="2022-08-27T09:16:40 PDT" name="verifyDeductionButton" finished-at="2022-08-27T09:16:41 PDT" duration-ms="1139" status="PASS">
          <reporter-output>
          </reporter-output>
        </test-method> <!-- verifyDeductionButton -->
        <test-method is-config="true" signature="tearDown(org.testng.ITestResult)[pri:0, instance:com.obsqura.scripts.TestClass@508dec2b]" started-at="2022-08-27T09:16:41 PDT" name="tearDown" finished-at="2022-08-27T09:16:41 PDT" duration-ms="2" status="PASS">
          <params>
            <param index="0">
              <value>
                <![CDATA[[TestResult name=verifyDeductionButton status=SUCCESS method=TestClass.verifyDeductionButton()[pri:11, instance:com.obsqura.scripts.TestClass@508dec2b] output={null}]]]>
              </value>
            </param>
          </params>
          <reporter-output>
          </reporter-output>
        </test-method> <!-- tearDown -->
        <test-method signature="verifyTimeSheetButton()[pri:12, instance:com.obsqura.scripts.TestClass@508dec2b]" started-at="2022-08-27T09:16:41 PDT" name="verifyTimeSheetButton" finished-at="2022-08-27T09:16:42 PDT" duration-ms="1244" status="PASS">
          <reporter-output>
          </reporter-output>
        </test-method> <!-- verifyTimeSheetButton -->
        <test-method is-config="true" signature="tearDown(org.testng.ITestResult)[pri:0, instance:com.obsqura.scripts.TestClass@508dec2b]" started-at="2022-08-27T09:16:42 PDT" name="tearDown" finished-at="2022-08-27T09:16:42 PDT" duration-ms="1" status="PASS">
          <params>
            <param index="0">
              <value>
                <![CDATA[[TestResult name=verifyTimeSheetButton status=SUCCESS method=TestClass.verifyTimeSheetButton()[pri:12, instance:com.obsqura.scripts.TestClass@508dec2b] output={null}]]]>
              </value>
            </param>
          </params>
          <reporter-output>
          </reporter-output>
        </test-method> <!-- tearDown -->
        <test-method signature="verifyPayslipButton()[pri:13, instance:com.obsqura.scripts.TestClass@508dec2b]" started-at="2022-08-27T09:16:42 PDT" name="verifyPayslipButton" finished-at="2022-08-27T09:16:44 PDT" duration-ms="1905" status="PASS">
          <reporter-output>
          </reporter-output>
        </test-method> <!-- verifyPayslipButton -->
        <test-method is-config="true" signature="tearDown(org.testng.ITestResult)[pri:0, instance:com.obsqura.scripts.TestClass@508dec2b]" started-at="2022-08-27T09:16:44 PDT" name="tearDown" finished-at="2022-08-27T09:16:44 PDT" duration-ms="1" status="PASS">
          <params>
            <param index="0">
              <value>
                <![CDATA[[TestResult name=verifyPayslipButton status=SUCCESS method=TestClass.verifyPayslipButton()[pri:13, instance:com.obsqura.scripts.TestClass@508dec2b] output={null}]]]>
              </value>
            </param>
          </params>
          <reporter-output>
          </reporter-output>
        </test-method> <!-- tearDown -->
        <test-method signature="verifyInvoiceButton()[pri:14, instance:com.obsqura.scripts.TestClass@508dec2b]" started-at="2022-08-27T09:16:44 PDT" name="verifyInvoiceButton" finished-at="2022-08-27T09:16:51 PDT" duration-ms="7382" status="PASS">
          <reporter-output>
          </reporter-output>
        </test-method> <!-- verifyInvoiceButton -->
        <test-method is-config="true" signature="tearDown(org.testng.ITestResult)[pri:0, instance:com.obsqura.scripts.TestClass@508dec2b]" started-at="2022-08-27T09:16:51 PDT" name="tearDown" finished-at="2022-08-27T09:16:51 PDT" duration-ms="3" status="PASS">
          <params>
            <param index="0">
              <value>
                <![CDATA[[TestResult name=verifyInvoiceButton status=SUCCESS method=TestClass.verifyInvoiceButton()[pri:14, instance:com.obsqura.scripts.TestClass@508dec2b] output={null}]]]>
              </value>
            </param>
          </params>
          <reporter-output>
          </reporter-output>
        </test-method> <!-- tearDown -->
        <test-method signature="verifyReportButton()[pri:15, instance:com.obsqura.scripts.TestClass@508dec2b]" started-at="2022-08-27T09:16:51 PDT" name="verifyReportButton" finished-at="2022-08-27T09:16:54 PDT" duration-ms="2994" status="PASS">
          <reporter-output>
          </reporter-output>
        </test-method> <!-- verifyReportButton -->
        <test-method is-config="true" signature="tearDown(org.testng.ITestResult)[pri:0, instance:com.obsqura.scripts.TestClass@508dec2b]" started-at="2022-08-27T09:16:54 PDT" name="tearDown" finished-at="2022-08-27T09:16:54 PDT" duration-ms="1" status="PASS">
          <params>
            <param index="0">
              <value>
                <![CDATA[[TestResult name=verifyReportButton status=SUCCESS method=TestClass.verifyReportButton()[pri:15, instance:com.obsqura.scripts.TestClass@508dec2b] output={null}]]]>
              </value>
            </param>
          </params>
          <reporter-output>
          </reporter-output>
        </test-method> <!-- tearDown -->
        <test-method signature="verifySettingsButton()[pri:16, instance:com.obsqura.scripts.TestClass@508dec2b]" started-at="2022-08-27T09:16:54 PDT" name="verifySettingsButton" finished-at="2022-08-27T09:16:56 PDT" duration-ms="1299" status="PASS">
          <reporter-output>
          </reporter-output>
        </test-method> <!-- verifySettingsButton -->
        <test-method is-config="true" signature="tearDown(org.testng.ITestResult)[pri:0, instance:com.obsqura.scripts.TestClass@508dec2b]" started-at="2022-08-27T09:16:56 PDT" name="tearDown" finished-at="2022-08-27T09:16:56 PDT" duration-ms="1" status="PASS">
          <params>
            <param index="0">
              <value>
                <![CDATA[[TestResult name=verifySettingsButton status=SUCCESS method=TestClass.verifySettingsButton()[pri:16, instance:com.obsqura.scripts.TestClass@508dec2b] output={null}]]]>
              </value>
            </param>
          </params>
          <reporter-output>
          </reporter-output>
        </test-method> <!-- tearDown -->
        <test-method signature="verifyCarolThomasButton()[pri:17, instance:com.obsqura.scripts.TestClass@508dec2b]" started-at="2022-08-27T09:16:56 PDT" name="verifyCarolThomasButton" finished-at="2022-08-27T09:16:57 PDT" duration-ms="1352" status="PASS">
          <reporter-output>
          </reporter-output>
        </test-method> <!-- verifyCarolThomasButton -->
        <test-method is-config="true" signature="tearDown(org.testng.ITestResult)[pri:0, instance:com.obsqura.scripts.TestClass@508dec2b]" started-at="2022-08-27T09:16:57 PDT" name="tearDown" finished-at="2022-08-27T09:16:57 PDT" duration-ms="1" status="PASS">
          <params>
            <param index="0">
              <value>
                <![CDATA[[TestResult name=verifyCarolThomasButton status=SUCCESS method=TestClass.verifyCarolThomasButton()[pri:17, instance:com.obsqura.scripts.TestClass@508dec2b] output={null}]]]>
              </value>
            </param>
          </params>
          <reporter-output>
          </reporter-output>
        </test-method> <!-- tearDown -->
        <test-method signature="verifyViewProfile_inCarolThomasButton()[pri:18, instance:com.obsqura.scripts.TestClass@508dec2b]" started-at="2022-08-27T09:16:57 PDT" name="verifyViewProfile_inCarolThomasButton" finished-at="2022-08-27T09:16:59 PDT" duration-ms="1585" status="PASS">
          <reporter-output>
          </reporter-output>
        </test-method> <!-- verifyViewProfile_inCarolThomasButton -->
        <test-method is-config="true" signature="tearDown(org.testng.ITestResult)[pri:0, instance:com.obsqura.scripts.TestClass@508dec2b]" started-at="2022-08-27T09:16:59 PDT" name="tearDown" finished-at="2022-08-27T09:16:59 PDT" duration-ms="1" status="PASS">
          <params>
            <param index="0">
              <value>
                <![CDATA[[TestResult name=verifyViewProfile_inCarolThomasButton status=SUCCESS method=TestClass.verifyViewProfile_inCarolThomasButton()[pri:18, instance:com.obsqura.scripts.TestClass@508dec2b] output={null}]]]>
              </value>
            </param>
          </params>
          <reporter-output>
          </reporter-output>
        </test-method> <!-- tearDown -->
        <test-method signature="verifyLogout_inCarolThomasButton()[pri:19, instance:com.obsqura.scripts.TestClass@508dec2b]" started-at="2022-08-27T09:16:59 PDT" name="verifyLogout_inCarolThomasButton" finished-at="2022-08-27T09:16:59 PDT" duration-ms="3" status="FAIL">
          <exception class="java.lang.NullPointerException">
            <message>
              <![CDATA[Cannot invoke "com.obsqura.utility.PageUtility.implicitWait()" because "this.obj2" is null]]>
            </message>
            <full-stacktrace>
              <![CDATA[java.lang.NullPointerException: Cannot invoke "com.obsqura.utility.PageUtility.implicitWait()" because "this.obj2" is null
at com.obsqura.scripts.TestClass.verifyLogout_inCarolThomasButton(TestClass.java:228)
at java.base/jdk.internal.reflect.NativeMethodAccessorImpl.invoke0(Native Method)
at java.base/jdk.internal.reflect.NativeMethodAccessorImpl.invoke(NativeMethodAccessorImpl.java:77)
at java.base/jdk.internal.reflect.DelegatingMethodAccessorImpl.invoke(DelegatingMethodAccessorImpl.java:43)
at java.base/java.lang.reflect.Method.invoke(Method.java:568)
at org.testng.internal.invokers.MethodInvocationHelper.invokeMethod(MethodInvocationHelper.java:139)
at org.testng.internal.invokers.TestInvoker.invokeMethod(TestInvoker.java:677)
at org.testng.internal.invokers.TestInvoker.invokeTestMethod(TestInvoker.java:221)
at org.testng.internal.invokers.MethodRunner.runInSequence(MethodRunner.java:50)
at org.testng.internal.invokers.TestInvoker$MethodInvocationAgent.invoke(TestInvoker.java:962)
at org.testng.internal.invokers.TestInvoker.invokeTestMethods(TestInvoker.java:194)
at org.testng.internal.invokers.TestMethodWorker.invokeTestMethods(TestMethodWorker.java:148)
at org.testng.internal.invokers.TestMethodWorker.run(TestMethodWorker.java:128)
at java.base/java.util.ArrayList.forEach(ArrayList.java:1511)
at org.testng.TestRunner.privateRun(TestRunner.java:806)
at org.testng.TestRunner.run(TestRunner.java:601)
at org.testng.SuiteRunner.runTest(SuiteRunner.java:433)
at org.testng.SuiteRunner$SuiteWorker.run(SuiteRunner.java:471)
at org.testng.internal.thread.ThreadUtil.lambda$execute$0(ThreadUtil.java:58)
at java.base/java.util.concurrent.FutureTask.run(FutureTask.java:264)
at java.base/java.util.concurrent.ThreadPoolExecutor.runWorker(ThreadPoolExecutor.java:1136)
at java.base/java.util.concurrent.ThreadPoolExecutor$Worker.run(ThreadPoolExecutor.java:635)
at java.base/java.lang.Thread.run(Thread.java:833)
]]>
            </full-stacktrace>
          </exception> <!-- java.lang.NullPointerException -->
          <reporter-output>
          </reporter-output>
        </test-method> <!-- verifyLogout_inCarolThomasButton -->
        <test-method is-config="true" signature="tearDown(org.testng.ITestResult)[pri:0, instance:com.obsqura.scripts.TestClass@508dec2b]" started-at="2022-08-27T09:16:59 PDT" name="tearDown" finished-at="2022-08-27T09:17:00 PDT" duration-ms="1872" status="PASS">
          <params>
            <param index="0">
              <value>
                <![CDATA[[TestResult name=verifyLogout_inCarolThomasButton status=FAILURE method=TestClass.verifyLogout_inCarolThomasButton()[pri:19, instance:com.obsqura.scripts.TestClass@508dec2b] output={null}]]]>
              </value>
            </param>
          </params>
          <reporter-output>
          </reporter-output>
        </test-method> <!-- tearDown -->
        <test-method signature="verify_searchbutton_with_ValidClientNameandId()[pri:20, instance:com.obsqura.scripts.TestClass@508dec2b]" started-at="2022-08-27T09:17:00 PDT" name="verify_searchbutton_with_ValidClientNameandId" finished-at="2022-08-27T09:17:02 PDT" duration-ms="1415" status="FAIL">
          <exception class="org.openqa.selenium.NoSuchElementException">
            <message>
              <![CDATA[Unable to locate element: *[name='LoginForm[username]']
For documentation on this error, please visit: https://selenium.dev/exceptions/#no_such_element
Build info: version: '4.3.0', revision: 'a4995e2c09*'
System info: host: 'DESKTOP-2IFVM62', ip: '192.168.1.5', os.name: 'Windows 10', os.arch: 'amd64', os.version: '10.0', java.version: '17.0.2'
Driver info: org.openqa.selenium.firefox.FirefoxDriver
Command: [d5a13031-5665-4efe-965d-165250cf9bde, findElement {using=name, value=LoginForm[username]}]
Capabilities {acceptInsecureCerts: true, browserName: firefox, browserVersion: 104.0, moz:accessibilityChecks: false, moz:buildID: 20220818191623, moz:debuggerAddress: localhost:61397, moz:geckodriverVersion: 0.31.0, moz:headless: false, moz:platformVersion: 10.0, moz:processID: 12912, moz:profile: C:\Users\user\AppData\Local..., moz:shutdownTimeout: 60000, moz:useNonSpecCompliantPointerOrigin: false, moz:webdriverClick: true, moz:windowless: false, pageLoadStrategy: normal, platformName: WINDOWS, proxy: Proxy(), se:cdp: ws://localhost:61397/devtoo..., se:cdpVersion: 85.0, setWindowRect: true, strictFileInteractability: false, timeouts: {implicit: 0, pageLoad: 300000, script: 30000}, unhandledPromptBehavior: dismiss and notify}
Session ID: d5a13031-5665-4efe-965d-165250cf9bde]]>
            </message>
            <full-stacktrace>
              <![CDATA[org.openqa.selenium.NoSuchElementException: Unable to locate element: *[name='LoginForm[username]']
For documentation on this error, please visit: https://selenium.dev/exceptions/#no_such_element
Build info: version: '4.3.0', revision: 'a4995e2c09*'
System info: host: 'DESKTOP-2IFVM62', ip: '192.168.1.5', os.name: 'Windows 10', os.arch: 'amd64', os.version: '10.0', java.version: '17.0.2'
Driver info: org.openqa.selenium.firefox.FirefoxDriver
Command: [d5a13031-5665-4efe-965d-165250cf9bde, findElement {using=name, value=LoginForm[username]}]
Capabilities {acceptInsecureCerts: true, browserName: firefox, browserVersion: 104.0, moz:accessibilityChecks: false, moz:buildID: 20220818191623, moz:debuggerAddress: localhost:61397, moz:geckodriverVersion: 0.31.0, moz:headless: false, moz:platformVersion: 10.0, moz:processID: 12912, moz:profile: C:\Users\user\AppData\Local..., moz:shutdownTimeout: 60000, moz:useNonSpecCompliantPointerOrigin: false, moz:webdriverClick: true, moz:windowless: false, pageLoadStrategy: normal, platformName: WINDOWS, proxy: Proxy(), se:cdp: ws://localhost:61397/devtoo..., se:cdpVersion: 85.0, setWindowRect: true, strictFileInteractability: false, timeouts: {implicit: 0, pageLoad: 300000, script: 30000}, unhandledPromptBehavior: dismiss and notify}
Session ID: d5a13031-5665-4efe-965d-165250cf9bde
at java.base/jdk.internal.reflect.NativeConstructorAccessorImpl.newInstance0(Native Method)
at java.base/jdk.internal.reflect.NativeConstructorAccessorImpl.newInstance(NativeConstructorAccessorImpl.java:77)
at java.base/jdk.internal.reflect.DelegatingConstructorAccessorImpl.newInstance(DelegatingConstructorAccessorImpl.java:45)
at java.base/java.lang.reflect.Constructor.newInstanceWithCaller(Constructor.java:499)
at java.base/java.lang.reflect.Constructor.newInstance(Constructor.java:480)
at org.openqa.selenium.remote.codec.w3c.W3CHttpResponseCodec.createException(W3CHttpResponseCodec.java:200)
at org.openqa.selenium.remote.codec.w3c.W3CHttpResponseCodec.decode(W3CHttpResponseCodec.java:133)
at org.openqa.selenium.remote.codec.w3c.W3CHttpResponseCodec.decode(W3CHttpResponseCodec.java:53)
at org.openqa.selenium.remote.HttpCommandExecutor.execute(HttpCommandExecutor.java:184)
at org.openqa.selenium.remote.service.DriverCommandExecutor.invokeExecute(DriverCommandExecutor.java:167)
at org.openqa.selenium.remote.service.DriverCommandExecutor.execute(DriverCommandExecutor.java:142)
at org.openqa.selenium.remote.RemoteWebDriver.execute(RemoteWebDriver.java:569)
at org.openqa.selenium.remote.ElementLocation$ElementFinder$2.findElement(ElementLocation.java:162)
at org.openqa.selenium.remote.ElementLocation.findElement(ElementLocation.java:60)
at org.openqa.selenium.remote.RemoteWebDriver.findElement(RemoteWebDriver.java:387)
at org.openqa.selenium.remote.RemoteWebDriver.findElement(RemoteWebDriver.java:379)
at org.openqa.selenium.support.pagefactory.DefaultElementLocator.findElement(DefaultElementLocator.java:70)
at org.openqa.selenium.support.pagefactory.internal.LocatingElementHandler.invoke(LocatingElementHandler.java:39)
at jdk.proxy2/jdk.proxy2.$Proxy18.clear(Unknown Source)
at com.obsqura.pages.LoginPage.setUsername(LoginPage.java:50)
at com.obsqura.scripts.TestClass.verify_searchbutton_with_ValidClientNameandId(TestClass.java:338)
at java.base/jdk.internal.reflect.NativeMethodAccessorImpl.invoke0(Native Method)
at java.base/jdk.internal.reflect.NativeMethodAccessorImpl.invoke(NativeMethodAccessorImpl.java:77)
at java.base/jdk.internal.reflect.DelegatingMethodAccessorImpl.invoke(DelegatingMethodAccessorImpl.java:43)
at java.base/java.lang.reflect.Method.invoke(Method.java:568)
at org.testng.internal.invokers.MethodInvocationHelper.invokeMethod(MethodInvocationHelper.java:139)
at org.testng.internal.invokers.TestInvoker.invokeMethod(TestInvoker.java:677)
at org.testng.internal.invokers.TestInvoker.invokeTestMethod(TestInvoker.java:221)
at org.testng.internal.invokers.MethodRunner.runInSequence(MethodRunner.java:50)
at org.testng.internal.invokers.TestInvoker$MethodInvocationAgent.invoke(TestInvoker.java:962)
at org.testng.internal.invokers.TestInvoker.invokeTestMethods(TestInvoker.java:194)
at org.testng.internal.invokers.TestMethodWorker.invokeTestMethods(TestMethodWorker.java:148)
at org.testng.internal.invokers.TestMethodWorker.run(TestMethodWorker.java:128)
at java.base/java.util.ArrayList.forEach(ArrayList.java:1511)
at org.testng.TestRunner.privateRun(TestRunner.java:806)
at org.testng.TestRunner.run(TestRunner.java:601)
at org.testng.SuiteRunner.runTest(SuiteRunner.java:433)
at org.testng.SuiteRunner$SuiteWorker.run(SuiteRunner.java:471)
at org.testng.internal.thread.ThreadUtil.lambda$execute$0(ThreadUtil.java:58)
at java.base/java.util.concurrent.FutureTask.run(FutureTask.java:264)
at java.base/java.util.concurrent.ThreadPoolExecutor.runWorker(ThreadPoolExecutor.java:1136)
at java.base/java.util.concurrent.ThreadPoolExecutor$Worker.run(ThreadPoolExecutor.java:635)
at java.base/java.lang.Thread.run(Thread.java:833)
]]>
            </full-stacktrace>
          </exception> <!-- org.openqa.selenium.NoSuchElementException -->
          <reporter-output>
          </reporter-output>
        </test-method> <!-- verify_searchbutton_with_ValidClientNameandId -->
        <test-method is-config="true" signature="tearDown(org.testng.ITestResult)[pri:0, instance:com.obsqura.scripts.TestClass@508dec2b]" started-at="2022-08-27T09:17:02 PDT" name="tearDown" finished-at="2022-08-27T09:17:02 PDT" duration-ms="561" status="PASS">
          <params>
            <param index="0">
              <value>
                <![CDATA[[TestResult name=verify_searchbutton_with_ValidClientNameandId status=FAILURE method=TestClass.verify_searchbutton_with_ValidClientNameandId()[pri:20, instance:com.obsqura.scripts.TestClass@508dec2b] output={null}]]]>
              </value>
            </param>
          </params>
          <reporter-output>
          </reporter-output>
        </test-method> <!-- tearDown -->
        <test-method signature="verify_search_ValidClient_UsingValidNameOnly()[pri:21, instance:com.obsqura.scripts.TestClass@508dec2b]" started-at="2022-08-27T09:17:02 PDT" name="verify_search_ValidClient_UsingValidNameOnly" finished-at="2022-08-27T09:17:08 PDT" duration-ms="5790" status="PASS">
          <reporter-output>
          </reporter-output>
        </test-method> <!-- verify_search_ValidClient_UsingValidNameOnly -->
        <test-method is-config="true" signature="tearDown(org.testng.ITestResult)[pri:0, instance:com.obsqura.scripts.TestClass@508dec2b]" started-at="2022-08-27T09:17:08 PDT" name="tearDown" finished-at="2022-08-27T09:17:08 PDT" duration-ms="4" status="PASS">
          <params>
            <param index="0">
              <value>
                <![CDATA[[TestResult name=verify_search_ValidClient_UsingValidNameOnly status=SUCCESS method=TestClass.verify_search_ValidClient_UsingValidNameOnly()[pri:21, instance:com.obsqura.scripts.TestClass@508dec2b] output={null}]]]>
              </value>
            </param>
          </params>
          <reporter-output>
          </reporter-output>
        </test-method> <!-- tearDown -->
        <test-method signature="verifySearch_ValidClient_UsingValidIDOnly()[pri:22, instance:com.obsqura.scripts.TestClass@508dec2b]" started-at="2022-08-27T09:17:08 PDT" name="verifySearch_ValidClient_UsingValidIDOnly" finished-at="2022-08-27T09:17:14 PDT" duration-ms="5663" status="PASS">
          <reporter-output>
          </reporter-output>
        </test-method> <!-- verifySearch_ValidClient_UsingValidIDOnly -->
        <test-method is-config="true" signature="tearDown(org.testng.ITestResult)[pri:0, instance:com.obsqura.scripts.TestClass@508dec2b]" started-at="2022-08-27T09:17:14 PDT" name="tearDown" finished-at="2022-08-27T09:17:14 PDT" duration-ms="0" status="PASS">
          <params>
            <param index="0">
              <value>
                <![CDATA[[TestResult name=verifySearch_ValidClient_UsingValidIDOnly status=SUCCESS method=TestClass.verifySearch_ValidClient_UsingValidIDOnly()[pri:22, instance:com.obsqura.scripts.TestClass@508dec2b] output={null}]]]>
              </value>
            </param>
          </params>
          <reporter-output>
          </reporter-output>
        </test-method> <!-- tearDown -->
        <test-method signature="verifySearchClient_Using_InValidName_and_ID()[pri:23, instance:com.obsqura.scripts.TestClass@508dec2b]" started-at="2022-08-27T09:17:14 PDT" name="verifySearchClient_Using_InValidName_and_ID" finished-at="2022-08-27T09:17:17 PDT" duration-ms="3198" status="PASS">
          <reporter-output>
          </reporter-output>
        </test-method> <!-- verifySearchClient_Using_InValidName_and_ID -->
        <test-method is-config="true" signature="tearDown(org.testng.ITestResult)[pri:0, instance:com.obsqura.scripts.TestClass@508dec2b]" started-at="2022-08-27T09:17:17 PDT" name="tearDown" finished-at="2022-08-27T09:17:17 PDT" duration-ms="1" status="PASS">
          <params>
            <param index="0">
              <value>
                <![CDATA[[TestResult name=verifySearchClient_Using_InValidName_and_ID status=SUCCESS method=TestClass.verifySearchClient_Using_InValidName_and_ID()[pri:23, instance:com.obsqura.scripts.TestClass@508dec2b] output={null}]]]>
              </value>
            </param>
          </params>
          <reporter-output>
          </reporter-output>
        </test-method> <!-- tearDown -->
        <test-method signature="verify_CreateNewClientButton()[pri:24, instance:com.obsqura.scripts.TestClass@508dec2b]" started-at="2022-08-27T09:17:17 PDT" name="verify_CreateNewClientButton" finished-at="2022-08-27T09:17:19 PDT" duration-ms="2271" status="PASS">
          <reporter-output>
          </reporter-output>
        </test-method> <!-- verify_CreateNewClientButton -->
        <test-method is-config="true" signature="tearDown(org.testng.ITestResult)[pri:0, instance:com.obsqura.scripts.TestClass@508dec2b]" started-at="2022-08-27T09:17:19 PDT" name="tearDown" finished-at="2022-08-27T09:17:19 PDT" duration-ms="1" status="PASS">
          <params>
            <param index="0">
              <value>
                <![CDATA[[TestResult name=verify_CreateNewClientButton status=SUCCESS method=TestClass.verify_CreateNewClientButton()[pri:24, instance:com.obsqura.scripts.TestClass@508dec2b] output={null}]]]>
              </value>
            </param>
          </params>
          <reporter-output>
          </reporter-output>
        </test-method> <!-- tearDown -->
        <test-method signature="verify_User_can_CreateNew_Client_with_mandatory_fields()[pri:25, instance:com.obsqura.scripts.TestClass@508dec2b]" started-at="2022-08-27T09:17:19 PDT" name="verify_User_can_CreateNew_Client_with_mandatory_fields" finished-at="2022-08-27T09:17:34 PDT" duration-ms="14663" status="FAIL">
          <exception class="org.openqa.selenium.ElementClickInterceptedException">
            <message>
              <![CDATA[Element <button class="btn btn-success" type="submit"> is not clickable at point (283,625) because another element <p> obscures it
Build info: version: '4.3.0', revision: 'a4995e2c09*'
System info: host: 'DESKTOP-2IFVM62', ip: '192.168.1.5', os.name: 'Windows 10', os.arch: 'amd64', os.version: '10.0', java.version: '17.0.2'
Driver info: org.openqa.selenium.firefox.FirefoxDriver
Command: [d5a13031-5665-4efe-965d-165250cf9bde, clickElement {id=175c948c-ff00-4b24-8543-298d1522186c}]
Capabilities {acceptInsecureCerts: true, browserName: firefox, browserVersion: 104.0, moz:accessibilityChecks: false, moz:buildID: 20220818191623, moz:debuggerAddress: localhost:61397, moz:geckodriverVersion: 0.31.0, moz:headless: false, moz:platformVersion: 10.0, moz:processID: 12912, moz:profile: C:\Users\user\AppData\Local..., moz:shutdownTimeout: 60000, moz:useNonSpecCompliantPointerOrigin: false, moz:webdriverClick: true, moz:windowless: false, pageLoadStrategy: normal, platformName: WINDOWS, proxy: Proxy(), se:cdp: ws://localhost:61397/devtoo..., se:cdpVersion: 85.0, setWindowRect: true, strictFileInteractability: false, timeouts: {implicit: 0, pageLoad: 300000, script: 30000}, unhandledPromptBehavior: dismiss and notify}
Element: [[FirefoxDriver: firefox on WINDOWS (d5a13031-5665-4efe-965d-165250cf9bde)] -> xpath: //button[text()='Save']]
Session ID: d5a13031-5665-4efe-965d-165250cf9bde]]>
            </message>
            <full-stacktrace>
              <![CDATA[org.openqa.selenium.ElementClickInterceptedException: Element <button class="btn btn-success" type="submit"> is not clickable at point (283,625) because another element <p> obscures it
Build info: version: '4.3.0', revision: 'a4995e2c09*'
System info: host: 'DESKTOP-2IFVM62', ip: '192.168.1.5', os.name: 'Windows 10', os.arch: 'amd64', os.version: '10.0', java.version: '17.0.2'
Driver info: org.openqa.selenium.firefox.FirefoxDriver
Command: [d5a13031-5665-4efe-965d-165250cf9bde, clickElement {id=175c948c-ff00-4b24-8543-298d1522186c}]
Capabilities {acceptInsecureCerts: true, browserName: firefox, browserVersion: 104.0, moz:accessibilityChecks: false, moz:buildID: 20220818191623, moz:debuggerAddress: localhost:61397, moz:geckodriverVersion: 0.31.0, moz:headless: false, moz:platformVersion: 10.0, moz:processID: 12912, moz:profile: C:\Users\user\AppData\Local..., moz:shutdownTimeout: 60000, moz:useNonSpecCompliantPointerOrigin: false, moz:webdriverClick: true, moz:windowless: false, pageLoadStrategy: normal, platformName: WINDOWS, proxy: Proxy(), se:cdp: ws://localhost:61397/devtoo..., se:cdpVersion: 85.0, setWindowRect: true, strictFileInteractability: false, timeouts: {implicit: 0, pageLoad: 300000, script: 30000}, unhandledPromptBehavior: dismiss and notify}
Element: [[FirefoxDriver: firefox on WINDOWS (d5a13031-5665-4efe-965d-165250cf9bde)] -> xpath: //button[text()='Save']]
Session ID: d5a13031-5665-4efe-965d-165250cf9bde
at java.base/jdk.internal.reflect.NativeConstructorAccessorImpl.newInstance0(Native Method)
at java.base/jdk.internal.reflect.NativeConstructorAccessorImpl.newInstance(NativeConstructorAccessorImpl.java:77)
at java.base/jdk.internal.reflect.DelegatingConstructorAccessorImpl.newInstance(DelegatingConstructorAccessorImpl.java:45)
at java.base/java.lang.reflect.Constructor.newInstanceWithCaller(Constructor.java:499)
at java.base/java.lang.reflect.Constructor.newInstance(Constructor.java:480)
at org.openqa.selenium.remote.codec.w3c.W3CHttpResponseCodec.createException(W3CHttpResponseCodec.java:200)
at org.openqa.selenium.remote.codec.w3c.W3CHttpResponseCodec.decode(W3CHttpResponseCodec.java:133)
at org.openqa.selenium.remote.codec.w3c.W3CHttpResponseCodec.decode(W3CHttpResponseCodec.java:53)
at org.openqa.selenium.remote.HttpCommandExecutor.execute(HttpCommandExecutor.java:184)
at org.openqa.selenium.remote.service.DriverCommandExecutor.invokeExecute(DriverCommandExecutor.java:167)
at org.openqa.selenium.remote.service.DriverCommandExecutor.execute(DriverCommandExecutor.java:142)
at org.openqa.selenium.remote.RemoteWebDriver.execute(RemoteWebDriver.java:569)
at org.openqa.selenium.remote.RemoteWebElement.execute(RemoteWebElement.java:257)
at org.openqa.selenium.remote.RemoteWebElement.click(RemoteWebElement.java:78)
at jdk.internal.reflect.GeneratedMethodAccessor1.invoke(Unknown Source)
at java.base/jdk.internal.reflect.DelegatingMethodAccessorImpl.invoke(DelegatingMethodAccessorImpl.java:43)
at java.base/java.lang.reflect.Method.invoke(Method.java:568)
at org.openqa.selenium.support.pagefactory.internal.LocatingElementHandler.invoke(LocatingElementHandler.java:52)
at jdk.proxy2/jdk.proxy2.$Proxy18.click(Unknown Source)
at com.obsqura.pages.Home_Clients.saveButton(Home_Clients.java:208)
at com.obsqura.scripts.TestClass.verify_User_can_CreateNew_Client_with_mandatory_fields(TestClass.java:487)
at java.base/jdk.internal.reflect.NativeMethodAccessorImpl.invoke0(Native Method)
at java.base/jdk.internal.reflect.NativeMethodAccessorImpl.invoke(NativeMethodAccessorImpl.java:77)
at java.base/jdk.internal.reflect.DelegatingMethodAccessorImpl.invoke(DelegatingMethodAccessorImpl.java:43)
at java.base/java.lang.reflect.Method.invoke(Method.java:568)
at org.testng.internal.invokers.MethodInvocationHelper.invokeMethod(MethodInvocationHelper.java:139)
at org.testng.internal.invokers.TestInvoker.invokeMethod(TestInvoker.java:677)
at org.testng.internal.invokers.TestInvoker.invokeTestMethod(TestInvoker.java:221)
at org.testng.internal.invokers.MethodRunner.runInSequence(MethodRunner.java:50)
at org.testng.internal.invokers.TestInvoker$MethodInvocationAgent.invoke(TestInvoker.java:962)
at org.testng.internal.invokers.TestInvoker.invokeTestMethods(TestInvoker.java:194)
at org.testng.internal.invokers.TestMethodWorker.invokeTestMethods(TestMethodWorker.java:148)
at org.testng.internal.invokers.TestMethodWorker.run(TestMethodWorker.java:128)
at java.base/java.util.ArrayList.forEach(ArrayList.java:1511)
at org.testng.TestRunner.privateRun(TestRunner.java:806)
at org.testng.TestRunner.run(TestRunner.java:601)
at org.testng.SuiteRunner.runTest(SuiteRunner.java:433)
at org.testng.SuiteRunner$SuiteWorker.run(SuiteRunner.java:471)
at org.testng.internal.thread.ThreadUtil.lambda$execute$0(ThreadUtil.java:58)
at java.base/java.util.concurrent.FutureTask.run(FutureTask.java:264)
at java.base/java.util.concurrent.ThreadPoolExecutor.runWorker(ThreadPoolExecutor.java:1136)
at java.base/java.util.concurrent.ThreadPoolExecutor$Worker.run(ThreadPoolExecutor.java:635)
at java.base/java.lang.Thread.run(Thread.java:833)
]]>
            </full-stacktrace>
          </exception> <!-- org.openqa.selenium.ElementClickInterceptedException -->
          <reporter-output>
          </reporter-output>
        </test-method> <!-- verify_User_can_CreateNew_Client_with_mandatory_fields -->
        <test-method is-config="true" signature="tearDown(org.testng.ITestResult)[pri:0, instance:com.obsqura.scripts.TestClass@508dec2b]" started-at="2022-08-27T09:17:34 PDT" name="tearDown" finished-at="2022-08-27T09:17:35 PDT" duration-ms="1381" status="PASS">
          <params>
            <param index="0">
              <value>
                <![CDATA[[TestResult name=verify_User_can_CreateNew_Client_with_mandatory_fields status=FAILURE method=TestClass.verify_User_can_CreateNew_Client_with_mandatory_fields()[pri:25, instance:com.obsqura.scripts.TestClass@508dec2b] output={null}]]]>
              </value>
            </param>
          </params>
          <reporter-output>
          </reporter-output>
        </test-method> <!-- tearDown -->
        <test-method signature="verify_user_can_search_ValidWorker()[pri:26, instance:com.obsqura.scripts.TestClass@508dec2b]" started-at="2022-08-27T09:17:35 PDT" name="verify_user_can_search_ValidWorker" finished-at="2022-08-27T09:17:39 PDT" duration-ms="3675" status="PASS">
          <reporter-output>
          </reporter-output>
        </test-method> <!-- verify_user_can_search_ValidWorker -->
        <test-method is-config="true" signature="tearDown(org.testng.ITestResult)[pri:0, instance:com.obsqura.scripts.TestClass@508dec2b]" started-at="2022-08-27T09:17:39 PDT" name="tearDown" finished-at="2022-08-27T09:17:39 PDT" duration-ms="1" status="PASS">
          <params>
            <param index="0">
              <value>
                <![CDATA[[TestResult name=verify_user_can_search_ValidWorker status=SUCCESS method=TestClass.verify_user_can_search_ValidWorker()[pri:26, instance:com.obsqura.scripts.TestClass@508dec2b] output={null}]]]>
              </value>
            </param>
          </params>
          <reporter-output>
          </reporter-output>
        </test-method> <!-- tearDown -->
        <test-method signature="verify_CreateNewWorkerButton()[pri:27, instance:com.obsqura.scripts.TestClass@508dec2b]" started-at="2022-08-27T09:17:39 PDT" name="verify_CreateNewWorkerButton" finished-at="2022-08-27T09:17:42 PDT" duration-ms="2865" status="PASS">
          <reporter-output>
          </reporter-output>
        </test-method> <!-- verify_CreateNewWorkerButton -->
        <test-method is-config="true" signature="tearDown(org.testng.ITestResult)[pri:0, instance:com.obsqura.scripts.TestClass@508dec2b]" started-at="2022-08-27T09:17:42 PDT" name="tearDown" finished-at="2022-08-27T09:17:42 PDT" duration-ms="1" status="PASS">
          <params>
            <param index="0">
              <value>
                <![CDATA[[TestResult name=verify_CreateNewWorkerButton status=SUCCESS method=TestClass.verify_CreateNewWorkerButton()[pri:27, instance:com.obsqura.scripts.TestClass@508dec2b] output={null}]]]>
              </value>
            </param>
          </params>
          <reporter-output>
          </reporter-output>
        </test-method> <!-- tearDown -->
        <test-method signature="verify_user_able_to_CreateNewWorker_with_mandatoryFields()[pri:28, instance:com.obsqura.scripts.TestClass@508dec2b]" started-at="2022-08-27T09:17:42 PDT" name="verify_user_able_to_CreateNewWorker_with_mandatoryFields" finished-at="2022-08-27T09:17:46 PDT" duration-ms="4400" status="FAIL">
          <exception class="org.openqa.selenium.ElementClickInterceptedException">
            <message>
              <![CDATA[Element <button class="btn btn-success" type="submit"> is not clickable at point (282,625) because another element <p> obscures it
Build info: version: '4.3.0', revision: 'a4995e2c09*'
System info: host: 'DESKTOP-2IFVM62', ip: '192.168.1.5', os.name: 'Windows 10', os.arch: 'amd64', os.version: '10.0', java.version: '17.0.2'
Driver info: org.openqa.selenium.firefox.FirefoxDriver
Command: [d5a13031-5665-4efe-965d-165250cf9bde, clickElement {id=ebec350d-e811-4b48-9775-0f55f1d6c3de}]
Capabilities {acceptInsecureCerts: true, browserName: firefox, browserVersion: 104.0, moz:accessibilityChecks: false, moz:buildID: 20220818191623, moz:debuggerAddress: localhost:61397, moz:geckodriverVersion: 0.31.0, moz:headless: false, moz:platformVersion: 10.0, moz:processID: 12912, moz:profile: C:\Users\user\AppData\Local..., moz:shutdownTimeout: 60000, moz:useNonSpecCompliantPointerOrigin: false, moz:webdriverClick: true, moz:windowless: false, pageLoadStrategy: normal, platformName: WINDOWS, proxy: Proxy(), se:cdp: ws://localhost:61397/devtoo..., se:cdpVersion: 85.0, setWindowRect: true, strictFileInteractability: false, timeouts: {implicit: 0, pageLoad: 300000, script: 30000}, unhandledPromptBehavior: dismiss and notify}
Element: [[FirefoxDriver: firefox on WINDOWS (d5a13031-5665-4efe-965d-165250cf9bde)] -> xpath: //button[text()='Next']]
Session ID: d5a13031-5665-4efe-965d-165250cf9bde]]>
            </message>
            <full-stacktrace>
              <![CDATA[org.openqa.selenium.ElementClickInterceptedException: Element <button class="btn btn-success" type="submit"> is not clickable at point (282,625) because another element <p> obscures it
Build info: version: '4.3.0', revision: 'a4995e2c09*'
System info: host: 'DESKTOP-2IFVM62', ip: '192.168.1.5', os.name: 'Windows 10', os.arch: 'amd64', os.version: '10.0', java.version: '17.0.2'
Driver info: org.openqa.selenium.firefox.FirefoxDriver
Command: [d5a13031-5665-4efe-965d-165250cf9bde, clickElement {id=ebec350d-e811-4b48-9775-0f55f1d6c3de}]
Capabilities {acceptInsecureCerts: true, browserName: firefox, browserVersion: 104.0, moz:accessibilityChecks: false, moz:buildID: 20220818191623, moz:debuggerAddress: localhost:61397, moz:geckodriverVersion: 0.31.0, moz:headless: false, moz:platformVersion: 10.0, moz:processID: 12912, moz:profile: C:\Users\user\AppData\Local..., moz:shutdownTimeout: 60000, moz:useNonSpecCompliantPointerOrigin: false, moz:webdriverClick: true, moz:windowless: false, pageLoadStrategy: normal, platformName: WINDOWS, proxy: Proxy(), se:cdp: ws://localhost:61397/devtoo..., se:cdpVersion: 85.0, setWindowRect: true, strictFileInteractability: false, timeouts: {implicit: 0, pageLoad: 300000, script: 30000}, unhandledPromptBehavior: dismiss and notify}
Element: [[FirefoxDriver: firefox on WINDOWS (d5a13031-5665-4efe-965d-165250cf9bde)] -> xpath: //button[text()='Next']]
Session ID: d5a13031-5665-4efe-965d-165250cf9bde
at java.base/jdk.internal.reflect.NativeConstructorAccessorImpl.newInstance0(Native Method)
at java.base/jdk.internal.reflect.NativeConstructorAccessorImpl.newInstance(NativeConstructorAccessorImpl.java:77)
at java.base/jdk.internal.reflect.DelegatingConstructorAccessorImpl.newInstance(DelegatingConstructorAccessorImpl.java:45)
at java.base/java.lang.reflect.Constructor.newInstanceWithCaller(Constructor.java:499)
at java.base/java.lang.reflect.Constructor.newInstance(Constructor.java:480)
at org.openqa.selenium.remote.codec.w3c.W3CHttpResponseCodec.createException(W3CHttpResponseCodec.java:200)
at org.openqa.selenium.remote.codec.w3c.W3CHttpResponseCodec.decode(W3CHttpResponseCodec.java:133)
at org.openqa.selenium.remote.codec.w3c.W3CHttpResponseCodec.decode(W3CHttpResponseCodec.java:53)
at org.openqa.selenium.remote.HttpCommandExecutor.execute(HttpCommandExecutor.java:184)
at org.openqa.selenium.remote.service.DriverCommandExecutor.invokeExecute(DriverCommandExecutor.java:167)
at org.openqa.selenium.remote.service.DriverCommandExecutor.execute(DriverCommandExecutor.java:142)
at org.openqa.selenium.remote.RemoteWebDriver.execute(RemoteWebDriver.java:569)
at org.openqa.selenium.remote.RemoteWebElement.execute(RemoteWebElement.java:257)
at org.openqa.selenium.remote.RemoteWebElement.click(RemoteWebElement.java:78)
at jdk.internal.reflect.GeneratedMethodAccessor1.invoke(Unknown Source)
at java.base/jdk.internal.reflect.DelegatingMethodAccessorImpl.invoke(DelegatingMethodAccessorImpl.java:43)
at java.base/java.lang.reflect.Method.invoke(Method.java:568)
at org.openqa.selenium.support.pagefactory.internal.LocatingElementHandler.invoke(LocatingElementHandler.java:52)
at jdk.proxy2/jdk.proxy2.$Proxy18.click(Unknown Source)
at com.obsqura.pages.Home_Workers.workerNextBtn(Home_Workers.java:206)
at com.obsqura.scripts.TestClass.verify_user_able_to_CreateNewWorker_with_mandatoryFields(TestClass.java:575)
at java.base/jdk.internal.reflect.NativeMethodAccessorImpl.invoke0(Native Method)
at java.base/jdk.internal.reflect.NativeMethodAccessorImpl.invoke(NativeMethodAccessorImpl.java:77)
at java.base/jdk.internal.reflect.DelegatingMethodAccessorImpl.invoke(DelegatingMethodAccessorImpl.java:43)
at java.base/java.lang.reflect.Method.invoke(Method.java:568)
at org.testng.internal.invokers.MethodInvocationHelper.invokeMethod(MethodInvocationHelper.java:139)
at org.testng.internal.invokers.TestInvoker.invokeMethod(TestInvoker.java:677)
at org.testng.internal.invokers.TestInvoker.invokeTestMethod(TestInvoker.java:221)
at org.testng.internal.invokers.MethodRunner.runInSequence(MethodRunner.java:50)
at org.testng.internal.invokers.TestInvoker$MethodInvocationAgent.invoke(TestInvoker.java:962)
at org.testng.internal.invokers.TestInvoker.invokeTestMethods(TestInvoker.java:194)
at org.testng.internal.invokers.TestMethodWorker.invokeTestMethods(TestMethodWorker.java:148)
at org.testng.internal.invokers.TestMethodWorker.run(TestMethodWorker.java:128)
at java.base/java.util.ArrayList.forEach(ArrayList.java:1511)
at org.testng.TestRunner.privateRun(TestRunner.java:806)
at org.testng.TestRunner.run(TestRunner.java:601)
at org.testng.SuiteRunner.runTest(SuiteRunner.java:433)
at org.testng.SuiteRunner$SuiteWorker.run(SuiteRunner.java:471)
at org.testng.internal.thread.ThreadUtil.lambda$execute$0(ThreadUtil.java:58)
at java.base/java.util.concurrent.FutureTask.run(FutureTask.java:264)
at java.base/java.util.concurrent.ThreadPoolExecutor.runWorker(ThreadPoolExecutor.java:1136)
at java.base/java.util.concurrent.ThreadPoolExecutor$Worker.run(ThreadPoolExecutor.java:635)
at java.base/java.lang.Thread.run(Thread.java:833)
]]>
            </full-stacktrace>
          </exception> <!-- org.openqa.selenium.ElementClickInterceptedException -->
          <reporter-output>
          </reporter-output>
        </test-method> <!-- verify_user_able_to_CreateNewWorker_with_mandatoryFields -->
        <test-method is-config="true" signature="tearDown(org.testng.ITestResult)[pri:0, instance:com.obsqura.scripts.TestClass@508dec2b]" started-at="2022-08-27T09:17:46 PDT" name="tearDown" finished-at="2022-08-27T09:17:46 PDT" duration-ms="108" status="PASS">
          <params>
            <param index="0">
              <value>
                <![CDATA[[TestResult name=verify_user_able_to_CreateNewWorker_with_mandatoryFields status=FAILURE method=TestClass.verify_user_able_to_CreateNewWorker_with_mandatoryFields()[pri:28, instance:com.obsqura.scripts.TestClass@508dec2b] output={null}]]]>
              </value>
            </param>
          </params>
          <reporter-output>
          </reporter-output>
        </test-method> <!-- tearDown -->
        <test-method signature="verifyworkerBankDetailsButton()[pri:29, instance:com.obsqura.scripts.TestClass@508dec2b]" started-at="2022-08-27T09:17:46 PDT" name="verifyworkerBankDetailsButton" finished-at="2022-08-27T09:17:48 PDT" duration-ms="1016" status="FAIL">
          <exception class="org.openqa.selenium.NoSuchElementException">
            <message>
              <![CDATA[Unable to locate element: //a[text()='Bank Details']
For documentation on this error, please visit: https://selenium.dev/exceptions/#no_such_element
Build info: version: '4.3.0', revision: 'a4995e2c09*'
System info: host: 'DESKTOP-2IFVM62', ip: '192.168.1.5', os.name: 'Windows 10', os.arch: 'amd64', os.version: '10.0', java.version: '17.0.2'
Driver info: org.openqa.selenium.firefox.FirefoxDriver
Command: [d5a13031-5665-4efe-965d-165250cf9bde, findElement {using=xpath, value=//a[text()='Bank Details']}]
Capabilities {acceptInsecureCerts: true, browserName: firefox, browserVersion: 104.0, moz:accessibilityChecks: false, moz:buildID: 20220818191623, moz:debuggerAddress: localhost:61397, moz:geckodriverVersion: 0.31.0, moz:headless: false, moz:platformVersion: 10.0, moz:processID: 12912, moz:profile: C:\Users\user\AppData\Local..., moz:shutdownTimeout: 60000, moz:useNonSpecCompliantPointerOrigin: false, moz:webdriverClick: true, moz:windowless: false, pageLoadStrategy: normal, platformName: WINDOWS, proxy: Proxy(), se:cdp: ws://localhost:61397/devtoo..., se:cdpVersion: 85.0, setWindowRect: true, strictFileInteractability: false, timeouts: {implicit: 0, pageLoad: 300000, script: 30000}, unhandledPromptBehavior: dismiss and notify}
Session ID: d5a13031-5665-4efe-965d-165250cf9bde]]>
            </message>
            <full-stacktrace>
              <![CDATA[org.openqa.selenium.NoSuchElementException: Unable to locate element: //a[text()='Bank Details']
For documentation on this error, please visit: https://selenium.dev/exceptions/#no_such_element
Build info: version: '4.3.0', revision: 'a4995e2c09*'
System info: host: 'DESKTOP-2IFVM62', ip: '192.168.1.5', os.name: 'Windows 10', os.arch: 'amd64', os.version: '10.0', java.version: '17.0.2'
Driver info: org.openqa.selenium.firefox.FirefoxDriver
Command: [d5a13031-5665-4efe-965d-165250cf9bde, findElement {using=xpath, value=//a[text()='Bank Details']}]
Capabilities {acceptInsecureCerts: true, browserName: firefox, browserVersion: 104.0, moz:accessibilityChecks: false, moz:buildID: 20220818191623, moz:debuggerAddress: localhost:61397, moz:geckodriverVersion: 0.31.0, moz:headless: false, moz:platformVersion: 10.0, moz:processID: 12912, moz:profile: C:\Users\user\AppData\Local..., moz:shutdownTimeout: 60000, moz:useNonSpecCompliantPointerOrigin: false, moz:webdriverClick: true, moz:windowless: false, pageLoadStrategy: normal, platformName: WINDOWS, proxy: Proxy(), se:cdp: ws://localhost:61397/devtoo..., se:cdpVersion: 85.0, setWindowRect: true, strictFileInteractability: false, timeouts: {implicit: 0, pageLoad: 300000, script: 30000}, unhandledPromptBehavior: dismiss and notify}
Session ID: d5a13031-5665-4efe-965d-165250cf9bde
at java.base/jdk.internal.reflect.NativeConstructorAccessorImpl.newInstance0(Native Method)
at java.base/jdk.internal.reflect.NativeConstructorAccessorImpl.newInstance(NativeConstructorAccessorImpl.java:77)
at java.base/jdk.internal.reflect.DelegatingConstructorAccessorImpl.newInstance(DelegatingConstructorAccessorImpl.java:45)
at java.base/java.lang.reflect.Constructor.newInstanceWithCaller(Constructor.java:499)
at java.base/java.lang.reflect.Constructor.newInstance(Constructor.java:480)
at org.openqa.selenium.remote.codec.w3c.W3CHttpResponseCodec.createException(W3CHttpResponseCodec.java:200)
at org.openqa.selenium.remote.codec.w3c.W3CHttpResponseCodec.decode(W3CHttpResponseCodec.java:133)
at org.openqa.selenium.remote.codec.w3c.W3CHttpResponseCodec.decode(W3CHttpResponseCodec.java:53)
at org.openqa.selenium.remote.HttpCommandExecutor.execute(HttpCommandExecutor.java:184)
at org.openqa.selenium.remote.service.DriverCommandExecutor.invokeExecute(DriverCommandExecutor.java:167)
at org.openqa.selenium.remote.service.DriverCommandExecutor.execute(DriverCommandExecutor.java:142)
at org.openqa.selenium.remote.RemoteWebDriver.execute(RemoteWebDriver.java:569)
at org.openqa.selenium.remote.ElementLocation$ElementFinder$2.findElement(ElementLocation.java:162)
at org.openqa.selenium.remote.ElementLocation.findElement(ElementLocation.java:60)
at org.openqa.selenium.remote.RemoteWebDriver.findElement(RemoteWebDriver.java:387)
at org.openqa.selenium.remote.RemoteWebDriver.findElement(RemoteWebDriver.java:379)
at org.openqa.selenium.support.pagefactory.DefaultElementLocator.findElement(DefaultElementLocator.java:70)
at org.openqa.selenium.support.pagefactory.internal.LocatingElementHandler.invoke(LocatingElementHandler.java:39)
at jdk.proxy2/jdk.proxy2.$Proxy18.click(Unknown Source)
at com.obsqura.pages.Home_Workers.BankDetailsBtn(Home_Workers.java:210)
at com.obsqura.scripts.TestClass.verifyworkerBankDetailsButton(TestClass.java:591)
at java.base/jdk.internal.reflect.NativeMethodAccessorImpl.invoke0(Native Method)
at java.base/jdk.internal.reflect.NativeMethodAccessorImpl.invoke(NativeMethodAccessorImpl.java:77)
at java.base/jdk.internal.reflect.DelegatingMethodAccessorImpl.invoke(DelegatingMethodAccessorImpl.java:43)
at java.base/java.lang.reflect.Method.invoke(Method.java:568)
at org.testng.internal.invokers.MethodInvocationHelper.invokeMethod(MethodInvocationHelper.java:139)
at org.testng.internal.invokers.TestInvoker.invokeMethod(TestInvoker.java:677)
at org.testng.internal.invokers.TestInvoker.invokeTestMethod(TestInvoker.java:221)
at org.testng.internal.invokers.MethodRunner.runInSequence(MethodRunner.java:50)
at org.testng.internal.invokers.TestInvoker$MethodInvocationAgent.invoke(TestInvoker.java:962)
at org.testng.internal.invokers.TestInvoker.invokeTestMethods(TestInvoker.java:194)
at org.testng.internal.invokers.TestMethodWorker.invokeTestMethods(TestMethodWorker.java:148)
at org.testng.internal.invokers.TestMethodWorker.run(TestMethodWorker.java:128)
at java.base/java.util.ArrayList.forEach(ArrayList.java:1511)
at org.testng.TestRunner.privateRun(TestRunner.java:806)
at org.testng.TestRunner.run(TestRunner.java:601)
at org.testng.SuiteRunner.runTest(SuiteRunner.java:433)
at org.testng.SuiteRunner$SuiteWorker.run(SuiteRunner.java:471)
at org.testng.internal.thread.ThreadUtil.lambda$execute$0(ThreadUtil.java:58)
at java.base/java.util.concurrent.FutureTask.run(FutureTask.java:264)
at java.base/java.util.concurrent.ThreadPoolExecutor.runWorker(ThreadPoolExecutor.java:1136)
at java.base/java.util.concurrent.ThreadPoolExecutor$Worker.run(ThreadPoolExecutor.java:635)
at java.base/java.lang.Thread.run(Thread.java:833)
]]>
            </full-stacktrace>
          </exception> <!-- org.openqa.selenium.NoSuchElementException -->
          <reporter-output>
          </reporter-output>
        </test-method> <!-- verifyworkerBankDetailsButton -->
        <test-method is-config="true" signature="tearDown(org.testng.ITestResult)[pri:0, instance:com.obsqura.scripts.TestClass@508dec2b]" started-at="2022-08-27T09:17:48 PDT" name="tearDown" finished-at="2022-08-27T09:17:48 PDT" duration-ms="120" status="PASS">
          <params>
            <param index="0">
              <value>
                <![CDATA[[TestResult name=verifyworkerBankDetailsButton status=FAILURE method=TestClass.verifyworkerBankDetailsButton()[pri:29, instance:com.obsqura.scripts.TestClass@508dec2b] output={null}]]]>
              </value>
            </param>
          </params>
          <reporter-output>
          </reporter-output>
        </test-method> <!-- tearDown -->
      </class> <!-- com.obsqura.scripts.TestClass -->
    </test> <!-- SanityTest -->
  </suite> <!-- Suite -->
</testng-results>
